09-08-2019 09:07:43.622 [main] INFO  ampos.restaurant.RestaurantApplication.50 - Starting RestaurantApplication on hvtho with PID 5874 (/home/hvtho/Desktop/restaurant_THO_rev4.0/restaurant/target/ampos-restaurant-1.0-SNAPSHOT.jar started by hvtho in /home/hvtho/Desktop/restaurant_THO_rev4.0/restaurant)
09-08-2019 09:07:43.628 [main] DEBUG ampos.restaurant.RestaurantApplication.53 - Running with Spring Boot v2.0.1.RELEASE, Spring v5.0.5.RELEASE
09-08-2019 09:07:43.629 [main] INFO  ampos.restaurant.RestaurantApplication.659 - No active profile set, falling back to default profiles: default
09-08-2019 09:09:35.689 [main] INFO  ampos.restaurant.RestaurantApplication.50 - Starting RestaurantApplication on hvtho with PID 5945 (/home/hvtho/Desktop/restaurant_THO_rev4.0/restaurant/target/ampos-restaurant-1.0-SNAPSHOT.jar started by hvtho in /home/hvtho/Desktop/restaurant_THO_rev4.0/restaurant)
09-08-2019 09:09:35.690 [main] DEBUG ampos.restaurant.RestaurantApplication.53 - Running with Spring Boot v2.0.1.RELEASE, Spring v5.0.5.RELEASE
09-08-2019 09:09:35.690 [main] INFO  ampos.restaurant.RestaurantApplication.659 - No active profile set, falling back to default profiles: default
09-08-2019 09:10:00.019 [main] INFO  ampos.restaurant.RestaurantApplication.50 - Starting RestaurantApplication on hvtho with PID 5994 (/home/hvtho/Desktop/restaurant_THO_rev4.0/restaurant/target/ampos-restaurant-1.0-SNAPSHOT.jar started by hvtho in /home/hvtho/Desktop/restaurant_THO_rev4.0/restaurant)
09-08-2019 09:10:00.020 [main] DEBUG ampos.restaurant.RestaurantApplication.53 - Running with Spring Boot v2.0.1.RELEASE, Spring v5.0.5.RELEASE
09-08-2019 09:10:00.021 [main] INFO  ampos.restaurant.RestaurantApplication.659 - No active profile set, falling back to default profiles: default
09-08-2019 09:11:25.366 [main] INFO  ampos.restaurant.RestaurantApplication.50 - Starting RestaurantApplication on hvtho with PID 6264 (/home/hvtho/Desktop/restaurant_THO_rev4.0/restaurant/target/classes started by hvtho in /home/hvtho/Desktop/restaurant_THO_rev4.0/restaurant)
09-08-2019 09:11:25.368 [main] DEBUG ampos.restaurant.RestaurantApplication.53 - Running with Spring Boot v2.0.1.RELEASE, Spring v5.0.5.RELEASE
09-08-2019 09:11:25.369 [main] INFO  ampos.restaurant.RestaurantApplication.659 - No active profile set, falling back to default profiles: default
09-08-2019 09:11:50.659 [main] INFO  ampos.restaurant.RestaurantApplication.50 - Starting RestaurantApplication on hvtho with PID 6346 (/home/hvtho/Desktop/restaurant_THO_rev4.0/restaurant/target/classes started by hvtho in /home/hvtho/Desktop/restaurant_THO_rev4.0/restaurant)
09-08-2019 09:11:50.659 [main] DEBUG ampos.restaurant.RestaurantApplication.53 - Running with Spring Boot v2.0.1.RELEASE, Spring v5.0.5.RELEASE
09-08-2019 09:11:50.660 [main] INFO  ampos.restaurant.RestaurantApplication.659 - No active profile set, falling back to default profiles: default
09-08-2019 09:13:12.811 [main] INFO  ampos.restaurant.RestaurantApplication.50 - Starting RestaurantApplication on hvtho with PID 7354 (/home/hvtho/Desktop/restaurant_THO_rev4.0/restaurant/target/classes started by hvtho in /home/hvtho/Desktop/restaurant_THO_rev4.0/restaurant)
09-08-2019 09:13:12.812 [main] DEBUG ampos.restaurant.RestaurantApplication.53 - Running with Spring Boot v2.0.1.RELEASE, Spring v5.0.5.RELEASE
09-08-2019 09:13:12.813 [main] INFO  ampos.restaurant.RestaurantApplication.659 - No active profile set, falling back to default profiles: default
09-08-2019 09:30:07.197 [main] INFO  ampos.restaurant.RestaurantApplication.50 - Starting RestaurantApplication on hvtho with PID 20616 (/home/hvtho/Desktop/restaurant_THO_rev4.0/restaurant/target/classes started by hvtho in /home/hvtho/Desktop/restaurant_THO_rev4.0/restaurant)
09-08-2019 09:30:07.199 [main] DEBUG ampos.restaurant.RestaurantApplication.53 - Running with Spring Boot v2.0.1.RELEASE, Spring v5.0.5.RELEASE
09-08-2019 09:30:07.200 [main] INFO  ampos.restaurant.RestaurantApplication.659 - No active profile set, falling back to default profiles: default
09-08-2019 09:30:24.898 [main] INFO  ampos.restaurant.RestaurantApplication.50 - Starting RestaurantApplication on hvtho with PID 20710 (/home/hvtho/Desktop/restaurant_THO_rev4.0/restaurant/target/classes started by hvtho in /home/hvtho/Desktop/restaurant_THO_rev4.0/restaurant)
09-08-2019 09:30:24.901 [main] DEBUG ampos.restaurant.RestaurantApplication.53 - Running with Spring Boot v2.0.1.RELEASE, Spring v5.0.5.RELEASE
09-08-2019 09:30:24.902 [main] INFO  ampos.restaurant.RestaurantApplication.659 - No active profile set, falling back to default profiles: default
09-08-2019 09:30:53.725 [main] INFO  ampos.restaurant.RestaurantApplication.50 - Starting RestaurantApplication on hvtho with PID 20788 (/home/hvtho/Desktop/restaurant_THO_rev4.0/restaurant/target/classes started by hvtho in /home/hvtho/Desktop/restaurant_THO_rev4.0/restaurant)
09-08-2019 09:30:53.726 [main] DEBUG ampos.restaurant.RestaurantApplication.53 - Running with Spring Boot v2.0.1.RELEASE, Spring v5.0.5.RELEASE
09-08-2019 09:30:53.727 [main] INFO  ampos.restaurant.RestaurantApplication.659 - No active profile set, falling back to default profiles: default
09-08-2019 09:32:12.767 [main] INFO  ampos.restaurant.RestaurantApplication.50 - Starting RestaurantApplication on hvtho with PID 20916 (/home/hvtho/Desktop/restaurant_THO_rev4.0/restaurant/target/classes started by hvtho in /home/hvtho/Desktop/restaurant_THO_rev4.0/restaurant)
09-08-2019 09:32:12.769 [main] DEBUG ampos.restaurant.RestaurantApplication.53 - Running with Spring Boot v2.0.1.RELEASE, Spring v5.0.5.RELEASE
09-08-2019 09:32:12.771 [main] INFO  ampos.restaurant.RestaurantApplication.659 - No active profile set, falling back to default profiles: default
09-08-2019 09:34:25.889 [main] INFO  ampos.restaurant.RestaurantApplication.50 - Starting RestaurantApplication on hvtho with PID 21092 (/home/hvtho/Desktop/restaurant_THO_rev4.0/restaurant/target/classes started by hvtho in /home/hvtho/Desktop/restaurant_THO_rev4.0/restaurant)
09-08-2019 09:34:25.889 [main] DEBUG ampos.restaurant.RestaurantApplication.53 - Running with Spring Boot v2.0.1.RELEASE, Spring v5.0.5.RELEASE
09-08-2019 09:34:25.890 [main] INFO  ampos.restaurant.RestaurantApplication.659 - No active profile set, falling back to default profiles: default
09-08-2019 09:35:12.832 [main] INFO  ampos.restaurant.RestaurantApplication.50 - Starting RestaurantApplication on hvtho with PID 21203 (/home/hvtho/Desktop/restaurant_THO_rev4.0/restaurant/target/ampos-restaurant-1.0-SNAPSHOT.jar started by hvtho in /home/hvtho/Desktop/restaurant_THO_rev4.0/restaurant)
09-08-2019 09:35:12.832 [main] DEBUG ampos.restaurant.RestaurantApplication.53 - Running with Spring Boot v2.0.1.RELEASE, Spring v5.0.5.RELEASE
09-08-2019 09:35:12.833 [main] INFO  ampos.restaurant.RestaurantApplication.659 - No active profile set, falling back to default profiles: default
09-08-2019 09:35:25.509 [main] INFO  ampos.restaurant.RestaurantApplication.50 - Starting RestaurantApplication on hvtho with PID 21271 (/home/hvtho/Desktop/restaurant_THO_rev4.0/restaurant/target/classes started by hvtho in /home/hvtho/Desktop/restaurant_THO_rev4.0/restaurant)
09-08-2019 09:35:25.510 [main] DEBUG ampos.restaurant.RestaurantApplication.53 - Running with Spring Boot v2.0.1.RELEASE, Spring v5.0.5.RELEASE
09-08-2019 09:35:25.511 [main] INFO  ampos.restaurant.RestaurantApplication.659 - No active profile set, falling back to default profiles: default
09-08-2019 09:36:33.086 [main] INFO  ampos.restaurant.RestaurantApplication.50 - Starting RestaurantApplication on hvtho with PID 21373 (/home/hvtho/Desktop/restaurant_THO_rev4.0/restaurant/target/classes started by hvtho in /home/hvtho/Desktop/restaurant_THO_rev4.0/restaurant)
09-08-2019 09:36:33.086 [main] DEBUG ampos.restaurant.RestaurantApplication.53 - Running with Spring Boot v2.0.1.RELEASE, Spring v5.0.5.RELEASE
09-08-2019 09:36:33.087 [main] INFO  ampos.restaurant.RestaurantApplication.659 - No active profile set, falling back to default profiles: default
09-08-2019 09:36:57.496 [main] INFO  ampos.restaurant.RestaurantApplication.50 - Starting RestaurantApplication on hvtho with PID 21447 (/home/hvtho/Desktop/restaurant_THO_rev4.0/restaurant/target/classes started by hvtho in /home/hvtho/Desktop/restaurant_THO_rev4.0/restaurant)
09-08-2019 09:36:57.496 [main] DEBUG ampos.restaurant.RestaurantApplication.53 - Running with Spring Boot v2.0.1.RELEASE, Spring v5.0.5.RELEASE
09-08-2019 09:36:57.497 [main] INFO  ampos.restaurant.RestaurantApplication.659 - No active profile set, falling back to default profiles: default
09-08-2019 09:40:25.993 [main] INFO  ampos.restaurant.RestaurantApplication.50 - Starting RestaurantApplication on hvtho with PID 21903 (/home/hvtho/Desktop/restaurant_THO_rev4.0/restaurant/target/classes started by hvtho in /home/hvtho/Desktop/restaurant_THO_rev4.0/restaurant)
09-08-2019 09:40:25.993 [main] DEBUG ampos.restaurant.RestaurantApplication.53 - Running with Spring Boot v2.0.1.RELEASE, Spring v5.0.5.RELEASE
09-08-2019 09:40:25.995 [main] INFO  ampos.restaurant.RestaurantApplication.659 - No active profile set, falling back to default profiles: default
09-08-2019 09:42:34.416 [main] INFO  ampos.restaurant.RestaurantApplication.50 - Starting RestaurantApplication on hvtho with PID 22102 (/home/hvtho/Desktop/restaurant_THO_rev4.0/restaurant/target/classes started by hvtho in /home/hvtho/Desktop/restaurant_THO_rev4.0/restaurant)
09-08-2019 09:42:34.416 [main] DEBUG ampos.restaurant.RestaurantApplication.53 - Running with Spring Boot v2.0.1.RELEASE, Spring v5.0.5.RELEASE
09-08-2019 09:42:34.417 [main] INFO  ampos.restaurant.RestaurantApplication.659 - No active profile set, falling back to default profiles: default
09-08-2019 09:45:53.242 [main] INFO  ampos.restaurant.web.rest.MenuMgmtControllerTestCase.50 - Starting MenuMgmtControllerTestCase on hvtho with PID 22342 (started by hvtho in /home/hvtho/Desktop/restaurant_THO_rev4.0/restaurant)
09-08-2019 09:45:53.243 [main] DEBUG ampos.restaurant.web.rest.MenuMgmtControllerTestCase.53 - Running with Spring Boot v2.0.1.RELEASE, Spring v5.0.5.RELEASE
09-08-2019 09:45:53.243 [main] INFO  ampos.restaurant.web.rest.MenuMgmtControllerTestCase.663 - The following profiles are active: test
09-08-2019 09:45:56.435 [main] INFO  ampos.restaurant.web.rest.MenuMgmtControllerTestCase.50 - Starting MenuMgmtControllerTestCase on hvtho with PID 22342 (started by hvtho in /home/hvtho/Desktop/restaurant_THO_rev4.0/restaurant)
09-08-2019 09:45:56.435 [main] DEBUG ampos.restaurant.web.rest.MenuMgmtControllerTestCase.53 - Running with Spring Boot v2.0.1.RELEASE, Spring v5.0.5.RELEASE
09-08-2019 09:45:56.435 [main] INFO  ampos.restaurant.web.rest.MenuMgmtControllerTestCase.663 - The following profiles are active: test
09-08-2019 09:48:29.654 [main] INFO  ampos.restaurant.RestaurantApplication.50 - Starting RestaurantApplication on hvtho with PID 22528 (/home/hvtho/Desktop/restaurant_THO_rev4.0/restaurant/target/classes started by hvtho in /home/hvtho/Desktop/restaurant_THO_rev4.0/restaurant)
09-08-2019 09:48:29.654 [main] DEBUG ampos.restaurant.RestaurantApplication.53 - Running with Spring Boot v2.0.1.RELEASE, Spring v5.0.5.RELEASE
09-08-2019 09:48:29.655 [main] INFO  ampos.restaurant.RestaurantApplication.659 - No active profile set, falling back to default profiles: default
09-08-2019 09:49:34.031 [main] INFO  ampos.restaurant.RestaurantApplication.50 - Starting RestaurantApplication on hvtho with PID 22668 (/home/hvtho/Desktop/restaurant_THO_rev4.0/restaurant/target/classes started by hvtho in /home/hvtho/Desktop/restaurant_THO_rev4.0/restaurant)
09-08-2019 09:49:34.032 [main] DEBUG ampos.restaurant.RestaurantApplication.53 - Running with Spring Boot v2.0.1.RELEASE, Spring v5.0.5.RELEASE
09-08-2019 09:49:34.033 [main] INFO  ampos.restaurant.RestaurantApplication.659 - No active profile set, falling back to default profiles: default
09-08-2019 09:51:37.373 [main] INFO  ampos.restaurant.RestaurantApplication.50 - Starting RestaurantApplication on hvtho with PID 22741 (/home/hvtho/Desktop/restaurant_THO_rev4.0/restaurant/target/classes started by hvtho in /home/hvtho/Desktop/restaurant_THO_rev4.0/restaurant)
09-08-2019 09:51:37.373 [main] DEBUG ampos.restaurant.RestaurantApplication.53 - Running with Spring Boot v2.0.1.RELEASE, Spring v5.0.5.RELEASE
09-08-2019 09:51:37.373 [main] INFO  ampos.restaurant.RestaurantApplication.659 - No active profile set, falling back to default profiles: default
09-08-2019 09:53:46.872 [main] INFO  ampos.restaurant.RestaurantApplication.50 - Starting RestaurantApplication on hvtho with PID 22845 (/home/hvtho/Desktop/restaurant_THO_rev4.0/restaurant/target/classes started by hvtho in /home/hvtho/Desktop/restaurant_THO_rev4.0/restaurant)
09-08-2019 09:53:46.872 [main] DEBUG ampos.restaurant.RestaurantApplication.53 - Running with Spring Boot v2.0.1.RELEASE, Spring v5.0.5.RELEASE
09-08-2019 09:53:46.873 [main] INFO  ampos.restaurant.RestaurantApplication.659 - No active profile set, falling back to default profiles: default
09-08-2019 09:54:58.194 [main] INFO  ampos.restaurant.RestaurantApplication.50 - Starting RestaurantApplication on hvtho with PID 23087 (/home/hvtho/Desktop/restaurant_THO_rev4.0/restaurant/target/classes started by hvtho in /home/hvtho/Desktop/restaurant_THO_rev4.0/restaurant)
09-08-2019 09:54:58.195 [main] DEBUG ampos.restaurant.RestaurantApplication.53 - Running with Spring Boot v2.0.1.RELEASE, Spring v5.0.5.RELEASE
09-08-2019 09:54:58.196 [main] INFO  ampos.restaurant.RestaurantApplication.659 - No active profile set, falling back to default profiles: default
09-08-2019 09:55:50.423 [main] INFO  ampos.restaurant.RestaurantApplication.50 - Starting RestaurantApplication on hvtho with PID 23236 (/home/hvtho/Desktop/restaurant_THO_rev4.0/restaurant/target/ampos-restaurant-1.0-SNAPSHOT.jar started by hvtho in /home/hvtho/Desktop/restaurant_THO_rev4.0/restaurant)
09-08-2019 09:55:50.423 [main] DEBUG ampos.restaurant.RestaurantApplication.53 - Running with Spring Boot v2.0.1.RELEASE, Spring v5.0.5.RELEASE
09-08-2019 09:55:50.424 [main] INFO  ampos.restaurant.RestaurantApplication.659 - No active profile set, falling back to default profiles: default
09-08-2019 09:56:03.270 [main] INFO  ampos.restaurant.RestaurantApplication.50 - Starting RestaurantApplication on hvtho with PID 23265 (/home/hvtho/Desktop/restaurant_THO_rev4.0/restaurant/target/classes started by hvtho in /home/hvtho/Desktop/restaurant_THO_rev4.0/restaurant)
09-08-2019 09:56:03.271 [main] DEBUG ampos.restaurant.RestaurantApplication.53 - Running with Spring Boot v2.0.1.RELEASE, Spring v5.0.5.RELEASE
09-08-2019 09:56:03.271 [main] INFO  ampos.restaurant.RestaurantApplication.659 - No active profile set, falling back to default profiles: default
09-08-2019 09:59:48.715 [main] INFO  ampos.restaurant.RestaurantApplication.50 - Starting RestaurantApplication on hvtho with PID 23636 (/home/hvtho/Desktop/restaurant_THO_rev4.0/restaurant/target/classes started by hvtho in /home/hvtho/Desktop/restaurant_THO_rev4.0/restaurant)
09-08-2019 09:59:48.718 [main] DEBUG ampos.restaurant.RestaurantApplication.53 - Running with Spring Boot v2.0.1.RELEASE, Spring v5.0.5.RELEASE
09-08-2019 09:59:48.719 [main] INFO  ampos.restaurant.RestaurantApplication.659 - No active profile set, falling back to default profiles: default
09-08-2019 10:08:12.182 [main] INFO  ampos.restaurant.RestaurantApplication.50 - Starting RestaurantApplication on hvtho with PID 24080 (/home/hvtho/Desktop/restaurant_THO_rev4.0/restaurant/target/classes started by hvtho in /home/hvtho/Desktop/restaurant_THO_rev4.0/restaurant)
09-08-2019 10:08:12.182 [main] DEBUG ampos.restaurant.RestaurantApplication.53 - Running with Spring Boot v2.0.1.RELEASE, Spring v5.0.5.RELEASE
09-08-2019 10:08:12.183 [main] INFO  ampos.restaurant.RestaurantApplication.659 - No active profile set, falling back to default profiles: default
09-08-2019 10:24:07.033 [main] INFO  ampos.restaurant.RestaurantApplication.50 - Starting RestaurantApplication on hvtho with PID 25490 (/home/hvtho/Desktop/restaurant_THO_rev4.0/restaurant/target/classes started by hvtho in /home/hvtho/Desktop/restaurant_THO_rev4.0/restaurant)
09-08-2019 10:24:07.033 [main] DEBUG ampos.restaurant.RestaurantApplication.53 - Running with Spring Boot v2.0.1.RELEASE, Spring v5.0.5.RELEASE
09-08-2019 10:24:07.034 [main] INFO  ampos.restaurant.RestaurantApplication.659 - No active profile set, falling back to default profiles: default
09-08-2019 10:24:11.955 [main] INFO  ampos.restaurant.RestaurantApplication.59 - Started RestaurantApplication in 5.227 seconds (JVM running for 8.819)
