05-08-2019 09:29:39.877 [main] INFO  ampos.restaurant.RestaurantApplication.48 - Starting RestaurantApplication on ubuntu19 with PID 14256 (/home/ubuntu19/Desktop/AMOP/restaurant/restaurant/target/classes started by ubuntu19 in /home/ubuntu19/Desktop/AMOP/restaurant/restaurant)
05-08-2019 09:29:39.890 [main] DEBUG ampos.restaurant.RestaurantApplication.51 - Running with Spring Boot v1.5.9.RELEASE, Spring v4.3.13.RELEASE
05-08-2019 09:29:39.890 [main] INFO  ampos.restaurant.RestaurantApplication.593 - No active profile set, falling back to default profiles: default
05-08-2019 09:29:43.487 [main] INFO  ampos.restaurant.domain.mapper.DefaultClassMapper.24 - Registering all class mapppers ...
05-08-2019 09:29:44.404 [main] INFO  ampos.restaurant.RestaurantApplication.57 - Started RestaurantApplication in 4.781 seconds (JVM running for 5.388)
05-08-2019 09:30:09.259 [http-nio-9080-exec-1] DEBUG MenuMgmtController.90 - Getting list menu menuItems....
05-08-2019 09:30:25.170 [http-nio-9080-exec-2] DEBUG MenuMgmtController.75 - Getting menu menuItem....
05-08-2019 09:40:11.890 [main] INFO  ampos.restaurant.RestaurantApplication.48 - Starting RestaurantApplication on ubuntu19 with PID 17689 (/home/ubuntu19/Desktop/AMOP/restaurant/restaurant/target/classes started by ubuntu19 in /home/ubuntu19/Desktop/AMOP/restaurant/restaurant)
05-08-2019 09:40:11.891 [main] DEBUG ampos.restaurant.RestaurantApplication.51 - Running with Spring Boot v1.5.9.RELEASE, Spring v4.3.13.RELEASE
05-08-2019 09:40:11.891 [main] INFO  ampos.restaurant.RestaurantApplication.593 - No active profile set, falling back to default profiles: default
05-08-2019 09:40:15.127 [main] INFO  ampos.restaurant.domain.mapper.DefaultClassMapper.24 - Registering all class mapppers ...
05-08-2019 09:40:15.790 [main] INFO  ampos.restaurant.RestaurantApplication.57 - Started RestaurantApplication in 4.101 seconds (JVM running for 4.571)
05-08-2019 09:59:22.943 [main] INFO  ampos.restaurant.RestaurantApplication.48 - Starting RestaurantApplication on ubuntu19 with PID 22102 (/home/ubuntu19/Desktop/AMOP/restaurant/restaurant/target/classes started by ubuntu19 in /home/ubuntu19/Desktop/AMOP/restaurant/restaurant)
05-08-2019 09:59:22.944 [main] DEBUG ampos.restaurant.RestaurantApplication.51 - Running with Spring Boot v1.5.9.RELEASE, Spring v4.3.13.RELEASE
05-08-2019 09:59:22.944 [main] INFO  ampos.restaurant.RestaurantApplication.593 - No active profile set, falling back to default profiles: default
05-08-2019 09:59:25.800 [main] INFO  ampos.restaurant.domain.mapper.DefaultClassMapper.24 - Registering all class mapppers ...
05-08-2019 09:59:26.561 [main] INFO  ampos.restaurant.RestaurantApplication.57 - Started RestaurantApplication in 3.811 seconds (JVM running for 4.311)
05-08-2019 09:59:56.784 [main] INFO  ampos.restaurant.RestaurantApplication.48 - Starting RestaurantApplication on ubuntu19 with PID 22278 (/home/ubuntu19/Desktop/AMOP/restaurant/restaurant/target/classes started by ubuntu19 in /home/ubuntu19/Desktop/AMOP/restaurant/restaurant)
05-08-2019 09:59:56.786 [main] DEBUG ampos.restaurant.RestaurantApplication.51 - Running with Spring Boot v1.5.9.RELEASE, Spring v4.3.13.RELEASE
05-08-2019 09:59:56.786 [main] INFO  ampos.restaurant.RestaurantApplication.593 - No active profile set, falling back to default profiles: default
05-08-2019 09:59:59.705 [main] INFO  ampos.restaurant.domain.mapper.DefaultClassMapper.24 - Registering all class mapppers ...
05-08-2019 10:00:00.464 [main] INFO  ampos.restaurant.RestaurantApplication.57 - Started RestaurantApplication in 3.877 seconds (JVM running for 4.351)
05-08-2019 11:09:00.471 [main] INFO  ampos.restaurant.ws.TestA.48 - Starting TestA on ubuntu19 with PID 9341 (started by ubuntu19 in /home/ubuntu19/Desktop/AMOP/restaurant/restaurant)
05-08-2019 11:09:00.472 [main] DEBUG ampos.restaurant.ws.TestA.51 - Running with Spring Boot v1.5.9.RELEASE, Spring v4.3.13.RELEASE
05-08-2019 11:09:00.472 [main] INFO  ampos.restaurant.ws.TestA.597 - The following profiles are active: test
05-08-2019 11:10:33.055 [main] INFO  ampos.restaurant.ws.TestA.48 - Starting TestA on ubuntu19 with PID 10306 (started by ubuntu19 in /home/ubuntu19/Desktop/AMOP/restaurant/restaurant)
05-08-2019 11:10:33.055 [main] DEBUG ampos.restaurant.ws.TestA.51 - Running with Spring Boot v1.5.9.RELEASE, Spring v4.3.13.RELEASE
05-08-2019 11:10:33.055 [main] INFO  ampos.restaurant.ws.TestA.597 - The following profiles are active: test
05-08-2019 11:11:42.730 [main] INFO  ampos.restaurant.TestA.48 - Starting TestA on ubuntu19 with PID 10482 (started by ubuntu19 in /home/ubuntu19/Desktop/AMOP/restaurant/restaurant)
05-08-2019 11:11:42.731 [main] DEBUG ampos.restaurant.TestA.51 - Running with Spring Boot v1.5.9.RELEASE, Spring v4.3.13.RELEASE
05-08-2019 11:11:42.731 [main] INFO  ampos.restaurant.TestA.597 - The following profiles are active: test
05-08-2019 11:12:34.466 [main] INFO  ampos.restaurant.TestA.48 - Starting TestA on ubuntu19 with PID 10621 (started by ubuntu19 in /home/ubuntu19/Desktop/AMOP/restaurant/restaurant)
05-08-2019 11:12:34.466 [main] DEBUG ampos.restaurant.TestA.51 - Running with Spring Boot v1.5.9.RELEASE, Spring v4.3.13.RELEASE
05-08-2019 11:12:34.467 [main] INFO  ampos.restaurant.TestA.597 - The following profiles are active: test
05-08-2019 11:12:38.265 [main] INFO  ampos.restaurant.domain.mapper.DefaultClassMapper.24 - Registering all class mapppers ...
05-08-2019 11:12:39.507 [main] INFO  ampos.restaurant.TestA.57 - Started TestA in 5.292 seconds (JVM running for 6.179)
05-08-2019 11:21:19.555 [main] INFO  ampos.restaurant.TestA.48 - Starting TestA on ubuntu19 with PID 13086 (started by ubuntu19 in /home/ubuntu19/Desktop/AMOP/restaurant/restaurant)
05-08-2019 11:21:19.555 [main] DEBUG ampos.restaurant.TestA.51 - Running with Spring Boot v1.5.9.RELEASE, Spring v4.3.13.RELEASE
05-08-2019 11:21:19.556 [main] INFO  ampos.restaurant.TestA.597 - The following profiles are active: test
05-08-2019 11:21:23.592 [main] INFO  ampos.restaurant.domain.mapper.DefaultClassMapper.24 - Registering all class mapppers ...
05-08-2019 11:21:25.160 [main] INFO  ampos.restaurant.TestA.57 - Started TestA in 5.872 seconds (JVM running for 6.812)
05-08-2019 11:21:36.090 [main] INFO  ampos.restaurant.TestA.48 - Starting TestA on ubuntu19 with PID 13152 (started by ubuntu19 in /home/ubuntu19/Desktop/AMOP/restaurant/restaurant)
05-08-2019 11:21:36.090 [main] DEBUG ampos.restaurant.TestA.51 - Running with Spring Boot v1.5.9.RELEASE, Spring v4.3.13.RELEASE
05-08-2019 11:21:36.090 [main] INFO  ampos.restaurant.TestA.597 - The following profiles are active: test
05-08-2019 11:21:40.001 [main] INFO  ampos.restaurant.domain.mapper.DefaultClassMapper.24 - Registering all class mapppers ...
05-08-2019 11:21:41.616 [main] INFO  ampos.restaurant.TestA.57 - Started TestA in 5.792 seconds (JVM running for 6.743)
05-08-2019 11:22:04.810 [main] INFO  ampos.restaurant.TestA.48 - Starting TestA on ubuntu19 with PID 13291 (started by ubuntu19 in /home/ubuntu19/Desktop/AMOP/restaurant/restaurant)
05-08-2019 11:22:04.810 [main] DEBUG ampos.restaurant.TestA.51 - Running with Spring Boot v1.5.9.RELEASE, Spring v4.3.13.RELEASE
05-08-2019 11:22:04.810 [main] INFO  ampos.restaurant.TestA.597 - The following profiles are active: test
05-08-2019 11:22:08.244 [main] INFO  ampos.restaurant.domain.mapper.DefaultClassMapper.24 - Registering all class mapppers ...
05-08-2019 11:22:09.753 [main] INFO  ampos.restaurant.TestA.57 - Started TestA in 5.212 seconds (JVM running for 6.119)
05-08-2019 11:24:52.526 [main] INFO  ampos.restaurant.TestA.48 - Starting TestA on ubuntu19 with PID 13708 (started by ubuntu19 in /home/ubuntu19/Desktop/AMOP/restaurant/restaurant)
05-08-2019 11:24:52.527 [main] DEBUG ampos.restaurant.TestA.51 - Running with Spring Boot v1.5.9.RELEASE, Spring v4.3.13.RELEASE
05-08-2019 11:24:52.527 [main] INFO  ampos.restaurant.TestA.597 - The following profiles are active: test
05-08-2019 11:24:56.264 [main] INFO  ampos.restaurant.domain.mapper.DefaultClassMapper.24 - Registering all class mapppers ...
05-08-2019 11:24:57.439 [main] INFO  ampos.restaurant.TestA.57 - Started TestA in 5.175 seconds (JVM running for 6.085)
05-08-2019 11:27:38.030 [main] INFO  ampos.restaurant.TestA.48 - Starting TestA on ubuntu19 with PID 14930 (started by ubuntu19 in /home/ubuntu19/Desktop/AMOP/restaurant/restaurant)
05-08-2019 11:27:38.030 [main] DEBUG ampos.restaurant.TestA.51 - Running with Spring Boot v1.5.9.RELEASE, Spring v4.3.13.RELEASE
05-08-2019 11:27:38.030 [main] INFO  ampos.restaurant.TestA.597 - The following profiles are active: test
05-08-2019 11:27:41.844 [main] INFO  ampos.restaurant.domain.mapper.DefaultClassMapper.24 - Registering all class mapppers ...
05-08-2019 11:27:42.989 [main] INFO  ampos.restaurant.TestA.57 - Started TestA in 5.276 seconds (JVM running for 6.174)
05-08-2019 11:31:00.976 [main] INFO  ampos.restaurant.TestA.48 - Starting TestA on ubuntu19 with PID 16302 (started by ubuntu19 in /home/ubuntu19/Desktop/AMOP/restaurant/restaurant)
05-08-2019 11:31:00.976 [main] DEBUG ampos.restaurant.TestA.51 - Running with Spring Boot v1.5.9.RELEASE, Spring v4.3.13.RELEASE
05-08-2019 11:31:00.977 [main] INFO  ampos.restaurant.TestA.597 - The following profiles are active: test
05-08-2019 11:31:07.670 [main] INFO  ampos.restaurant.domain.mapper.DefaultClassMapper.24 - Registering all class mapppers ...
05-08-2019 11:31:08.978 [main] INFO  ampos.restaurant.TestA.57 - Started TestA in 8.413 seconds (JVM running for 9.694)
05-08-2019 11:31:37.461 [http-nio-9080-exec-1] DEBUG MenuMgmtController.69 - Getting menu menuItem....
05-08-2019 11:34:16.052 [main] INFO  ampos.restaurant.TestA.48 - Starting TestA on ubuntu19 with PID 16866 (started by ubuntu19 in /home/ubuntu19/Desktop/AMOP/restaurant/restaurant)
05-08-2019 11:34:16.053 [main] DEBUG ampos.restaurant.TestA.51 - Running with Spring Boot v1.5.9.RELEASE, Spring v4.3.13.RELEASE
05-08-2019 11:34:16.053 [main] INFO  ampos.restaurant.TestA.597 - The following profiles are active: test
05-08-2019 11:34:21.553 [main] INFO  ampos.restaurant.domain.mapper.DefaultClassMapper.24 - Registering all class mapppers ...
05-08-2019 11:34:22.513 [main] INFO  ampos.restaurant.TestA.57 - Started TestA in 6.762 seconds (JVM running for 7.773)
05-08-2019 11:34:42.365 [http-nio-9080-exec-1] DEBUG MenuMgmtController.69 - Getting menu menuItem....
05-08-2019 13:10:23.914 [main] INFO  MenuMgmtController.48 - Starting MenuMgmtController on ubuntu19 with PID 10195 (started by ubuntu19 in /home/ubuntu19/Desktop/AMOP/restaurant/restaurant)
05-08-2019 13:10:23.915 [main] DEBUG MenuMgmtController.51 - Running with Spring Boot v1.5.9.RELEASE, Spring v4.3.13.RELEASE
05-08-2019 13:10:23.915 [main] INFO  MenuMgmtController.597 - The following profiles are active: test
05-08-2019 13:10:28.639 [main] INFO  ampos.restaurant.domain.mapper.DefaultClassMapper.24 - Registering all class mapppers ...
05-08-2019 13:10:29.571 [main] INFO  MenuMgmtController.57 - Started MenuMgmtController in 5.912 seconds (JVM running for 6.992)
05-08-2019 13:10:32.726 [main] INFO  MenuMgmtController.48 - Starting MenuMgmtController on ubuntu19 with PID 10195 (started by ubuntu19 in /home/ubuntu19/Desktop/AMOP/restaurant/restaurant)
05-08-2019 13:10:32.726 [main] DEBUG MenuMgmtController.51 - Running with Spring Boot v1.5.9.RELEASE, Spring v4.3.13.RELEASE
05-08-2019 13:10:32.727 [main] INFO  MenuMgmtController.597 - The following profiles are active: test
05-08-2019 13:10:34.591 [main] INFO  ampos.restaurant.domain.mapper.DefaultClassMapper.24 - Registering all class mapppers ...
05-08-2019 13:10:35.222 [main] INFO  MenuMgmtController.57 - Started MenuMgmtController in 2.614 seconds (JVM running for 12.642)
05-08-2019 13:11:44.884 [main] INFO  MenuMgmtController.48 - Starting MenuMgmtController on ubuntu19 with PID 10509 (started by ubuntu19 in /home/ubuntu19/Desktop/AMOP/restaurant/restaurant)
05-08-2019 13:11:44.885 [main] DEBUG MenuMgmtController.51 - Running with Spring Boot v1.5.9.RELEASE, Spring v4.3.13.RELEASE
05-08-2019 13:11:44.885 [main] INFO  MenuMgmtController.597 - The following profiles are active: test
05-08-2019 13:11:50.723 [main] INFO  ampos.restaurant.domain.mapper.DefaultClassMapper.24 - Registering all class mapppers ...
05-08-2019 13:11:51.591 [main] INFO  MenuMgmtController.57 - Started MenuMgmtController in 7.024 seconds (JVM running for 8.091)
05-08-2019 13:11:54.708 [main] INFO  MenuMgmtController.48 - Starting MenuMgmtController on ubuntu19 with PID 10509 (started by ubuntu19 in /home/ubuntu19/Desktop/AMOP/restaurant/restaurant)
05-08-2019 13:11:54.708 [main] DEBUG MenuMgmtController.51 - Running with Spring Boot v1.5.9.RELEASE, Spring v4.3.13.RELEASE
05-08-2019 13:11:54.708 [main] INFO  MenuMgmtController.597 - The following profiles are active: test
05-08-2019 13:11:56.489 [main] INFO  ampos.restaurant.domain.mapper.DefaultClassMapper.24 - Registering all class mapppers ...
05-08-2019 13:11:57.016 [main] INFO  MenuMgmtController.57 - Started MenuMgmtController in 2.387 seconds (JVM running for 13.516)
05-08-2019 13:13:39.864 [main] INFO  MenuMgmtController.48 - Starting MenuMgmtController on ubuntu19 with PID 10880 (started by ubuntu19 in /home/ubuntu19/Desktop/AMOP/restaurant/restaurant)
05-08-2019 13:13:39.864 [main] DEBUG MenuMgmtController.51 - Running with Spring Boot v1.5.9.RELEASE, Spring v4.3.13.RELEASE
05-08-2019 13:13:39.865 [main] INFO  MenuMgmtController.597 - The following profiles are active: test
05-08-2019 13:13:44.765 [main] INFO  ampos.restaurant.domain.mapper.DefaultClassMapper.24 - Registering all class mapppers ...
05-08-2019 13:13:46.212 [main] INFO  MenuMgmtController.57 - Started MenuMgmtController in 6.619 seconds (JVM running for 7.706)
05-08-2019 13:13:49.380 [main] INFO  MenuMgmtController.48 - Starting MenuMgmtController on ubuntu19 with PID 10880 (started by ubuntu19 in /home/ubuntu19/Desktop/AMOP/restaurant/restaurant)
05-08-2019 13:13:49.380 [main] DEBUG MenuMgmtController.51 - Running with Spring Boot v1.5.9.RELEASE, Spring v4.3.13.RELEASE
05-08-2019 13:13:49.380 [main] INFO  MenuMgmtController.597 - The following profiles are active: test
05-08-2019 13:13:51.451 [main] INFO  ampos.restaurant.domain.mapper.DefaultClassMapper.24 - Registering all class mapppers ...
05-08-2019 13:13:51.951 [main] INFO  MenuMgmtController.57 - Started MenuMgmtController in 2.696 seconds (JVM running for 13.445)
05-08-2019 13:17:32.125 [main] INFO  MenuMgmtController.48 - Starting MenuMgmtController on ubuntu19 with PID 12377 (started by ubuntu19 in /home/ubuntu19/Desktop/AMOP/restaurant/restaurant)
05-08-2019 13:17:32.125 [main] DEBUG MenuMgmtController.51 - Running with Spring Boot v1.5.9.RELEASE, Spring v4.3.13.RELEASE
05-08-2019 13:17:32.125 [main] INFO  MenuMgmtController.597 - The following profiles are active: test
05-08-2019 13:17:38.821 [main] INFO  ampos.restaurant.domain.mapper.DefaultClassMapper.24 - Registering all class mapppers ...
05-08-2019 13:17:39.931 [main] INFO  MenuMgmtController.57 - Started MenuMgmtController in 8.277 seconds (JVM running for 9.424)
05-08-2019 13:17:43.033 [main] INFO  MenuMgmtController.48 - Starting MenuMgmtController on ubuntu19 with PID 12377 (started by ubuntu19 in /home/ubuntu19/Desktop/AMOP/restaurant/restaurant)
05-08-2019 13:17:43.033 [main] DEBUG MenuMgmtController.51 - Running with Spring Boot v1.5.9.RELEASE, Spring v4.3.13.RELEASE
05-08-2019 13:17:43.033 [main] INFO  MenuMgmtController.597 - The following profiles are active: test
05-08-2019 13:17:44.481 [main] INFO  ampos.restaurant.domain.mapper.DefaultClassMapper.24 - Registering all class mapppers ...
05-08-2019 13:17:45.021 [main] INFO  MenuMgmtController.57 - Started MenuMgmtController in 2.041 seconds (JVM running for 14.514)
05-08-2019 13:21:00.975 [main] INFO  MenuMgmtController.48 - Starting MenuMgmtController on ubuntu19 with PID 13679 (started by ubuntu19 in /home/ubuntu19/Desktop/AMOP/restaurant/restaurant)
05-08-2019 13:21:00.975 [main] DEBUG MenuMgmtController.51 - Running with Spring Boot v1.5.9.RELEASE, Spring v4.3.13.RELEASE
05-08-2019 13:21:00.976 [main] INFO  MenuMgmtController.597 - The following profiles are active: test
05-08-2019 13:21:06.814 [main] INFO  ampos.restaurant.domain.mapper.DefaultClassMapper.24 - Registering all class mapppers ...
05-08-2019 13:21:07.701 [main] INFO  MenuMgmtController.57 - Started MenuMgmtController in 7.08 seconds (JVM running for 8.13)
05-08-2019 13:21:10.848 [main] INFO  MenuMgmtController.48 - Starting MenuMgmtController on ubuntu19 with PID 13679 (started by ubuntu19 in /home/ubuntu19/Desktop/AMOP/restaurant/restaurant)
05-08-2019 13:21:10.848 [main] DEBUG MenuMgmtController.51 - Running with Spring Boot v1.5.9.RELEASE, Spring v4.3.13.RELEASE
05-08-2019 13:21:10.848 [main] INFO  MenuMgmtController.597 - The following profiles are active: test
05-08-2019 13:21:12.578 [main] INFO  ampos.restaurant.domain.mapper.DefaultClassMapper.24 - Registering all class mapppers ...
05-08-2019 13:21:13.278 [main] INFO  MenuMgmtController.57 - Started MenuMgmtController in 2.509 seconds (JVM running for 13.707)
05-08-2019 13:22:55.047 [main] INFO  MenuMgmtController.48 - Starting MenuMgmtController on ubuntu19 with PID 14116 (started by ubuntu19 in /home/ubuntu19/Desktop/AMOP/restaurant/restaurant)
05-08-2019 13:22:55.048 [main] DEBUG MenuMgmtController.51 - Running with Spring Boot v1.5.9.RELEASE, Spring v4.3.13.RELEASE
05-08-2019 13:22:55.048 [main] INFO  MenuMgmtController.597 - The following profiles are active: test
05-08-2019 13:22:59.871 [main] INFO  ampos.restaurant.domain.mapper.DefaultClassMapper.24 - Registering all class mapppers ...
05-08-2019 13:23:00.773 [main] INFO  MenuMgmtController.57 - Started MenuMgmtController in 5.974 seconds (JVM running for 7.008)
05-08-2019 13:23:03.885 [main] INFO  MenuMgmtController.48 - Starting MenuMgmtController on ubuntu19 with PID 14116 (started by ubuntu19 in /home/ubuntu19/Desktop/AMOP/restaurant/restaurant)
05-08-2019 13:23:03.886 [main] DEBUG MenuMgmtController.51 - Running with Spring Boot v1.5.9.RELEASE, Spring v4.3.13.RELEASE
05-08-2019 13:23:03.886 [main] INFO  MenuMgmtController.597 - The following profiles are active: test
05-08-2019 13:23:05.247 [main] INFO  ampos.restaurant.domain.mapper.DefaultClassMapper.24 - Registering all class mapppers ...
05-08-2019 13:23:05.824 [main] INFO  MenuMgmtController.57 - Started MenuMgmtController in 2.013 seconds (JVM running for 12.059)
05-08-2019 13:24:52.485 [main] INFO  MenuMgmtController.48 - Starting MenuMgmtController on ubuntu19 with PID 14592 (started by ubuntu19 in /home/ubuntu19/Desktop/AMOP/restaurant/restaurant)
05-08-2019 13:24:52.485 [main] DEBUG MenuMgmtController.51 - Running with Spring Boot v1.5.9.RELEASE, Spring v4.3.13.RELEASE
05-08-2019 13:24:52.485 [main] INFO  MenuMgmtController.597 - The following profiles are active: test
05-08-2019 13:24:57.776 [main] INFO  ampos.restaurant.domain.mapper.DefaultClassMapper.24 - Registering all class mapppers ...
05-08-2019 13:24:58.616 [main] INFO  MenuMgmtController.57 - Started MenuMgmtController in 6.387 seconds (JVM running for 7.401)
05-08-2019 13:25:01.731 [main] INFO  MenuMgmtController.48 - Starting MenuMgmtController on ubuntu19 with PID 14592 (started by ubuntu19 in /home/ubuntu19/Desktop/AMOP/restaurant/restaurant)
05-08-2019 13:25:01.732 [main] DEBUG MenuMgmtController.51 - Running with Spring Boot v1.5.9.RELEASE, Spring v4.3.13.RELEASE
05-08-2019 13:25:01.732 [main] INFO  MenuMgmtController.597 - The following profiles are active: test
05-08-2019 13:25:03.290 [main] INFO  ampos.restaurant.domain.mapper.DefaultClassMapper.24 - Registering all class mapppers ...
05-08-2019 13:25:03.999 [main] INFO  MenuMgmtController.57 - Started MenuMgmtController in 2.356 seconds (JVM running for 12.783)
05-08-2019 13:31:17.089 [main] INFO  MenuMgmtController.48 - Starting MenuMgmtController on ubuntu19 with PID 16919 (started by ubuntu19 in /home/ubuntu19/Desktop/AMOP/restaurant/restaurant)
05-08-2019 13:31:17.089 [main] DEBUG MenuMgmtController.51 - Running with Spring Boot v1.5.9.RELEASE, Spring v4.3.13.RELEASE
05-08-2019 13:31:17.090 [main] INFO  MenuMgmtController.597 - The following profiles are active: test
05-08-2019 13:31:22.792 [main] INFO  ampos.restaurant.domain.mapper.DefaultClassMapper.24 - Registering all class mapppers ...
05-08-2019 13:31:23.813 [main] INFO  MenuMgmtController.57 - Started MenuMgmtController in 6.994 seconds (JVM running for 8.037)
05-08-2019 13:31:26.925 [main] INFO  MenuMgmtController.48 - Starting MenuMgmtController on ubuntu19 with PID 16919 (started by ubuntu19 in /home/ubuntu19/Desktop/AMOP/restaurant/restaurant)
05-08-2019 13:31:26.925 [main] DEBUG MenuMgmtController.51 - Running with Spring Boot v1.5.9.RELEASE, Spring v4.3.13.RELEASE
05-08-2019 13:31:26.926 [main] INFO  MenuMgmtController.597 - The following profiles are active: test
05-08-2019 13:31:28.261 [main] INFO  ampos.restaurant.domain.mapper.DefaultClassMapper.24 - Registering all class mapppers ...
05-08-2019 13:31:28.693 [main] INFO  MenuMgmtController.57 - Started MenuMgmtController in 1.847 seconds (JVM running for 12.917)
05-08-2019 13:32:22.104 [main] INFO  MenuMgmtController.48 - Starting MenuMgmtController on ubuntu19 with PID 17219 (started by ubuntu19 in /home/ubuntu19/Desktop/AMOP/restaurant/restaurant)
05-08-2019 13:32:22.105 [main] DEBUG MenuMgmtController.51 - Running with Spring Boot v1.5.9.RELEASE, Spring v4.3.13.RELEASE
05-08-2019 13:32:22.105 [main] INFO  MenuMgmtController.597 - The following profiles are active: test
05-08-2019 13:32:27.862 [main] INFO  ampos.restaurant.domain.mapper.DefaultClassMapper.24 - Registering all class mapppers ...
05-08-2019 13:32:28.977 [main] INFO  MenuMgmtController.57 - Started MenuMgmtController in 7.334 seconds (JVM running for 8.332)
05-08-2019 13:32:32.125 [main] INFO  MenuMgmtController.48 - Starting MenuMgmtController on ubuntu19 with PID 17219 (started by ubuntu19 in /home/ubuntu19/Desktop/AMOP/restaurant/restaurant)
05-08-2019 13:32:32.126 [main] DEBUG MenuMgmtController.51 - Running with Spring Boot v1.5.9.RELEASE, Spring v4.3.13.RELEASE
05-08-2019 13:32:32.126 [main] INFO  MenuMgmtController.597 - The following profiles are active: test
05-08-2019 13:32:33.871 [main] INFO  ampos.restaurant.domain.mapper.DefaultClassMapper.24 - Registering all class mapppers ...
05-08-2019 13:32:34.373 [main] INFO  MenuMgmtController.57 - Started MenuMgmtController in 2.362 seconds (JVM running for 13.727)
05-08-2019 13:33:58.410 [main] INFO  MenuMgmtController.48 - Starting MenuMgmtController on ubuntu19 with PID 17589 (started by ubuntu19 in /home/ubuntu19/Desktop/AMOP/restaurant/restaurant)
05-08-2019 13:33:58.411 [main] DEBUG MenuMgmtController.51 - Running with Spring Boot v1.5.9.RELEASE, Spring v4.3.13.RELEASE
05-08-2019 13:33:58.411 [main] INFO  MenuMgmtController.597 - The following profiles are active: test
05-08-2019 13:34:03.943 [main] INFO  ampos.restaurant.domain.mapper.DefaultClassMapper.24 - Registering all class mapppers ...
05-08-2019 13:34:04.783 [main] INFO  MenuMgmtController.57 - Started MenuMgmtController in 6.876 seconds (JVM running for 7.884)
05-08-2019 13:34:17.442 [http-nio-9080-exec-4] DEBUG BillOrderMgmtController.50 - Getting bill order by Id...
05-08-2019 13:37:08.787 [main] INFO  MenuMgmtControllerTestCase.48 - Starting MenuMgmtControllerTestCase on ubuntu19 with PID 19073 (started by ubuntu19 in /home/ubuntu19/Desktop/AMOP/restaurant/restaurant)
05-08-2019 13:37:08.787 [main] DEBUG MenuMgmtControllerTestCase.51 - Running with Spring Boot v1.5.9.RELEASE, Spring v4.3.13.RELEASE
05-08-2019 13:37:08.788 [main] INFO  MenuMgmtControllerTestCase.597 - The following profiles are active: test
05-08-2019 13:37:14.364 [main] INFO  ampos.restaurant.domain.mapper.DefaultClassMapper.24 - Registering all class mapppers ...
05-08-2019 13:37:15.216 [main] INFO  MenuMgmtControllerTestCase.57 - Started MenuMgmtControllerTestCase in 6.706 seconds (JVM running for 7.665)
05-08-2019 13:37:32.648 [main] INFO  MenuMgmtControllerTestCase.48 - Starting MenuMgmtControllerTestCase on ubuntu19 with PID 19199 (started by ubuntu19 in /home/ubuntu19/Desktop/AMOP/restaurant/restaurant)
05-08-2019 13:37:32.648 [main] DEBUG MenuMgmtControllerTestCase.51 - Running with Spring Boot v1.5.9.RELEASE, Spring v4.3.13.RELEASE
05-08-2019 13:37:32.648 [main] INFO  MenuMgmtControllerTestCase.597 - The following profiles are active: test
05-08-2019 13:37:38.004 [main] INFO  ampos.restaurant.domain.mapper.DefaultClassMapper.24 - Registering all class mapppers ...
05-08-2019 13:37:38.923 [main] INFO  MenuMgmtControllerTestCase.57 - Started MenuMgmtControllerTestCase in 6.696 seconds (JVM running for 7.793)
05-08-2019 13:38:05.253 [main] INFO  MenuMgmtControllerTestCase.48 - Starting MenuMgmtControllerTestCase on ubuntu19 with PID 19366 (started by ubuntu19 in /home/ubuntu19/Desktop/AMOP/restaurant/restaurant)
05-08-2019 13:38:05.254 [main] DEBUG MenuMgmtControllerTestCase.51 - Running with Spring Boot v1.5.9.RELEASE, Spring v4.3.13.RELEASE
05-08-2019 13:38:05.254 [main] INFO  MenuMgmtControllerTestCase.597 - The following profiles are active: test
05-08-2019 13:38:10.292 [main] INFO  ampos.restaurant.domain.mapper.DefaultClassMapper.24 - Registering all class mapppers ...
05-08-2019 13:38:11.064 [main] INFO  MenuMgmtControllerTestCase.57 - Started MenuMgmtControllerTestCase in 6.112 seconds (JVM running for 7.144)
05-08-2019 13:38:23.180 [http-nio-9080-exec-1] DEBUG MenuMgmtController.84 - Getting list menu menuItems....
05-08-2019 13:39:03.612 [main] INFO  MenuMgmtControllerTestCase.48 - Starting MenuMgmtControllerTestCase on ubuntu19 with PID 19651 (started by ubuntu19 in /home/ubuntu19/Desktop/AMOP/restaurant/restaurant)
05-08-2019 13:39:03.613 [main] DEBUG MenuMgmtControllerTestCase.51 - Running with Spring Boot v1.5.9.RELEASE, Spring v4.3.13.RELEASE
05-08-2019 13:39:03.613 [main] INFO  MenuMgmtControllerTestCase.597 - The following profiles are active: test
05-08-2019 13:39:08.428 [main] INFO  ampos.restaurant.domain.mapper.DefaultClassMapper.24 - Registering all class mapppers ...
05-08-2019 13:39:09.408 [main] INFO  MenuMgmtControllerTestCase.57 - Started MenuMgmtControllerTestCase in 6.042 seconds (JVM running for 7.096)
05-08-2019 13:39:30.405 [http-nio-9080-exec-1] DEBUG MenuMgmtController.47 - Creating menu menuItem....
05-08-2019 13:41:27.615 [main] INFO  MenuMgmtControllerTestCase.48 - Starting MenuMgmtControllerTestCase on ubuntu19 with PID 20922 (started by ubuntu19 in /home/ubuntu19/Desktop/AMOP/restaurant/restaurant)
05-08-2019 13:41:27.616 [main] DEBUG MenuMgmtControllerTestCase.51 - Running with Spring Boot v1.5.9.RELEASE, Spring v4.3.13.RELEASE
05-08-2019 13:41:27.618 [main] INFO  MenuMgmtControllerTestCase.597 - The following profiles are active: test
05-08-2019 13:41:32.664 [main] INFO  ampos.restaurant.domain.mapper.DefaultClassMapper.24 - Registering all class mapppers ...
05-08-2019 13:41:33.456 [main] INFO  MenuMgmtControllerTestCase.57 - Started MenuMgmtControllerTestCase in 6.091 seconds (JVM running for 7.15)
05-08-2019 13:41:37.095 [main] INFO  MenuMgmtControllerTestCase.48 - Starting MenuMgmtControllerTestCase on ubuntu19 with PID 20922 (started by ubuntu19 in /home/ubuntu19/Desktop/AMOP/restaurant/restaurant)
05-08-2019 13:41:37.095 [main] DEBUG MenuMgmtControllerTestCase.51 - Running with Spring Boot v1.5.9.RELEASE, Spring v4.3.13.RELEASE
05-08-2019 13:41:37.095 [main] INFO  MenuMgmtControllerTestCase.597 - The following profiles are active: test
05-08-2019 13:41:38.706 [main] INFO  ampos.restaurant.domain.mapper.DefaultClassMapper.24 - Registering all class mapppers ...
05-08-2019 13:41:39.340 [main] INFO  MenuMgmtControllerTestCase.57 - Started MenuMgmtControllerTestCase in 2.318 seconds (JVM running for 13.034)
05-08-2019 13:42:09.260 [http-nio-9080-exec-1] DEBUG MenuMgmtController.47 - Creating menu menuItem....
05-08-2019 13:43:06.045 [main] INFO  MenuMgmtControllerTestCase.48 - Starting MenuMgmtControllerTestCase on ubuntu19 with PID 21277 (started by ubuntu19 in /home/ubuntu19/Desktop/AMOP/restaurant/restaurant)
05-08-2019 13:43:06.045 [main] DEBUG MenuMgmtControllerTestCase.51 - Running with Spring Boot v1.5.9.RELEASE, Spring v4.3.13.RELEASE
05-08-2019 13:43:06.046 [main] INFO  MenuMgmtControllerTestCase.597 - The following profiles are active: test
05-08-2019 13:43:10.682 [main] INFO  ampos.restaurant.domain.mapper.DefaultClassMapper.24 - Registering all class mapppers ...
05-08-2019 13:43:11.479 [main] INFO  MenuMgmtControllerTestCase.57 - Started MenuMgmtControllerTestCase in 5.706 seconds (JVM running for 6.739)
05-08-2019 13:43:14.610 [main] INFO  MenuMgmtControllerTestCase.48 - Starting MenuMgmtControllerTestCase on ubuntu19 with PID 21277 (started by ubuntu19 in /home/ubuntu19/Desktop/AMOP/restaurant/restaurant)
05-08-2019 13:43:14.611 [main] DEBUG MenuMgmtControllerTestCase.51 - Running with Spring Boot v1.5.9.RELEASE, Spring v4.3.13.RELEASE
05-08-2019 13:43:14.611 [main] INFO  MenuMgmtControllerTestCase.597 - The following profiles are active: test
05-08-2019 13:43:15.975 [main] INFO  ampos.restaurant.domain.mapper.DefaultClassMapper.24 - Registering all class mapppers ...
05-08-2019 13:43:16.434 [main] INFO  MenuMgmtControllerTestCase.57 - Started MenuMgmtControllerTestCase in 1.899 seconds (JVM running for 11.694)
05-08-2019 13:43:39.412 [http-nio-9080-exec-1] DEBUG MenuMgmtController.47 - Creating menu menuItem....
05-08-2019 13:45:19.110 [main] INFO  MenuMgmtControllerTestCase.48 - Starting MenuMgmtControllerTestCase on ubuntu19 with PID 22438 (started by ubuntu19 in /home/ubuntu19/Desktop/AMOP/restaurant/restaurant)
05-08-2019 13:45:19.110 [main] DEBUG MenuMgmtControllerTestCase.51 - Running with Spring Boot v1.5.9.RELEASE, Spring v4.3.13.RELEASE
05-08-2019 13:45:19.111 [main] INFO  MenuMgmtControllerTestCase.597 - The following profiles are active: test
05-08-2019 13:45:24.506 [main] INFO  ampos.restaurant.domain.mapper.DefaultClassMapper.24 - Registering all class mapppers ...
05-08-2019 13:45:25.287 [main] INFO  MenuMgmtControllerTestCase.57 - Started MenuMgmtControllerTestCase in 6.42 seconds (JVM running for 7.428)
05-08-2019 13:45:28.412 [main] INFO  MenuMgmtControllerTestCase.48 - Starting MenuMgmtControllerTestCase on ubuntu19 with PID 22438 (started by ubuntu19 in /home/ubuntu19/Desktop/AMOP/restaurant/restaurant)
05-08-2019 13:45:28.412 [main] DEBUG MenuMgmtControllerTestCase.51 - Running with Spring Boot v1.5.9.RELEASE, Spring v4.3.13.RELEASE
05-08-2019 13:45:28.412 [main] INFO  MenuMgmtControllerTestCase.597 - The following profiles are active: test
05-08-2019 13:45:29.969 [main] INFO  ampos.restaurant.domain.mapper.DefaultClassMapper.24 - Registering all class mapppers ...
05-08-2019 13:45:30.496 [main] INFO  MenuMgmtControllerTestCase.57 - Started MenuMgmtControllerTestCase in 2.156 seconds (JVM running for 12.637)
05-08-2019 13:45:40.181 [http-nio-9080-exec-1] DEBUG MenuMgmtController.47 - Creating menu menuItem....
05-08-2019 13:45:52.850 [http-nio-9080-exec-3] DEBUG MenuMgmtController.84 - Getting list menu menuItems....
05-08-2019 13:48:47.453 [main] INFO  MenuMgmtControllerTestCase.48 - Starting MenuMgmtControllerTestCase on ubuntu19 with PID 23098 (started by ubuntu19 in /home/ubuntu19/Desktop/AMOP/restaurant/restaurant)
05-08-2019 13:48:47.453 [main] DEBUG MenuMgmtControllerTestCase.51 - Running with Spring Boot v1.5.9.RELEASE, Spring v4.3.13.RELEASE
05-08-2019 13:48:47.454 [main] INFO  MenuMgmtControllerTestCase.597 - The following profiles are active: test
05-08-2019 13:48:52.498 [main] INFO  ampos.restaurant.domain.mapper.DefaultClassMapper.24 - Registering all class mapppers ...
05-08-2019 13:48:53.359 [main] INFO  MenuMgmtControllerTestCase.57 - Started MenuMgmtControllerTestCase in 6.18 seconds (JVM running for 7.224)
05-08-2019 13:48:57.120 [main] INFO  MenuMgmtControllerTestCase.48 - Starting MenuMgmtControllerTestCase on ubuntu19 with PID 23098 (started by ubuntu19 in /home/ubuntu19/Desktop/AMOP/restaurant/restaurant)
05-08-2019 13:48:57.120 [main] DEBUG MenuMgmtControllerTestCase.51 - Running with Spring Boot v1.5.9.RELEASE, Spring v4.3.13.RELEASE
05-08-2019 13:48:57.120 [main] INFO  MenuMgmtControllerTestCase.597 - The following profiles are active: test
05-08-2019 13:48:59.125 [main] INFO  ampos.restaurant.domain.mapper.DefaultClassMapper.24 - Registering all class mapppers ...
05-08-2019 13:49:00.149 [main] INFO  MenuMgmtControllerTestCase.57 - Started MenuMgmtControllerTestCase in 3.151 seconds (JVM running for 14.014)
05-08-2019 13:49:06.466 [http-nio-9080-exec-1] DEBUG MenuMgmtController.47 - Creating menu menuItem....
05-08-2019 13:49:22.449 [http-nio-9080-exec-3] DEBUG MenuMgmtController.84 - Getting list menu menuItems....
05-08-2019 13:55:11.191 [main] INFO  MenuMgmtControllerTestCase.48 - Starting MenuMgmtControllerTestCase on ubuntu19 with PID 25683 (started by ubuntu19 in /home/ubuntu19/Desktop/AMOP/restaurant/restaurant)
05-08-2019 13:55:11.192 [main] DEBUG MenuMgmtControllerTestCase.51 - Running with Spring Boot v1.5.9.RELEASE, Spring v4.3.13.RELEASE
05-08-2019 13:55:11.192 [main] INFO  MenuMgmtControllerTestCase.597 - The following profiles are active: test
05-08-2019 13:55:16.051 [main] INFO  ampos.restaurant.domain.mapper.DefaultClassMapper.24 - Registering all class mapppers ...
05-08-2019 13:55:16.840 [main] INFO  MenuMgmtControllerTestCase.57 - Started MenuMgmtControllerTestCase in 5.978 seconds (JVM running for 7.085)
05-08-2019 13:55:19.969 [main] INFO  MenuMgmtControllerTestCase.48 - Starting MenuMgmtControllerTestCase on ubuntu19 with PID 25683 (started by ubuntu19 in /home/ubuntu19/Desktop/AMOP/restaurant/restaurant)
05-08-2019 13:55:19.970 [main] DEBUG MenuMgmtControllerTestCase.51 - Running with Spring Boot v1.5.9.RELEASE, Spring v4.3.13.RELEASE
05-08-2019 13:55:19.970 [main] INFO  MenuMgmtControllerTestCase.597 - The following profiles are active: test
05-08-2019 13:55:21.456 [main] INFO  ampos.restaurant.domain.mapper.DefaultClassMapper.24 - Registering all class mapppers ...
05-08-2019 13:55:21.981 [main] INFO  MenuMgmtControllerTestCase.57 - Started MenuMgmtControllerTestCase in 2.087 seconds (JVM running for 12.226)
05-08-2019 13:55:22.345 [http-nio-9080-exec-1] DEBUG MenuMgmtController.47 - Creating menu menuItem....
05-08-2019 13:55:22.805 [http-nio-9080-exec-2] DEBUG MenuMgmtController.84 - Getting list menu menuItems....
05-08-2019 13:55:33.355 [main] INFO  MenuMgmtControllerTestCase.48 - Starting MenuMgmtControllerTestCase on ubuntu19 with PID 25815 (started by ubuntu19 in /home/ubuntu19/Desktop/AMOP/restaurant/restaurant)
05-08-2019 13:55:33.356 [main] DEBUG MenuMgmtControllerTestCase.51 - Running with Spring Boot v1.5.9.RELEASE, Spring v4.3.13.RELEASE
05-08-2019 13:55:33.356 [main] INFO  MenuMgmtControllerTestCase.597 - The following profiles are active: test
05-08-2019 13:55:37.635 [main] INFO  ampos.restaurant.domain.mapper.DefaultClassMapper.24 - Registering all class mapppers ...
05-08-2019 13:55:38.416 [main] INFO  MenuMgmtControllerTestCase.57 - Started MenuMgmtControllerTestCase in 5.311 seconds (JVM running for 6.339)
05-08-2019 13:55:41.563 [main] INFO  MenuMgmtControllerTestCase.48 - Starting MenuMgmtControllerTestCase on ubuntu19 with PID 25815 (started by ubuntu19 in /home/ubuntu19/Desktop/AMOP/restaurant/restaurant)
05-08-2019 13:55:41.563 [main] DEBUG MenuMgmtControllerTestCase.51 - Running with Spring Boot v1.5.9.RELEASE, Spring v4.3.13.RELEASE
05-08-2019 13:55:41.563 [main] INFO  MenuMgmtControllerTestCase.597 - The following profiles are active: test
05-08-2019 13:55:43.319 [main] INFO  ampos.restaurant.domain.mapper.DefaultClassMapper.24 - Registering all class mapppers ...
05-08-2019 13:55:43.794 [main] INFO  MenuMgmtControllerTestCase.57 - Started MenuMgmtControllerTestCase in 2.324 seconds (JVM running for 11.717)
05-08-2019 13:55:50.989 [http-nio-9080-exec-1] DEBUG MenuMgmtController.47 - Creating menu menuItem....
05-08-2019 13:55:53.924 [http-nio-9080-exec-2] DEBUG MenuMgmtController.84 - Getting list menu menuItems....
05-08-2019 13:57:24.810 [main] INFO  MenuMgmtControllerTestCase.48 - Starting MenuMgmtControllerTestCase on ubuntu19 with PID 26272 (started by ubuntu19 in /home/ubuntu19/Desktop/AMOP/restaurant/restaurant)
05-08-2019 13:57:24.810 [main] DEBUG MenuMgmtControllerTestCase.51 - Running with Spring Boot v1.5.9.RELEASE, Spring v4.3.13.RELEASE
05-08-2019 13:57:24.810 [main] INFO  MenuMgmtControllerTestCase.597 - The following profiles are active: test
05-08-2019 13:57:29.827 [main] INFO  ampos.restaurant.domain.mapper.DefaultClassMapper.24 - Registering all class mapppers ...
05-08-2019 13:57:30.629 [main] INFO  MenuMgmtControllerTestCase.57 - Started MenuMgmtControllerTestCase in 6.099 seconds (JVM running for 7.153)
05-08-2019 13:57:33.803 [main] INFO  MenuMgmtControllerTestCase.48 - Starting MenuMgmtControllerTestCase on ubuntu19 with PID 26272 (started by ubuntu19 in /home/ubuntu19/Desktop/AMOP/restaurant/restaurant)
05-08-2019 13:57:33.804 [main] DEBUG MenuMgmtControllerTestCase.51 - Running with Spring Boot v1.5.9.RELEASE, Spring v4.3.13.RELEASE
05-08-2019 13:57:33.804 [main] INFO  MenuMgmtControllerTestCase.597 - The following profiles are active: test
05-08-2019 13:57:35.242 [main] INFO  ampos.restaurant.domain.mapper.DefaultClassMapper.24 - Registering all class mapppers ...
05-08-2019 13:57:35.695 [main] INFO  MenuMgmtControllerTestCase.57 - Started MenuMgmtControllerTestCase in 1.973 seconds (JVM running for 12.219)
05-08-2019 13:57:47.428 [http-nio-9080-exec-1] DEBUG MenuMgmtController.47 - Creating menu menuItem....
05-08-2019 13:57:56.506 [http-nio-9080-exec-2] DEBUG MenuMgmtController.84 - Getting list menu menuItems....
05-08-2019 13:58:34.899 [main] INFO  MenuMgmtControllerTestCase.48 - Starting MenuMgmtControllerTestCase on ubuntu19 with PID 26558 (started by ubuntu19 in /home/ubuntu19/Desktop/AMOP/restaurant/restaurant)
05-08-2019 13:58:34.900 [main] DEBUG MenuMgmtControllerTestCase.51 - Running with Spring Boot v1.5.9.RELEASE, Spring v4.3.13.RELEASE
05-08-2019 13:58:34.900 [main] INFO  MenuMgmtControllerTestCase.597 - The following profiles are active: test
05-08-2019 13:58:39.513 [main] INFO  ampos.restaurant.domain.mapper.DefaultClassMapper.24 - Registering all class mapppers ...
05-08-2019 13:58:40.277 [main] INFO  MenuMgmtControllerTestCase.57 - Started MenuMgmtControllerTestCase in 5.621 seconds (JVM running for 6.663)
05-08-2019 13:58:43.409 [main] INFO  MenuMgmtControllerTestCase.48 - Starting MenuMgmtControllerTestCase on ubuntu19 with PID 26558 (started by ubuntu19 in /home/ubuntu19/Desktop/AMOP/restaurant/restaurant)
05-08-2019 13:58:43.409 [main] DEBUG MenuMgmtControllerTestCase.51 - Running with Spring Boot v1.5.9.RELEASE, Spring v4.3.13.RELEASE
05-08-2019 13:58:43.410 [main] INFO  MenuMgmtControllerTestCase.597 - The following profiles are active: test
05-08-2019 13:58:44.814 [main] INFO  ampos.restaurant.domain.mapper.DefaultClassMapper.24 - Registering all class mapppers ...
05-08-2019 13:58:45.301 [main] INFO  MenuMgmtControllerTestCase.57 - Started MenuMgmtControllerTestCase in 1.973 seconds (JVM running for 11.687)
05-08-2019 13:59:00.140 [http-nio-9080-exec-1] DEBUG MenuMgmtController.47 - Creating menu menuItem....
05-08-2019 13:59:05.720 [http-nio-9080-exec-2] DEBUG MenuMgmtController.84 - Getting list menu menuItems....
05-08-2019 14:03:02.927 [main] INFO  MenuMgmtControllerTestCase.48 - Starting MenuMgmtControllerTestCase on ubuntu19 with PID 28076 (started by ubuntu19 in /home/ubuntu19/Desktop/AMOP/restaurant/restaurant)
05-08-2019 14:03:02.927 [main] DEBUG MenuMgmtControllerTestCase.51 - Running with Spring Boot v1.5.9.RELEASE, Spring v4.3.13.RELEASE
05-08-2019 14:03:02.927 [main] INFO  MenuMgmtControllerTestCase.597 - The following profiles are active: test
05-08-2019 14:03:07.496 [main] INFO  ampos.restaurant.domain.mapper.DefaultClassMapper.24 - Registering all class mapppers ...
05-08-2019 14:03:08.276 [main] INFO  MenuMgmtControllerTestCase.57 - Started MenuMgmtControllerTestCase in 5.612 seconds (JVM running for 6.669)
05-08-2019 14:03:11.398 [main] INFO  MenuMgmtControllerTestCase.48 - Starting MenuMgmtControllerTestCase on ubuntu19 with PID 28076 (started by ubuntu19 in /home/ubuntu19/Desktop/AMOP/restaurant/restaurant)
05-08-2019 14:03:11.398 [main] DEBUG MenuMgmtControllerTestCase.51 - Running with Spring Boot v1.5.9.RELEASE, Spring v4.3.13.RELEASE
05-08-2019 14:03:11.399 [main] INFO  MenuMgmtControllerTestCase.597 - The following profiles are active: test
05-08-2019 14:03:12.645 [main] INFO  ampos.restaurant.domain.mapper.DefaultClassMapper.24 - Registering all class mapppers ...
05-08-2019 14:03:13.071 [main] INFO  MenuMgmtControllerTestCase.57 - Started MenuMgmtControllerTestCase in 1.747 seconds (JVM running for 11.463)
05-08-2019 14:04:49.315 [http-nio-9080-exec-1] DEBUG MenuMgmtController.47 - Creating menu menuItem....
05-08-2019 14:04:59.175 [http-nio-9080-exec-3] DEBUG MenuMgmtController.84 - Getting list menu menuItems....
05-08-2019 15:17:53.264 [main] INFO  ampos.restaurant.RestaurantApplication.48 - Starting RestaurantApplication on ubuntu19 with PID 12958 (/home/ubuntu19/Desktop/AMOP/restaurant/restaurant/target/classes started by ubuntu19 in /home/ubuntu19/Desktop/AMOP/restaurant/restaurant)
05-08-2019 15:17:53.264 [main] DEBUG ampos.restaurant.RestaurantApplication.51 - Running with Spring Boot v1.5.9.RELEASE, Spring v4.3.13.RELEASE
05-08-2019 15:17:53.265 [main] INFO  ampos.restaurant.RestaurantApplication.593 - No active profile set, falling back to default profiles: default
05-08-2019 15:17:58.218 [main] INFO  ampos.restaurant.domain.mapper.DefaultClassMapper.24 - Registering all class mapppers ...
05-08-2019 15:17:59.090 [main] INFO  ampos.restaurant.RestaurantApplication.57 - Started RestaurantApplication in 6.041 seconds (JVM running for 6.793)
05-08-2019 15:21:04.193 [http-nio-9080-exec-3] DEBUG MenuMgmtController.47 - Creating menu menuItem....
05-08-2019 15:21:41.577 [http-nio-9080-exec-4] DEBUG MenuMgmtController.69 - Getting menu menuItem....
05-08-2019 15:23:26.229 [http-nio-9080-exec-8] DEBUG MenuMgmtController.47 - Creating menu menuItem....
05-08-2019 15:28:58.554 [http-nio-9080-exec-10] DEBUG BillOrderMgmtController.42 - Create bill order by Id
05-08-2019 15:29:03.898 [http-nio-9080-exec-1] DEBUG BillOrderMgmtController.50 - Getting bill order by Id...
05-08-2019 15:31:04.194 [http-nio-9080-exec-3] DEBUG BillOrderMgmtController.50 - Getting bill order by Id...
05-08-2019 15:31:23.888 [http-nio-9080-exec-4] DEBUG BillOrderMgmtController.50 - Getting bill order by Id...
05-08-2019 15:31:31.933 [http-nio-9080-exec-5] DEBUG BillOrderMgmtController.50 - Getting bill order by Id...
05-08-2019 15:34:18.643 [main] INFO  ampos.restaurant.RestaurantApplication.48 - Starting RestaurantApplication on ubuntu19 with PID 17193 (/home/ubuntu19/Desktop/AMOP/restaurant/restaurant/target/classes started by ubuntu19 in /home/ubuntu19/Desktop/AMOP/restaurant/restaurant)
05-08-2019 15:34:18.644 [main] DEBUG ampos.restaurant.RestaurantApplication.51 - Running with Spring Boot v1.5.9.RELEASE, Spring v4.3.13.RELEASE
05-08-2019 15:34:18.645 [main] INFO  ampos.restaurant.RestaurantApplication.593 - No active profile set, falling back to default profiles: default
05-08-2019 15:34:22.303 [main] INFO  ampos.restaurant.domain.mapper.DefaultClassMapper.24 - Registering all class mapppers ...
05-08-2019 15:34:23.255 [main] INFO  ampos.restaurant.RestaurantApplication.57 - Started RestaurantApplication in 4.838 seconds (JVM running for 5.327)
05-08-2019 15:34:55.994 [http-nio-9080-exec-1] DEBUG BillOrderMgmtController.50 - Getting bill order by Id...
05-08-2019 15:35:01.439 [http-nio-9080-exec-3] DEBUG BillOrderMgmtController.65 - Getting bill order by Id...
05-08-2019 15:35:29.006 [http-nio-9080-exec-4] DEBUG BillOrderMgmtController.65 - Getting bill order by Id...
05-08-2019 15:35:53.532 [http-nio-9080-exec-5] DEBUG BillOrderMgmtController.50 - Getting bill order by Id...
05-08-2019 15:36:01.795 [http-nio-9080-exec-2] DEBUG BillOrderMgmtController.65 - Getting bill order by Id...
05-08-2019 15:36:10.263 [http-nio-9080-exec-6] DEBUG BillOrderMgmtController.73 - Getting bill order by Id...
05-08-2019 15:36:40.046 [main] INFO  ampos.restaurant.RestaurantApplication.48 - Starting RestaurantApplication on ubuntu19 with PID 18289 (/home/ubuntu19/Desktop/AMOP/restaurant/restaurant/target/classes started by ubuntu19 in /home/ubuntu19/Desktop/AMOP/restaurant/restaurant)
05-08-2019 15:36:40.047 [main] DEBUG ampos.restaurant.RestaurantApplication.51 - Running with Spring Boot v1.5.9.RELEASE, Spring v4.3.13.RELEASE
05-08-2019 15:36:40.047 [main] INFO  ampos.restaurant.RestaurantApplication.593 - No active profile set, falling back to default profiles: default
05-08-2019 15:36:43.738 [main] INFO  ampos.restaurant.domain.mapper.DefaultClassMapper.24 - Registering all class mapppers ...
05-08-2019 15:36:44.530 [main] INFO  ampos.restaurant.RestaurantApplication.57 - Started RestaurantApplication in 4.675 seconds (JVM running for 5.126)
05-08-2019 15:36:51.524 [http-nio-9080-exec-1] DEBUG BillOrderMgmtController.65 - Getting bill order by Id...
05-08-2019 15:37:05.644 [http-nio-9080-exec-2] DEBUG BillOrderMgmtController.65 - Getting bill order by Id...
05-08-2019 15:37:55.008 [main] INFO  ampos.restaurant.RestaurantApplication.48 - Starting RestaurantApplication on ubuntu19 with PID 18631 (/home/ubuntu19/Desktop/AMOP/restaurant/restaurant/target/classes started by ubuntu19 in /home/ubuntu19/Desktop/AMOP/restaurant/restaurant)
05-08-2019 15:37:55.009 [main] DEBUG ampos.restaurant.RestaurantApplication.51 - Running with Spring Boot v1.5.9.RELEASE, Spring v4.3.13.RELEASE
05-08-2019 15:37:55.010 [main] INFO  ampos.restaurant.RestaurantApplication.593 - No active profile set, falling back to default profiles: default
05-08-2019 15:37:57.966 [main] INFO  ampos.restaurant.domain.mapper.DefaultClassMapper.24 - Registering all class mapppers ...
05-08-2019 15:37:58.727 [main] INFO  ampos.restaurant.RestaurantApplication.57 - Started RestaurantApplication in 3.917 seconds (JVM running for 4.396)
05-08-2019 15:37:58.843 [http-nio-9080-exec-1] DEBUG BillOrderMgmtController.65 - Getting bill order by Id...
05-08-2019 15:38:34.184 [http-nio-9080-exec-2] DEBUG BillOrderMgmtController.73 - Getting bill order by Id...
05-08-2019 15:38:45.608 [http-nio-9080-exec-3] DEBUG BillOrderMgmtController.87 - Getting total price of bill order menuItems...
05-08-2019 15:39:09.837 [http-nio-9080-exec-4] DEBUG BillOrderMgmtController.50 - Getting bill order by Id...
05-08-2019 15:39:50.628 [http-nio-9080-exec-5] DEBUG BillOrderMgmtController.102 - Editing bill order menuItem...
05-08-2019 15:41:55.581 [http-nio-9080-exec-8] DEBUG BillOrderMgmtController.102 - Editing bill order menuItem...
05-08-2019 15:42:23.150 [http-nio-9080-exec-9] DEBUG BillOrderMgmtController.102 - Editing bill order menuItem...
05-08-2019 15:47:21.501 [main] INFO  MenuMgmtControllerTestCase.48 - Starting MenuMgmtControllerTestCase on ubuntu19 with PID 20952 (started by ubuntu19 in /home/ubuntu19/Desktop/AMOP/restaurant/restaurant)
05-08-2019 15:47:21.501 [main] DEBUG MenuMgmtControllerTestCase.51 - Running with Spring Boot v1.5.9.RELEASE, Spring v4.3.13.RELEASE
05-08-2019 15:47:21.502 [main] INFO  MenuMgmtControllerTestCase.597 - The following profiles are active: test
05-08-2019 15:47:26.063 [main] INFO  ampos.restaurant.domain.mapper.DefaultClassMapper.24 - Registering all class mapppers ...
05-08-2019 15:47:26.632 [main] INFO  MenuMgmtControllerTestCase.57 - Started MenuMgmtControllerTestCase in 5.36 seconds (JVM running for 6.207)
05-08-2019 15:47:29.722 [main] INFO  MenuMgmtControllerTestCase.48 - Starting MenuMgmtControllerTestCase on ubuntu19 with PID 20952 (started by ubuntu19 in /home/ubuntu19/Desktop/AMOP/restaurant/restaurant)
05-08-2019 15:47:29.722 [main] DEBUG MenuMgmtControllerTestCase.51 - Running with Spring Boot v1.5.9.RELEASE, Spring v4.3.13.RELEASE
05-08-2019 15:47:29.722 [main] INFO  MenuMgmtControllerTestCase.597 - The following profiles are active: test
05-08-2019 15:47:30.883 [main] INFO  ampos.restaurant.domain.mapper.DefaultClassMapper.24 - Registering all class mapppers ...
05-08-2019 15:47:31.144 [main] INFO  MenuMgmtControllerTestCase.57 - Started MenuMgmtControllerTestCase in 1.481 seconds (JVM running for 10.72)
05-08-2019 15:47:31.346 [http-nio-9080-exec-1] DEBUG MenuMgmtController.47 - Creating menu menuItem....
05-08-2019 15:48:04.370 [main] INFO  MenuMgmtControllerTestCase.48 - Starting MenuMgmtControllerTestCase on ubuntu19 with PID 21115 (started by ubuntu19 in /home/ubuntu19/Desktop/AMOP/restaurant/restaurant)
05-08-2019 15:48:04.371 [main] DEBUG MenuMgmtControllerTestCase.51 - Running with Spring Boot v1.5.9.RELEASE, Spring v4.3.13.RELEASE
05-08-2019 15:48:04.372 [main] INFO  MenuMgmtControllerTestCase.597 - The following profiles are active: test
05-08-2019 15:48:08.281 [main] INFO  ampos.restaurant.domain.mapper.DefaultClassMapper.24 - Registering all class mapppers ...
05-08-2019 15:48:08.847 [main] INFO  MenuMgmtControllerTestCase.57 - Started MenuMgmtControllerTestCase in 4.707 seconds (JVM running for 5.558)
05-08-2019 15:48:11.959 [main] INFO  MenuMgmtControllerTestCase.48 - Starting MenuMgmtControllerTestCase on ubuntu19 with PID 21115 (started by ubuntu19 in /home/ubuntu19/Desktop/AMOP/restaurant/restaurant)
05-08-2019 15:48:11.959 [main] DEBUG MenuMgmtControllerTestCase.51 - Running with Spring Boot v1.5.9.RELEASE, Spring v4.3.13.RELEASE
05-08-2019 15:48:11.959 [main] INFO  MenuMgmtControllerTestCase.597 - The following profiles are active: test
05-08-2019 15:48:13.193 [main] INFO  ampos.restaurant.domain.mapper.DefaultClassMapper.24 - Registering all class mapppers ...
05-08-2019 15:48:13.585 [main] INFO  MenuMgmtControllerTestCase.57 - Started MenuMgmtControllerTestCase in 1.696 seconds (JVM running for 10.296)
05-08-2019 15:48:13.803 [http-nio-9080-exec-1] DEBUG MenuMgmtController.47 - Creating menu menuItem....
05-08-2019 15:50:32.271 [main] INFO  MenuMgmtControllerTestCase.48 - Starting MenuMgmtControllerTestCase on ubuntu19 with PID 22482 (started by ubuntu19 in /home/ubuntu19/Desktop/AMOP/restaurant/restaurant)
05-08-2019 15:50:32.272 [main] DEBUG MenuMgmtControllerTestCase.51 - Running with Spring Boot v1.5.9.RELEASE, Spring v4.3.13.RELEASE
05-08-2019 15:50:32.272 [main] INFO  MenuMgmtControllerTestCase.597 - The following profiles are active: test
05-08-2019 15:50:38.098 [main] INFO  ampos.restaurant.domain.mapper.DefaultClassMapper.24 - Registering all class mapppers ...
05-08-2019 15:50:39.001 [main] INFO  MenuMgmtControllerTestCase.57 - Started MenuMgmtControllerTestCase in 7.013 seconds (JVM running for 8.093)
05-08-2019 15:50:42.112 [main] INFO  MenuMgmtControllerTestCase.48 - Starting MenuMgmtControllerTestCase on ubuntu19 with PID 22482 (started by ubuntu19 in /home/ubuntu19/Desktop/AMOP/restaurant/restaurant)
05-08-2019 15:50:42.112 [main] DEBUG MenuMgmtControllerTestCase.51 - Running with Spring Boot v1.5.9.RELEASE, Spring v4.3.13.RELEASE
05-08-2019 15:50:42.113 [main] INFO  MenuMgmtControllerTestCase.597 - The following profiles are active: test
05-08-2019 15:50:43.736 [main] INFO  ampos.restaurant.domain.mapper.DefaultClassMapper.24 - Registering all class mapppers ...
05-08-2019 15:50:44.421 [main] INFO  MenuMgmtControllerTestCase.57 - Started MenuMgmtControllerTestCase in 2.37 seconds (JVM running for 13.514)
05-08-2019 15:50:57.067 [http-nio-9080-exec-1] DEBUG MenuMgmtController.47 - Creating menu menuItem....
05-08-2019 15:51:21.671 [main] INFO  MenuMgmtControllerTestCase.48 - Starting MenuMgmtControllerTestCase on ubuntu19 with PID 22737 (started by ubuntu19 in /home/ubuntu19/Desktop/AMOP/restaurant/restaurant)
05-08-2019 15:51:21.671 [main] DEBUG MenuMgmtControllerTestCase.51 - Running with Spring Boot v1.5.9.RELEASE, Spring v4.3.13.RELEASE
05-08-2019 15:51:21.671 [main] INFO  MenuMgmtControllerTestCase.597 - The following profiles are active: test
05-08-2019 15:51:27.644 [main] INFO  ampos.restaurant.domain.mapper.DefaultClassMapper.24 - Registering all class mapppers ...
05-08-2019 15:51:28.684 [main] INFO  MenuMgmtControllerTestCase.57 - Started MenuMgmtControllerTestCase in 7.296 seconds (JVM running for 8.363)
05-08-2019 15:51:31.838 [main] INFO  MenuMgmtControllerTestCase.48 - Starting MenuMgmtControllerTestCase on ubuntu19 with PID 22737 (started by ubuntu19 in /home/ubuntu19/Desktop/AMOP/restaurant/restaurant)
05-08-2019 15:51:31.838 [main] DEBUG MenuMgmtControllerTestCase.51 - Running with Spring Boot v1.5.9.RELEASE, Spring v4.3.13.RELEASE
05-08-2019 15:51:31.838 [main] INFO  MenuMgmtControllerTestCase.597 - The following profiles are active: test
05-08-2019 15:51:33.736 [main] INFO  ampos.restaurant.domain.mapper.DefaultClassMapper.24 - Registering all class mapppers ...
05-08-2019 15:51:34.437 [main] INFO  MenuMgmtControllerTestCase.57 - Started MenuMgmtControllerTestCase in 2.68 seconds (JVM running for 14.116)
05-08-2019 15:51:43.232 [http-nio-9080-exec-1] DEBUG MenuMgmtController.47 - Creating menu menuItem....
05-08-2019 15:53:42.460 [main] INFO  MenuMgmtControllerTestCase.48 - Starting MenuMgmtControllerTestCase on ubuntu19 with PID 23245 (started by ubuntu19 in /home/ubuntu19/Desktop/AMOP/restaurant/restaurant)
05-08-2019 15:53:42.460 [main] DEBUG MenuMgmtControllerTestCase.51 - Running with Spring Boot v1.5.9.RELEASE, Spring v4.3.13.RELEASE
05-08-2019 15:53:42.460 [main] INFO  MenuMgmtControllerTestCase.597 - The following profiles are active: test
05-08-2019 15:53:48.788 [main] INFO  ampos.restaurant.domain.mapper.DefaultClassMapper.24 - Registering all class mapppers ...
05-08-2019 15:53:49.455 [main] INFO  MenuMgmtControllerTestCase.57 - Started MenuMgmtControllerTestCase in 7.432 seconds (JVM running for 8.37)
05-08-2019 15:53:52.587 [main] INFO  MenuMgmtControllerTestCase.48 - Starting MenuMgmtControllerTestCase on ubuntu19 with PID 23245 (started by ubuntu19 in /home/ubuntu19/Desktop/AMOP/restaurant/restaurant)
05-08-2019 15:53:52.587 [main] DEBUG MenuMgmtControllerTestCase.51 - Running with Spring Boot v1.5.9.RELEASE, Spring v4.3.13.RELEASE
05-08-2019 15:53:52.587 [main] INFO  MenuMgmtControllerTestCase.597 - The following profiles are active: test
05-08-2019 15:53:53.713 [main] INFO  ampos.restaurant.domain.mapper.DefaultClassMapper.24 - Registering all class mapppers ...
05-08-2019 15:53:54.003 [main] INFO  MenuMgmtControllerTestCase.57 - Started MenuMgmtControllerTestCase in 1.483 seconds (JVM running for 12.918)
05-08-2019 15:53:54.471 [http-nio-9080-exec-2] DEBUG MenuMgmtController.47 - Creating menu menuItem....
05-08-2019 15:53:55.054 [http-nio-9080-exec-1] DEBUG MenuMgmtController.69 - Getting menu menuItem....
05-08-2019 15:54:28.800 [main] INFO  MenuMgmtControllerTestCase.48 - Starting MenuMgmtControllerTestCase on ubuntu19 with PID 23386 (started by ubuntu19 in /home/ubuntu19/Desktop/AMOP/restaurant/restaurant)
05-08-2019 15:54:28.800 [main] DEBUG MenuMgmtControllerTestCase.51 - Running with Spring Boot v1.5.9.RELEASE, Spring v4.3.13.RELEASE
05-08-2019 15:54:28.800 [main] INFO  MenuMgmtControllerTestCase.597 - The following profiles are active: test
05-08-2019 15:54:34.446 [main] INFO  ampos.restaurant.domain.mapper.DefaultClassMapper.24 - Registering all class mapppers ...
05-08-2019 15:54:35.339 [main] INFO  MenuMgmtControllerTestCase.57 - Started MenuMgmtControllerTestCase in 6.958 seconds (JVM running for 8.066)
05-08-2019 15:54:38.514 [main] INFO  MenuMgmtControllerTestCase.48 - Starting MenuMgmtControllerTestCase on ubuntu19 with PID 23386 (started by ubuntu19 in /home/ubuntu19/Desktop/AMOP/restaurant/restaurant)
05-08-2019 15:54:38.515 [main] DEBUG MenuMgmtControllerTestCase.51 - Running with Spring Boot v1.5.9.RELEASE, Spring v4.3.13.RELEASE
05-08-2019 15:54:38.515 [main] INFO  MenuMgmtControllerTestCase.597 - The following profiles are active: test
05-08-2019 15:54:40.233 [main] INFO  ampos.restaurant.domain.mapper.DefaultClassMapper.24 - Registering all class mapppers ...
05-08-2019 15:54:40.824 [main] INFO  MenuMgmtControllerTestCase.57 - Started MenuMgmtControllerTestCase in 2.436 seconds (JVM running for 13.551)
05-08-2019 15:57:06.195 [http-nio-9080-exec-1] DEBUG MenuMgmtController.47 - Creating menu menuItem....
05-08-2019 15:57:11.918 [http-nio-9080-exec-2] DEBUG MenuMgmtController.69 - Getting menu menuItem....
05-08-2019 15:58:00.738 [main] INFO  MenuMgmtControllerTestCase.48 - Starting MenuMgmtControllerTestCase on ubuntu19 with PID 24683 (started by ubuntu19 in /home/ubuntu19/Desktop/AMOP/restaurant/restaurant)
05-08-2019 15:58:00.738 [main] DEBUG MenuMgmtControllerTestCase.51 - Running with Spring Boot v1.5.9.RELEASE, Spring v4.3.13.RELEASE
05-08-2019 15:58:00.738 [main] INFO  MenuMgmtControllerTestCase.597 - The following profiles are active: test
05-08-2019 15:58:06.157 [main] INFO  ampos.restaurant.domain.mapper.DefaultClassMapper.24 - Registering all class mapppers ...
05-08-2019 15:58:07.117 [main] INFO  MenuMgmtControllerTestCase.57 - Started MenuMgmtControllerTestCase in 6.759 seconds (JVM running for 7.811)
05-08-2019 15:58:10.292 [main] INFO  MenuMgmtControllerTestCase.48 - Starting MenuMgmtControllerTestCase on ubuntu19 with PID 24683 (started by ubuntu19 in /home/ubuntu19/Desktop/AMOP/restaurant/restaurant)
05-08-2019 15:58:10.292 [main] DEBUG MenuMgmtControllerTestCase.51 - Running with Spring Boot v1.5.9.RELEASE, Spring v4.3.13.RELEASE
05-08-2019 15:58:10.293 [main] INFO  MenuMgmtControllerTestCase.597 - The following profiles are active: test
05-08-2019 15:58:11.747 [main] INFO  ampos.restaurant.domain.mapper.DefaultClassMapper.24 - Registering all class mapppers ...
05-08-2019 15:58:12.405 [main] INFO  MenuMgmtControllerTestCase.57 - Started MenuMgmtControllerTestCase in 2.224 seconds (JVM running for 13.099)
05-08-2019 15:58:12.815 [http-nio-9080-exec-1] DEBUG MenuMgmtController.47 - Creating menu menuItem....
05-08-2019 15:58:13.451 [http-nio-9080-exec-2] DEBUG MenuMgmtController.69 - Getting menu menuItem....
05-08-2019 15:58:39.977 [main] INFO  MenuMgmtControllerTestCase.48 - Starting MenuMgmtControllerTestCase on ubuntu19 with PID 24848 (started by ubuntu19 in /home/ubuntu19/Desktop/AMOP/restaurant/restaurant)
05-08-2019 15:58:39.977 [main] DEBUG MenuMgmtControllerTestCase.51 - Running with Spring Boot v1.5.9.RELEASE, Spring v4.3.13.RELEASE
05-08-2019 15:58:39.977 [main] INFO  MenuMgmtControllerTestCase.597 - The following profiles are active: test
05-08-2019 15:58:45.506 [main] INFO  ampos.restaurant.domain.mapper.DefaultClassMapper.24 - Registering all class mapppers ...
05-08-2019 15:58:46.324 [main] INFO  MenuMgmtControllerTestCase.57 - Started MenuMgmtControllerTestCase in 6.675 seconds (JVM running for 8.146)
05-08-2019 15:58:49.456 [main] INFO  MenuMgmtControllerTestCase.48 - Starting MenuMgmtControllerTestCase on ubuntu19 with PID 24848 (started by ubuntu19 in /home/ubuntu19/Desktop/AMOP/restaurant/restaurant)
05-08-2019 15:58:49.456 [main] DEBUG MenuMgmtControllerTestCase.51 - Running with Spring Boot v1.5.9.RELEASE, Spring v4.3.13.RELEASE
05-08-2019 15:58:49.457 [main] INFO  MenuMgmtControllerTestCase.597 - The following profiles are active: test
05-08-2019 15:58:50.712 [main] INFO  ampos.restaurant.domain.mapper.DefaultClassMapper.24 - Registering all class mapppers ...
05-08-2019 15:58:51.429 [main] INFO  MenuMgmtControllerTestCase.57 - Started MenuMgmtControllerTestCase in 2.046 seconds (JVM running for 13.251)
05-08-2019 15:58:51.914 [http-nio-9080-exec-2] DEBUG MenuMgmtController.47 - Creating menu menuItem....
05-08-2019 15:58:52.552 [http-nio-9080-exec-3] DEBUG MenuMgmtController.69 - Getting menu menuItem....
05-08-2019 16:00:04.529 [main] INFO  MenuMgmtControllerTestCase.48 - Starting MenuMgmtControllerTestCase on ubuntu19 with PID 25325 (started by ubuntu19 in /home/ubuntu19/Desktop/AMOP/restaurant/restaurant)
05-08-2019 16:00:04.529 [main] DEBUG MenuMgmtControllerTestCase.51 - Running with Spring Boot v1.5.9.RELEASE, Spring v4.3.13.RELEASE
05-08-2019 16:00:04.529 [main] INFO  MenuMgmtControllerTestCase.597 - The following profiles are active: test
05-08-2019 16:00:09.344 [main] INFO  ampos.restaurant.domain.mapper.DefaultClassMapper.24 - Registering all class mapppers ...
05-08-2019 16:00:10.168 [main] INFO  MenuMgmtControllerTestCase.57 - Started MenuMgmtControllerTestCase in 5.863 seconds (JVM running for 6.681)
05-08-2019 16:00:13.340 [main] INFO  MenuMgmtControllerTestCase.48 - Starting MenuMgmtControllerTestCase on ubuntu19 with PID 25325 (started by ubuntu19 in /home/ubuntu19/Desktop/AMOP/restaurant/restaurant)
05-08-2019 16:00:13.340 [main] DEBUG MenuMgmtControllerTestCase.51 - Running with Spring Boot v1.5.9.RELEASE, Spring v4.3.13.RELEASE
05-08-2019 16:00:13.341 [main] INFO  MenuMgmtControllerTestCase.597 - The following profiles are active: test
05-08-2019 16:00:14.760 [main] INFO  ampos.restaurant.domain.mapper.DefaultClassMapper.24 - Registering all class mapppers ...
05-08-2019 16:00:15.157 [main] INFO  MenuMgmtControllerTestCase.57 - Started MenuMgmtControllerTestCase in 1.909 seconds (JVM running for 11.669)
05-08-2019 16:00:15.395 [http-nio-9080-exec-1] DEBUG MenuMgmtController.47 - Creating menu menuItem....
05-08-2019 16:00:15.968 [http-nio-9080-exec-2] DEBUG MenuMgmtController.69 - Getting menu menuItem....
05-08-2019 16:12:51.938 [main] INFO  ampos.restaurant.RestaurantApplication.48 - Starting RestaurantApplication on ubuntu19 with PID 28429 (/home/ubuntu19/Desktop/AMOP/restaurant/restaurant/target/classes started by ubuntu19 in /home/ubuntu19/Desktop/AMOP/restaurant/restaurant)
05-08-2019 16:12:51.939 [main] DEBUG ampos.restaurant.RestaurantApplication.51 - Running with Spring Boot v1.5.9.RELEASE, Spring v4.3.13.RELEASE
05-08-2019 16:12:51.939 [main] INFO  ampos.restaurant.RestaurantApplication.593 - No active profile set, falling back to default profiles: default
05-08-2019 16:12:55.094 [main] INFO  ampos.restaurant.domain.mapper.DefaultClassMapper.24 - Registering all class mapppers ...
05-08-2019 16:12:55.867 [main] INFO  ampos.restaurant.RestaurantApplication.57 - Started RestaurantApplication in 4.137 seconds (JVM running for 4.594)
05-08-2019 16:14:41.926 [http-nio-9080-exec-2] DEBUG MenuMgmtController.47 - Creating menu menuItem....
05-08-2019 16:14:53.700 [http-nio-9080-exec-3] DEBUG MenuMgmtController.47 - Creating menu menuItem....
05-08-2019 16:14:59.219 [http-nio-9080-exec-4] DEBUG MenuMgmtController.84 - Getting list menu menuItems....
05-08-2019 16:15:09.779 [http-nio-9080-exec-5] DEBUG MenuMgmtController.84 - Getting list menu menuItems....
05-08-2019 16:15:21.599 [http-nio-9080-exec-6] DEBUG MenuMgmtController.84 - Getting list menu menuItems....
05-08-2019 16:15:37.314 [http-nio-9080-exec-7] DEBUG MenuMgmtController.84 - Getting list menu menuItems....
05-08-2019 16:16:19.873 [http-nio-9080-exec-8] DEBUG MenuMgmtController.84 - Getting list menu menuItems....
05-08-2019 16:16:59.978 [http-nio-9080-exec-9] DEBUG MenuMgmtController.84 - Getting list menu menuItems....
05-08-2019 16:17:04.042 [http-nio-9080-exec-10] DEBUG MenuMgmtController.84 - Getting list menu menuItems....
05-08-2019 16:17:08.064 [http-nio-9080-exec-1] DEBUG MenuMgmtController.84 - Getting list menu menuItems....
05-08-2019 16:19:03.209 [main] INFO  ampos.restaurant.RestaurantApplication.48 - Starting RestaurantApplication on ubuntu19 with PID 29784 (/home/ubuntu19/Desktop/AMOP/restaurant/restaurant/target/classes started by ubuntu19 in /home/ubuntu19/Desktop/AMOP/restaurant/restaurant)
05-08-2019 16:19:03.210 [main] DEBUG ampos.restaurant.RestaurantApplication.51 - Running with Spring Boot v1.5.9.RELEASE, Spring v4.3.13.RELEASE
05-08-2019 16:19:03.210 [main] INFO  ampos.restaurant.RestaurantApplication.593 - No active profile set, falling back to default profiles: default
05-08-2019 16:19:06.416 [main] INFO  ampos.restaurant.domain.mapper.DefaultClassMapper.24 - Registering all class mapppers ...
05-08-2019 16:19:07.139 [main] INFO  ampos.restaurant.RestaurantApplication.57 - Started RestaurantApplication in 4.13 seconds (JVM running for 4.589)
05-08-2019 16:19:34.396 [http-nio-9080-exec-1] DEBUG MenuMgmtController.47 - Creating menu menuItem....
05-08-2019 16:19:43.743 [http-nio-9080-exec-2] DEBUG MenuMgmtController.47 - Creating menu menuItem....
05-08-2019 16:19:57.367 [http-nio-9080-exec-3] DEBUG MenuMgmtController.47 - Creating menu menuItem....
05-08-2019 16:20:09.722 [http-nio-9080-exec-4] DEBUG MenuMgmtController.84 - Getting list menu menuItems....
05-08-2019 16:20:14.217 [http-nio-9080-exec-5] DEBUG MenuMgmtController.84 - Getting list menu menuItems....
05-08-2019 16:21:40.093 [http-nio-9080-exec-7] DEBUG MenuMgmtController.69 - Getting menu menuItem....
05-08-2019 16:21:47.522 [http-nio-9080-exec-8] DEBUG MenuMgmtController.69 - Getting menu menuItem....
05-08-2019 16:25:29.391 [main] INFO  ampos.restaurant.RestaurantApplication.48 - Starting RestaurantApplication on ubuntu19 with PID 31946 (/home/ubuntu19/Desktop/AMOP/restaurant/restaurant/target/classes started by ubuntu19 in /home/ubuntu19/Desktop/AMOP/restaurant/restaurant)
05-08-2019 16:25:29.392 [main] DEBUG ampos.restaurant.RestaurantApplication.51 - Running with Spring Boot v1.5.9.RELEASE, Spring v4.3.13.RELEASE
05-08-2019 16:25:29.392 [main] INFO  ampos.restaurant.RestaurantApplication.593 - No active profile set, falling back to default profiles: default
05-08-2019 16:25:32.854 [main] INFO  ampos.restaurant.domain.mapper.DefaultClassMapper.24 - Registering all class mapppers ...
05-08-2019 16:25:33.641 [main] INFO  ampos.restaurant.RestaurantApplication.57 - Started RestaurantApplication in 4.443 seconds (JVM running for 4.919)
05-08-2019 16:25:46.735 [http-nio-9080-exec-1] DEBUG MenuMgmtController.84 - Getting list menu menuItems....
05-08-2019 16:25:51.646 [http-nio-9080-exec-2] DEBUG MenuMgmtController.69 - Getting menu menuItem....
05-08-2019 16:33:55.955 [main] INFO  ampos.restaurant.RestaurantApplication.48 - Starting RestaurantApplication on ubuntu19 with PID 1684 (/home/ubuntu19/Desktop/AMOP/restaurant/restaurant/target/classes started by ubuntu19 in /home/ubuntu19/Desktop/AMOP/restaurant/restaurant)
05-08-2019 16:33:55.956 [main] DEBUG ampos.restaurant.RestaurantApplication.51 - Running with Spring Boot v1.5.9.RELEASE, Spring v4.3.13.RELEASE
05-08-2019 16:33:55.957 [main] INFO  ampos.restaurant.RestaurantApplication.593 - No active profile set, falling back to default profiles: default
05-08-2019 16:33:58.846 [main] INFO  ampos.restaurant.domain.mapper.DefaultClassMapper.24 - Registering all class mapppers ...
05-08-2019 16:33:59.620 [main] INFO  ampos.restaurant.RestaurantApplication.57 - Started RestaurantApplication in 3.879 seconds (JVM running for 4.349)
05-08-2019 16:37:11.060 [main] INFO  ampos.restaurant.RestaurantApplication.48 - Starting RestaurantApplication on ubuntu19 with PID 3122 (/home/ubuntu19/Desktop/AMOP/restaurant/restaurant/target/classes started by ubuntu19 in /home/ubuntu19/Desktop/AMOP/restaurant/restaurant)
05-08-2019 16:37:11.061 [main] DEBUG ampos.restaurant.RestaurantApplication.51 - Running with Spring Boot v1.5.9.RELEASE, Spring v4.3.13.RELEASE
05-08-2019 16:37:11.061 [main] INFO  ampos.restaurant.RestaurantApplication.593 - No active profile set, falling back to default profiles: default
05-08-2019 16:37:14.141 [main] INFO  ampos.restaurant.domain.mapper.DefaultClassMapper.24 - Registering all class mapppers ...
05-08-2019 16:37:14.914 [main] INFO  ampos.restaurant.RestaurantApplication.57 - Started RestaurantApplication in 4.044 seconds (JVM running for 4.523)
05-08-2019 16:39:34.420 [main] INFO  ampos.restaurant.RestaurantApplication.48 - Starting RestaurantApplication on ubuntu19 with PID 3663 (/home/ubuntu19/Desktop/AMOP/restaurant/restaurant/target/classes started by ubuntu19 in /home/ubuntu19/Desktop/AMOP/restaurant/restaurant)
05-08-2019 16:39:34.421 [main] DEBUG ampos.restaurant.RestaurantApplication.51 - Running with Spring Boot v1.5.9.RELEASE, Spring v4.3.13.RELEASE
05-08-2019 16:39:34.422 [main] INFO  ampos.restaurant.RestaurantApplication.593 - No active profile set, falling back to default profiles: default
05-08-2019 16:39:37.970 [main] INFO  ampos.restaurant.domain.mapper.DefaultClassMapper.24 - Registering all class mapppers ...
05-08-2019 16:39:38.712 [main] INFO  ampos.restaurant.RestaurantApplication.57 - Started RestaurantApplication in 4.498 seconds (JVM running for 4.968)
05-08-2019 16:39:56.751 [http-nio-9080-exec-2] DEBUG MenuMgmtController.69 - Getting menu menuItem....
05-08-2019 16:42:28.340 [http-nio-9080-exec-9] DEBUG BillOrderMgmtController.50 - Getting bill order by Id...
05-08-2019 16:44:44.909 [http-nio-9080-exec-3] DEBUG BillOrderMgmtController.42 - Create bill order by Id
05-08-2019 16:45:42.920 [http-nio-9080-exec-4] DEBUG BillOrderMgmtController.65 - Getting bill order by Id...
05-08-2019 16:45:59.045 [http-nio-9080-exec-5] DEBUG BillOrderMgmtController.50 - Getting bill order by Id...
05-08-2019 16:47:16.780 [http-nio-9080-exec-7] DEBUG BillOrderMgmtController.102 - Editing bill order menuItem...
05-08-2019 16:48:37.862 [http-nio-9080-exec-10] DEBUG BillOrderMgmtController.73 - Getting bill order by Id...
05-08-2019 16:49:35.595 [http-nio-9080-exec-1] DEBUG BillOrderMgmtController.87 - Getting total price of bill order menuItems...
05-08-2019 17:36:35.745 [main] INFO  ampos.restaurant.RestaurantApplication.48 - Starting RestaurantApplication on ubuntu19 with PID 17344 (/home/ubuntu19/Desktop/AMOP/restaurant/restaurant/target/classes started by ubuntu19 in /home/ubuntu19/Desktop/AMOP/restaurant/restaurant)
05-08-2019 17:36:35.745 [main] DEBUG ampos.restaurant.RestaurantApplication.51 - Running with Spring Boot v1.5.9.RELEASE, Spring v4.3.13.RELEASE
05-08-2019 17:36:35.746 [main] INFO  ampos.restaurant.RestaurantApplication.593 - No active profile set, falling back to default profiles: default
05-08-2019 17:36:38.795 [main] INFO  ampos.restaurant.domain.mapper.DefaultClassMapper.24 - Registering all class mapppers ...
05-08-2019 17:36:39.530 [main] INFO  ampos.restaurant.RestaurantApplication.57 - Started RestaurantApplication in 3.976 seconds (JVM running for 4.424)
05-08-2019 17:36:59.109 [http-nio-9080-exec-1] DEBUG BillOrderMgmtController.73 - Getting bill order by Id...
05-08-2019 17:37:05.884 [http-nio-9080-exec-2] DEBUG BillOrderMgmtController.50 - Getting bill order by Id...
05-08-2019 17:37:09.728 [http-nio-9080-exec-3] DEBUG BillOrderMgmtController.65 - Getting bill order by Id...
05-08-2019 17:37:18.516 [http-nio-9080-exec-4] DEBUG MenuMgmtController.84 - Getting list menu menuItems....
05-08-2019 17:42:22.753 [main] INFO  ampos.restaurant.RestaurantApplication.48 - Starting RestaurantApplication on ubuntu19 with PID 18752 (/home/ubuntu19/Desktop/AMOP/restaurant/restaurant/target/classes started by ubuntu19 in /home/ubuntu19/Desktop/AMOP/restaurant/restaurant)
05-08-2019 17:42:22.754 [main] DEBUG ampos.restaurant.RestaurantApplication.51 - Running with Spring Boot v1.5.9.RELEASE, Spring v4.3.13.RELEASE
05-08-2019 17:42:22.755 [main] INFO  ampos.restaurant.RestaurantApplication.593 - No active profile set, falling back to default profiles: default
05-08-2019 17:42:26.253 [main] INFO  ampos.restaurant.domain.mapper.DefaultClassMapper.24 - Registering all class mapppers ...
05-08-2019 17:42:27.132 [main] INFO  ampos.restaurant.RestaurantApplication.57 - Started RestaurantApplication in 4.586 seconds (JVM running for 5.079)
05-08-2019 17:42:27.400 [http-nio-9080-exec-1] DEBUG BillOrderMgmtController.50 - Getting bill order by Id...
05-08-2019 17:42:52.048 [http-nio-9080-exec-2] DEBUG BillOrderMgmtController.102 - Editing bill order menuItem...
05-08-2019 17:43:52.568 [main] INFO  ampos.restaurant.RestaurantApplication.48 - Starting RestaurantApplication on ubuntu19 with PID 19048 (/home/ubuntu19/Desktop/AMOP/restaurant/restaurant/target/classes started by ubuntu19 in /home/ubuntu19/Desktop/AMOP/restaurant/restaurant)
05-08-2019 17:43:52.569 [main] DEBUG ampos.restaurant.RestaurantApplication.51 - Running with Spring Boot v1.5.9.RELEASE, Spring v4.3.13.RELEASE
05-08-2019 17:43:52.569 [main] INFO  ampos.restaurant.RestaurantApplication.593 - No active profile set, falling back to default profiles: default
05-08-2019 17:43:55.867 [main] INFO  ampos.restaurant.domain.mapper.DefaultClassMapper.24 - Registering all class mapppers ...
05-08-2019 17:43:56.634 [main] INFO  ampos.restaurant.RestaurantApplication.57 - Started RestaurantApplication in 4.255 seconds (JVM running for 4.706)
05-08-2019 17:43:57.237 [http-nio-9080-exec-1] DEBUG BillOrderMgmtController.50 - Getting bill order by Id...
05-08-2019 17:46:46.807 [http-nio-9080-exec-3] DEBUG BillOrderMgmtController.42 - Create bill order by Id
05-08-2019 17:47:14.568 [http-nio-9080-exec-4] DEBUG BillOrderMgmtController.42 - Create bill order by Id
05-08-2019 17:47:32.325 [http-nio-9080-exec-5] DEBUG BillOrderMgmtController.42 - Create bill order by Id
05-08-2019 17:47:46.155 [http-nio-9080-exec-6] DEBUG BillOrderMgmtController.50 - Getting bill order by Id...
05-08-2019 17:48:19.034 [http-nio-9080-exec-7] DEBUG BillOrderMgmtController.102 - Editing bill order menuItem...
05-08-2019 17:48:50.503 [http-nio-9080-exec-8] DEBUG BillOrderMgmtController.42 - Create bill order by Id
05-08-2019 17:49:22.195 [http-nio-9080-exec-9] DEBUG BillOrderMgmtController.42 - Create bill order by Id
05-08-2019 17:49:29.268 [http-nio-9080-exec-10] DEBUG BillOrderMgmtController.42 - Create bill order by Id
05-08-2019 17:50:15.452 [http-nio-9080-exec-1] DEBUG BillOrderMgmtController.50 - Getting bill order by Id...
05-08-2019 17:53:50.759 [main] INFO  ampos.restaurant.RestaurantApplication.48 - Starting RestaurantApplication on ubuntu19 with PID 21729 (/home/ubuntu19/Desktop/AMOP/restaurant/restaurant/target/classes started by ubuntu19 in /home/ubuntu19/Desktop/AMOP/restaurant/restaurant)
05-08-2019 17:53:50.759 [main] DEBUG ampos.restaurant.RestaurantApplication.51 - Running with Spring Boot v1.5.9.RELEASE, Spring v4.3.13.RELEASE
05-08-2019 17:53:50.760 [main] INFO  ampos.restaurant.RestaurantApplication.593 - No active profile set, falling back to default profiles: default
05-08-2019 17:53:54.068 [main] INFO  ampos.restaurant.domain.mapper.DefaultClassMapper.24 - Registering all class mapppers ...
05-08-2019 17:53:55.011 [main] INFO  ampos.restaurant.RestaurantApplication.57 - Started RestaurantApplication in 4.466 seconds (JVM running for 4.988)
05-08-2019 17:54:13.290 [http-nio-9080-exec-2] DEBUG BillOrderMgmtController.42 - Create bill order by Id
05-08-2019 17:55:31.126 [main] INFO  ampos.restaurant.RestaurantApplication.48 - Starting RestaurantApplication on ubuntu19 with PID 22704 (/home/ubuntu19/Desktop/AMOP/restaurant/restaurant/target/classes started by ubuntu19 in /home/ubuntu19/Desktop/AMOP/restaurant/restaurant)
05-08-2019 17:55:31.128 [main] DEBUG ampos.restaurant.RestaurantApplication.51 - Running with Spring Boot v1.5.9.RELEASE, Spring v4.3.13.RELEASE
05-08-2019 17:55:31.128 [main] INFO  ampos.restaurant.RestaurantApplication.593 - No active profile set, falling back to default profiles: default
05-08-2019 17:55:34.829 [main] INFO  ampos.restaurant.domain.mapper.DefaultClassMapper.24 - Registering all class mapppers ...
05-08-2019 17:55:35.605 [main] INFO  ampos.restaurant.RestaurantApplication.57 - Started RestaurantApplication in 4.677 seconds (JVM running for 5.177)
05-08-2019 17:55:52.814 [http-nio-9080-exec-1] DEBUG BillOrderMgmtController.42 - Create bill order by Id
05-08-2019 17:56:37.402 [main] INFO  ampos.restaurant.RestaurantApplication.48 - Starting RestaurantApplication on ubuntu19 with PID 22948 (/home/ubuntu19/Desktop/AMOP/restaurant/restaurant/target/classes started by ubuntu19 in /home/ubuntu19/Desktop/AMOP/restaurant/restaurant)
05-08-2019 17:56:37.403 [main] DEBUG ampos.restaurant.RestaurantApplication.51 - Running with Spring Boot v1.5.9.RELEASE, Spring v4.3.13.RELEASE
05-08-2019 17:56:37.403 [main] INFO  ampos.restaurant.RestaurantApplication.593 - No active profile set, falling back to default profiles: default
05-08-2019 17:56:41.452 [main] INFO  ampos.restaurant.domain.mapper.DefaultClassMapper.24 - Registering all class mapppers ...
05-08-2019 17:56:42.238 [main] INFO  ampos.restaurant.RestaurantApplication.57 - Started RestaurantApplication in 5.043 seconds (JVM running for 5.506)
05-08-2019 17:58:57.197 [main] INFO  ampos.restaurant.RestaurantApplication.48 - Starting RestaurantApplication on ubuntu19 with PID 23377 (/home/ubuntu19/Desktop/AMOP/restaurant/restaurant/target/classes started by ubuntu19 in /home/ubuntu19/Desktop/AMOP/restaurant/restaurant)
05-08-2019 17:58:57.198 [main] DEBUG ampos.restaurant.RestaurantApplication.51 - Running with Spring Boot v1.5.9.RELEASE, Spring v4.3.13.RELEASE
05-08-2019 17:58:57.200 [main] INFO  ampos.restaurant.RestaurantApplication.593 - No active profile set, falling back to default profiles: default
05-08-2019 17:59:00.281 [main] INFO  ampos.restaurant.domain.mapper.DefaultClassMapper.24 - Registering all class mapppers ...
05-08-2019 17:59:01.054 [main] INFO  ampos.restaurant.RestaurantApplication.57 - Started RestaurantApplication in 4.051 seconds (JVM running for 4.503)
05-08-2019 17:59:33.626 [http-nio-9080-exec-2] DEBUG MenuMgmtController.47 - Creating menu menuItem....
05-08-2019 18:00:05.973 [http-nio-9080-exec-3] DEBUG MenuMgmtController.47 - Creating menu menuItem....
05-08-2019 18:00:42.344 [http-nio-9080-exec-4] DEBUG MenuMgmtController.47 - Creating menu menuItem....
05-08-2019 18:01:24.290 [http-nio-9080-exec-5] DEBUG MenuMgmtController.47 - Creating menu menuItem....
05-08-2019 18:01:37.467 [http-nio-9080-exec-6] DEBUG MenuMgmtController.47 - Creating menu menuItem....
05-08-2019 18:02:24.603 [http-nio-9080-exec-7] DEBUG MenuMgmtController.47 - Creating menu menuItem....
05-08-2019 18:03:27.393 [main] INFO  ampos.restaurant.RestaurantApplication.48 - Starting RestaurantApplication on ubuntu19 with PID 24821 (/home/ubuntu19/Desktop/AMOP/restaurant/restaurant/target/classes started by ubuntu19 in /home/ubuntu19/Desktop/AMOP/restaurant/restaurant)
05-08-2019 18:03:27.394 [main] DEBUG ampos.restaurant.RestaurantApplication.51 - Running with Spring Boot v1.5.9.RELEASE, Spring v4.3.13.RELEASE
05-08-2019 18:03:27.394 [main] INFO  ampos.restaurant.RestaurantApplication.593 - No active profile set, falling back to default profiles: default
05-08-2019 18:03:30.723 [main] INFO  ampos.restaurant.domain.mapper.DefaultClassMapper.24 - Registering all class mapppers ...
05-08-2019 18:03:31.555 [main] INFO  ampos.restaurant.RestaurantApplication.57 - Started RestaurantApplication in 4.368 seconds (JVM running for 4.842)
05-08-2019 18:03:37.310 [http-nio-9080-exec-1] DEBUG MenuMgmtController.47 - Creating menu menuItem....
05-08-2019 18:04:12.098 [http-nio-9080-exec-2] DEBUG MenuMgmtController.47 - Creating menu menuItem....
05-08-2019 18:04:21.566 [http-nio-9080-exec-3] DEBUG MenuMgmtController.47 - Creating menu menuItem....
05-08-2019 18:05:30.906 [main] INFO  ampos.restaurant.RestaurantApplication.48 - Starting RestaurantApplication on ubuntu19 with PID 25890 (/home/ubuntu19/Desktop/AMOP/restaurant/restaurant/target/classes started by ubuntu19 in /home/ubuntu19/Desktop/AMOP/restaurant/restaurant)
05-08-2019 18:05:30.906 [main] DEBUG ampos.restaurant.RestaurantApplication.51 - Running with Spring Boot v1.5.9.RELEASE, Spring v4.3.13.RELEASE
05-08-2019 18:05:30.907 [main] INFO  ampos.restaurant.RestaurantApplication.593 - No active profile set, falling back to default profiles: default
05-08-2019 18:05:35.645 [main] INFO  ampos.restaurant.domain.mapper.DefaultClassMapper.24 - Registering all class mapppers ...
05-08-2019 18:05:36.822 [main] INFO  ampos.restaurant.RestaurantApplication.57 - Started RestaurantApplication in 6.126 seconds (JVM running for 6.597)
05-08-2019 18:05:49.156 [http-nio-9080-exec-1] DEBUG MenuMgmtController.47 - Creating menu menuItem....
05-08-2019 18:06:40.697 [http-nio-9080-exec-2] DEBUG MenuMgmtController.47 - Creating menu menuItem....
05-08-2019 18:07:33.701 [http-nio-9080-exec-4] DEBUG BillOrderMgmtController.42 - Create bill order by Id
05-08-2019 18:09:05.557 [http-nio-9080-exec-6] DEBUG BillOrderMgmtController.50 - Getting bill order by Id...
05-08-2019 18:09:24.581 [http-nio-9080-exec-7] DEBUG BillOrderMgmtController.102 - Editing bill order menuItem...
05-08-2019 18:10:45.965 [main] INFO  ampos.restaurant.RestaurantApplication.48 - Starting RestaurantApplication on ubuntu19 with PID 27495 (/home/ubuntu19/Desktop/AMOP/restaurant/restaurant/target/classes started by ubuntu19 in /home/ubuntu19/Desktop/AMOP/restaurant/restaurant)
05-08-2019 18:10:45.966 [main] DEBUG ampos.restaurant.RestaurantApplication.51 - Running with Spring Boot v1.5.9.RELEASE, Spring v4.3.13.RELEASE
05-08-2019 18:10:45.967 [main] INFO  ampos.restaurant.RestaurantApplication.593 - No active profile set, falling back to default profiles: default
05-08-2019 18:10:48.975 [main] INFO  ampos.restaurant.domain.mapper.DefaultClassMapper.24 - Registering all class mapppers ...
05-08-2019 18:10:49.720 [main] INFO  ampos.restaurant.RestaurantApplication.57 - Started RestaurantApplication in 3.943 seconds (JVM running for 4.419)
05-08-2019 18:10:55.259 [http-nio-9080-exec-1] DEBUG BillOrderMgmtController.102 - Editing bill order menuItem...
05-08-2019 18:11:29.670 [http-nio-9080-exec-3] DEBUG MenuMgmtController.47 - Creating menu menuItem....
05-08-2019 18:12:12.938 [http-nio-9080-exec-5] DEBUG BillOrderMgmtController.50 - Getting bill order by Id...
05-08-2019 18:12:31.821 [http-nio-9080-exec-6] DEBUG BillOrderMgmtController.102 - Editing bill order menuItem...
05-08-2019 18:12:50.492 [http-nio-9080-exec-8] DEBUG BillOrderMgmtController.102 - Editing bill order menuItem...
05-08-2019 18:12:53.687 [http-nio-9080-exec-7] DEBUG BillOrderMgmtController.102 - Editing bill order menuItem...
05-08-2019 18:13:50.160 [main] INFO  ampos.restaurant.RestaurantApplication.48 - Starting RestaurantApplication on ubuntu19 with PID 27849 (/home/ubuntu19/Desktop/AMOP/restaurant/restaurant/target/classes started by ubuntu19 in /home/ubuntu19/Desktop/AMOP/restaurant/restaurant)
05-08-2019 18:13:50.161 [main] DEBUG ampos.restaurant.RestaurantApplication.51 - Running with Spring Boot v1.5.9.RELEASE, Spring v4.3.13.RELEASE
05-08-2019 18:13:50.161 [main] INFO  ampos.restaurant.RestaurantApplication.593 - No active profile set, falling back to default profiles: default
05-08-2019 18:13:53.816 [main] INFO  ampos.restaurant.domain.mapper.DefaultClassMapper.24 - Registering all class mapppers ...
05-08-2019 18:13:54.588 [main] INFO  ampos.restaurant.RestaurantApplication.57 - Started RestaurantApplication in 4.613 seconds (JVM running for 5.082)
05-08-2019 18:14:03.806 [http-nio-9080-exec-1] DEBUG BillOrderMgmtController.50 - Getting bill order by Id...
05-08-2019 18:14:08.001 [http-nio-9080-exec-2] DEBUG MenuMgmtController.84 - Getting list menu menuItems....
05-08-2019 18:14:25.103 [http-nio-9080-exec-4] DEBUG MenuMgmtController.47 - Creating menu menuItem....
05-08-2019 18:14:44.003 [http-nio-9080-exec-5] DEBUG BillOrderMgmtController.50 - Getting bill order by Id...
05-08-2019 18:15:25.778 [http-nio-9080-exec-6] DEBUG BillOrderMgmtController.42 - Create bill order by Id
05-08-2019 18:15:38.264 [http-nio-9080-exec-7] DEBUG BillOrderMgmtController.50 - Getting bill order by Id...
05-08-2019 18:15:52.242 [http-nio-9080-exec-8] DEBUG BillOrderMgmtController.102 - Editing bill order menuItem...
05-08-2019 18:16:01.676 [http-nio-9080-exec-9] DEBUG BillOrderMgmtController.102 - Editing bill order menuItem...
05-08-2019 18:18:37.535 [main] INFO  MenuMgmtControllerTestCase.48 - Starting MenuMgmtControllerTestCase on ubuntu19 with PID 29207 (started by ubuntu19 in /home/ubuntu19/Desktop/AMOP/restaurant/restaurant)
05-08-2019 18:18:37.535 [main] DEBUG MenuMgmtControllerTestCase.51 - Running with Spring Boot v1.5.9.RELEASE, Spring v4.3.13.RELEASE
05-08-2019 18:18:37.536 [main] INFO  MenuMgmtControllerTestCase.597 - The following profiles are active: test
05-08-2019 18:18:41.673 [main] INFO  ampos.restaurant.domain.mapper.DefaultClassMapper.24 - Registering all class mapppers ...
05-08-2019 18:18:42.591 [main] INFO  MenuMgmtControllerTestCase.57 - Started MenuMgmtControllerTestCase in 5.273 seconds (JVM running for 6.064)
05-08-2019 18:18:45.678 [main] INFO  MenuMgmtControllerTestCase.48 - Starting MenuMgmtControllerTestCase on ubuntu19 with PID 29207 (started by ubuntu19 in /home/ubuntu19/Desktop/AMOP/restaurant/restaurant)
05-08-2019 18:18:45.678 [main] DEBUG MenuMgmtControllerTestCase.51 - Running with Spring Boot v1.5.9.RELEASE, Spring v4.3.13.RELEASE
05-08-2019 18:18:45.678 [main] INFO  MenuMgmtControllerTestCase.597 - The following profiles are active: test
05-08-2019 18:18:46.782 [main] INFO  ampos.restaurant.domain.mapper.DefaultClassMapper.24 - Registering all class mapppers ...
05-08-2019 18:18:47.201 [main] INFO  MenuMgmtControllerTestCase.57 - Started MenuMgmtControllerTestCase in 1.571 seconds (JVM running for 10.674)
05-08-2019 18:18:47.631 [http-nio-9080-exec-1] DEBUG MenuMgmtController.47 - Creating menu menuItem....
05-08-2019 18:18:48.271 [http-nio-9080-exec-2] DEBUG MenuMgmtController.69 - Getting menu menuItem....
05-08-2019 18:33:50.422 [main] INFO  ampos.restaurant.RestaurantApplication.48 - Starting RestaurantApplication on ubuntu19 with PID 373 (/home/ubuntu19/Desktop/AMOP/restaurant/restaurant/target/classes started by ubuntu19 in /home/ubuntu19/Desktop/AMOP/restaurant/restaurant)
05-08-2019 18:33:50.424 [main] DEBUG ampos.restaurant.RestaurantApplication.51 - Running with Spring Boot v1.5.9.RELEASE, Spring v4.3.13.RELEASE
05-08-2019 18:33:50.424 [main] INFO  ampos.restaurant.RestaurantApplication.593 - No active profile set, falling back to default profiles: default
05-08-2019 18:33:53.437 [main] INFO  ampos.restaurant.domain.mapper.DefaultClassMapper.24 - Registering all class mapppers ...
05-08-2019 18:33:54.146 [main] INFO  ampos.restaurant.RestaurantApplication.57 - Started RestaurantApplication in 3.921 seconds (JVM running for 4.409)
05-08-2019 18:34:17.040 [http-nio-9080-exec-1] DEBUG BillOrderMgmtController.42 - Create bill order by Id
05-08-2019 18:34:20.912 [http-nio-9080-exec-2] DEBUG BillOrderMgmtController.50 - Getting bill order by Id...
05-08-2019 18:35:16.241 [http-nio-9080-exec-3] DEBUG BillOrderMgmtController.42 - Create bill order by Id
05-08-2019 18:35:40.673 [http-nio-9080-exec-4] DEBUG BillOrderMgmtController.50 - Getting bill order by Id...
05-08-2019 18:35:45.284 [http-nio-9080-exec-5] DEBUG BillOrderMgmtController.87 - Getting total price of bill order menuItems...
05-08-2019 18:35:50.601 [http-nio-9080-exec-6] DEBUG BillOrderMgmtController.73 - Getting bill order by Id...
05-08-2019 18:35:53.493 [http-nio-9080-exec-7] DEBUG BillOrderMgmtController.73 - Getting bill order by Id...
05-08-2019 18:35:56.343 [http-nio-9080-exec-8] DEBUG BillOrderMgmtController.73 - Getting bill order by Id...
05-08-2019 18:36:48.560 [main] INFO  ampos.restaurant.RestaurantApplication.48 - Starting RestaurantApplication on ubuntu19 with PID 1507 (/home/ubuntu19/Desktop/AMOP/restaurant/restaurant/target/classes started by ubuntu19 in /home/ubuntu19/Desktop/AMOP/restaurant/restaurant)
05-08-2019 18:36:48.560 [main] DEBUG ampos.restaurant.RestaurantApplication.51 - Running with Spring Boot v1.5.9.RELEASE, Spring v4.3.13.RELEASE
05-08-2019 18:36:48.561 [main] INFO  ampos.restaurant.RestaurantApplication.593 - No active profile set, falling back to default profiles: default
05-08-2019 18:36:52.508 [main] INFO  ampos.restaurant.domain.mapper.DefaultClassMapper.24 - Registering all class mapppers ...
05-08-2019 18:36:53.360 [main] INFO  ampos.restaurant.RestaurantApplication.57 - Started RestaurantApplication in 4.991 seconds (JVM running for 5.551)
05-08-2019 18:38:31.346 [http-nio-9080-exec-1] DEBUG MenuMgmtController.47 - Creating menu menuItem....
05-08-2019 18:38:57.904 [http-nio-9080-exec-2] DEBUG MenuMgmtController.47 - Creating menu menuItem....
05-08-2019 18:40:02.509 [main] INFO  ampos.restaurant.RestaurantApplication.48 - Starting RestaurantApplication on ubuntu19 with PID 1989 (/home/ubuntu19/Desktop/AMOP/restaurant/restaurant/target/classes started by ubuntu19 in /home/ubuntu19/Desktop/AMOP/restaurant/restaurant)
05-08-2019 18:40:02.510 [main] DEBUG ampos.restaurant.RestaurantApplication.51 - Running with Spring Boot v1.5.9.RELEASE, Spring v4.3.13.RELEASE
05-08-2019 18:40:02.510 [main] INFO  ampos.restaurant.RestaurantApplication.593 - No active profile set, falling back to default profiles: default
05-08-2019 18:40:06.250 [main] INFO  ampos.restaurant.domain.mapper.DefaultClassMapper.24 - Registering all class mapppers ...
05-08-2019 18:40:07.415 [main] INFO  ampos.restaurant.RestaurantApplication.57 - Started RestaurantApplication in 5.221 seconds (JVM running for 5.998)
05-08-2019 18:40:25.088 [http-nio-9080-exec-1] DEBUG MenuMgmtController.84 - Getting list menu menuItems....
05-08-2019 18:40:36.356 [http-nio-9080-exec-2] DEBUG MenuMgmtController.47 - Creating menu menuItem....
05-08-2019 18:41:43.103 [http-nio-9080-exec-4] DEBUG BillOrderMgmtController.42 - Create bill order by Id
05-08-2019 18:42:33.691 [http-nio-9080-exec-5] DEBUG BillOrderMgmtController.50 - Getting bill order by Id...
05-08-2019 18:42:50.873 [http-nio-9080-exec-6] DEBUG BillOrderMgmtController.102 - Editing bill order menuItem...
08-08-2019 18:03:09.835 [main] INFO  ampos.restaurant.RestaurantApplication.50 - Starting RestaurantApplication on hvtho with PID 23770 (/home/hvtho/Desktop/restaurant_TRONG_rev4.0/restaurant/target/ampos-restaurant-1.0-SNAPSHOT.jar started by hvtho in /home/hvtho/Desktop/restaurant_TRONG_rev4.0/restaurant)
08-08-2019 18:03:09.837 [main] DEBUG ampos.restaurant.RestaurantApplication.53 - Running with Spring Boot v2.0.1.RELEASE, Spring v5.0.5.RELEASE
08-08-2019 18:03:09.839 [main] INFO  ampos.restaurant.RestaurantApplication.659 - No active profile set, falling back to default profiles: default
08-08-2019 18:05:03.448 [main] INFO  ampos.restaurant.RestaurantApplication.50 - Starting RestaurantApplication on hvtho with PID 24047 (/home/hvtho/Desktop/restaurant_TRONG_rev4.0/restaurant/target/ampos-restaurant-1.0-SNAPSHOT.jar started by hvtho in /home/hvtho/Desktop/restaurant_TRONG_rev4.0/restaurant)
08-08-2019 18:05:03.449 [main] DEBUG ampos.restaurant.RestaurantApplication.53 - Running with Spring Boot v2.0.1.RELEASE, Spring v5.0.5.RELEASE
08-08-2019 18:05:03.451 [main] INFO  ampos.restaurant.RestaurantApplication.659 - No active profile set, falling back to default profiles: default
08-08-2019 18:07:01.286 [main] INFO  ampos.restaurant.RestaurantApplication.50 - Starting RestaurantApplication on hvtho with PID 24207 (/home/hvtho/Desktop/restaurant_TRONG_rev4.0/restaurant/target/ampos-restaurant-1.0-SNAPSHOT.jar started by hvtho in /home/hvtho/Desktop/restaurant_TRONG_rev4.0/restaurant)
08-08-2019 18:07:01.287 [main] DEBUG ampos.restaurant.RestaurantApplication.53 - Running with Spring Boot v2.0.1.RELEASE, Spring v5.0.5.RELEASE
08-08-2019 18:07:01.288 [main] INFO  ampos.restaurant.RestaurantApplication.659 - No active profile set, falling back to default profiles: default
08-08-2019 18:09:58.853 [main] INFO  ampos.restaurant.RestaurantApplication.50 - Starting RestaurantApplication on hvtho with PID 24484 (/home/hvtho/Desktop/restaurant_TRONG_rev4.0/restaurant/target/ampos-restaurant-1.0-SNAPSHOT.jar started by hvtho in /home/hvtho/Desktop/restaurant_TRONG_rev4.0/restaurant)
08-08-2019 18:09:58.854 [main] DEBUG ampos.restaurant.RestaurantApplication.53 - Running with Spring Boot v2.0.1.RELEASE, Spring v5.0.5.RELEASE
08-08-2019 18:09:58.856 [main] INFO  ampos.restaurant.RestaurantApplication.659 - No active profile set, falling back to default profiles: default
08-08-2019 18:15:12.622 [main] INFO  ampos.restaurant.RestaurantApplication.50 - Starting RestaurantApplication on hvtho with PID 24987 (/home/hvtho/Desktop/restaurant_TRONG_rev4.0/restaurant/target/ampos-restaurant-1.0-SNAPSHOT.jar started by hvtho in /home/hvtho/Desktop/restaurant_TRONG_rev4.0/restaurant)
08-08-2019 18:15:12.623 [main] DEBUG ampos.restaurant.RestaurantApplication.53 - Running with Spring Boot v2.0.1.RELEASE, Spring v5.0.5.RELEASE
08-08-2019 18:15:12.623 [main] INFO  ampos.restaurant.RestaurantApplication.659 - No active profile set, falling back to default profiles: default
08-08-2019 18:17:13.626 [main] INFO  ampos.restaurant.RestaurantApplication.50 - Starting RestaurantApplication on hvtho with PID 25320 (/home/hvtho/Desktop/restaurant_TRONG_rev4.0/restaurant/target/ampos-restaurant-1.0-SNAPSHOT.jar started by hvtho in /home/hvtho/Desktop/restaurant_TRONG_rev4.0/restaurant)
08-08-2019 18:17:13.628 [main] DEBUG ampos.restaurant.RestaurantApplication.53 - Running with Spring Boot v2.0.1.RELEASE, Spring v5.0.5.RELEASE
08-08-2019 18:17:13.629 [main] INFO  ampos.restaurant.RestaurantApplication.659 - No active profile set, falling back to default profiles: default
08-08-2019 20:59:11.356 [main] INFO  ampos.restaurant.RestaurantApplication.50 - Starting RestaurantApplication on hvtho with PID 27660 (/home/hvtho/Desktop/restaurant_THO_rev4.0/restaurant/target/ampos-restaurant-1.0-SNAPSHOT.jar started by hvtho in /home/hvtho/Desktop/restaurant_THO_rev4.0/restaurant)
08-08-2019 20:59:11.357 [main] DEBUG ampos.restaurant.RestaurantApplication.53 - Running with Spring Boot v2.0.1.RELEASE, Spring v5.0.5.RELEASE
08-08-2019 20:59:11.358 [main] INFO  ampos.restaurant.RestaurantApplication.659 - No active profile set, falling back to default profiles: default
08-08-2019 21:00:45.707 [main] INFO  ampos.restaurant.RestaurantApplication.50 - Starting RestaurantApplication on hvtho with PID 27756 (/home/hvtho/Desktop/restaurant_THO_rev4.0/restaurant/target/ampos-restaurant-1.0-SNAPSHOT.jar started by hvtho in /home/hvtho/Desktop/restaurant_THO_rev4.0/restaurant)
08-08-2019 21:00:45.708 [main] DEBUG ampos.restaurant.RestaurantApplication.53 - Running with Spring Boot v2.0.1.RELEASE, Spring v5.0.5.RELEASE
08-08-2019 21:00:45.710 [main] INFO  ampos.restaurant.RestaurantApplication.659 - No active profile set, falling back to default profiles: default
08-08-2019 21:00:56.503 [main] INFO  ampos.restaurant.RestaurantApplication.50 - Starting RestaurantApplication on hvtho with PID 27783 (/home/hvtho/Desktop/restaurant_THO_rev4.0/restaurant/target/ampos-restaurant-1.0-SNAPSHOT.jar started by hvtho in /home/hvtho/Desktop/restaurant_THO_rev4.0/restaurant)
08-08-2019 21:00:56.505 [main] DEBUG ampos.restaurant.RestaurantApplication.53 - Running with Spring Boot v2.0.1.RELEASE, Spring v5.0.5.RELEASE
08-08-2019 21:00:56.506 [main] INFO  ampos.restaurant.RestaurantApplication.659 - No active profile set, falling back to default profiles: default
08-08-2019 21:01:16.076 [main] INFO  ampos.restaurant.RestaurantApplication.50 - Starting RestaurantApplication on hvtho with PID 27817 (/home/hvtho/Desktop/restaurant_THO_rev4.0/restaurant/target/ampos-restaurant-1.0-SNAPSHOT.jar started by hvtho in /home/hvtho/Desktop/restaurant_THO_rev4.0/restaurant)
08-08-2019 21:01:16.077 [main] DEBUG ampos.restaurant.RestaurantApplication.53 - Running with Spring Boot v2.0.1.RELEASE, Spring v5.0.5.RELEASE
08-08-2019 21:01:16.078 [main] INFO  ampos.restaurant.RestaurantApplication.659 - No active profile set, falling back to default profiles: default
08-08-2019 21:04:48.924 [main] INFO  ampos.restaurant.RestaurantApplication.50 - Starting RestaurantApplication on hvtho with PID 28034 (/home/hvtho/Desktop/restaurant_THO_rev4.0/restaurant/target/ampos-restaurant-1.0-SNAPSHOT.jar started by hvtho in /home/hvtho/Desktop/restaurant_THO_rev4.0/restaurant)
08-08-2019 21:04:48.925 [main] DEBUG ampos.restaurant.RestaurantApplication.53 - Running with Spring Boot v2.0.1.RELEASE, Spring v5.0.5.RELEASE
08-08-2019 21:04:48.925 [main] INFO  ampos.restaurant.RestaurantApplication.659 - No active profile set, falling back to default profiles: default
08-08-2019 21:04:59.839 [main] INFO  ampos.restaurant.RestaurantApplication.50 - Starting RestaurantApplication on hvtho with PID 28065 (/home/hvtho/Desktop/restaurant_THO_rev4.0/restaurant/target/ampos-restaurant-1.0-SNAPSHOT.jar started by hvtho in /home/hvtho/Desktop/restaurant_THO_rev4.0/restaurant)
08-08-2019 21:04:59.841 [main] DEBUG ampos.restaurant.RestaurantApplication.53 - Running with Spring Boot v2.0.1.RELEASE, Spring v5.0.5.RELEASE
08-08-2019 21:04:59.842 [main] INFO  ampos.restaurant.RestaurantApplication.659 - No active profile set, falling back to default profiles: default
08-08-2019 21:05:32.590 [main] INFO  ampos.restaurant.RestaurantApplication.50 - Starting RestaurantApplication on hvtho with PID 28108 (/home/hvtho/Desktop/restaurant_THO_rev4.0/restaurant/target/ampos-restaurant-1.0-SNAPSHOT.jar started by hvtho in /home/hvtho/Desktop/restaurant_THO_rev4.0/restaurant)
08-08-2019 21:05:32.591 [main] DEBUG ampos.restaurant.RestaurantApplication.53 - Running with Spring Boot v2.0.1.RELEASE, Spring v5.0.5.RELEASE
08-08-2019 21:05:32.592 [main] INFO  ampos.restaurant.RestaurantApplication.659 - No active profile set, falling back to default profiles: default
08-08-2019 21:17:02.994 [main] INFO  ampos.restaurant.RestaurantApplication.50 - Starting RestaurantApplication on hvtho with PID 28365 (/home/hvtho/Desktop/restaurant_THO_rev4.0/restaurant/target/ampos-restaurant-1.0-SNAPSHOT.jar started by hvtho in /home/hvtho/Desktop/restaurant_THO_rev4.0/restaurant)
08-08-2019 21:17:02.995 [main] DEBUG ampos.restaurant.RestaurantApplication.53 - Running with Spring Boot v2.0.1.RELEASE, Spring v5.0.5.RELEASE
08-08-2019 21:17:02.996 [main] INFO  ampos.restaurant.RestaurantApplication.659 - No active profile set, falling back to default profiles: default
08-08-2019 21:18:52.013 [main] INFO  ampos.restaurant.RestaurantApplication.50 - Starting RestaurantApplication on hvtho with PID 28445 (/home/hvtho/Desktop/restaurant_THO_rev4.0/restaurant/target/ampos-restaurant-1.0-SNAPSHOT.jar started by hvtho in /home/hvtho/Desktop/restaurant_THO_rev4.0/restaurant)
08-08-2019 21:18:52.014 [main] DEBUG ampos.restaurant.RestaurantApplication.53 - Running with Spring Boot v2.0.1.RELEASE, Spring v5.0.5.RELEASE
08-08-2019 21:18:52.015 [main] INFO  ampos.restaurant.RestaurantApplication.659 - No active profile set, falling back to default profiles: default
08-08-2019 21:33:02.199 [main] INFO  ampos.restaurant.RestaurantApplication.50 - Starting RestaurantApplication on hvtho with PID 28737 (/home/hvtho/Desktop/restaurant_THO_rev4.0/restaurant/target/ampos-restaurant-1.0-SNAPSHOT.jar started by hvtho in /home/hvtho/Desktop/restaurant_THO_rev4.0/restaurant)
08-08-2019 21:33:02.200 [main] DEBUG ampos.restaurant.RestaurantApplication.53 - Running with Spring Boot v2.0.1.RELEASE, Spring v5.0.5.RELEASE
08-08-2019 21:33:02.201 [main] INFO  ampos.restaurant.RestaurantApplication.659 - No active profile set, falling back to default profiles: default
08-08-2019 21:37:50.068 [main] INFO  ampos.restaurant.RestaurantApplication.50 - Starting RestaurantApplication on hvtho with PID 28924 (/home/hvtho/Desktop/restaurant_THO_rev4.0/restaurant/target/classes started by hvtho in /home/hvtho/Desktop/restaurant_THO_rev4.0/restaurant)
08-08-2019 21:37:50.069 [main] DEBUG ampos.restaurant.RestaurantApplication.53 - Running with Spring Boot v2.0.1.RELEASE, Spring v5.0.5.RELEASE
08-08-2019 21:37:50.070 [main] INFO  ampos.restaurant.RestaurantApplication.659 - No active profile set, falling back to default profiles: default
