04-08-2019 00:07:00.486 [main] INFO  ampos.restaurant.RestaurantApplication.48 - Starting RestaurantApplication on ubuntu19 with PID 11128 (/home/ubuntu19/Desktop/AMOP/restaurant/restaurant/target/classes started by ubuntu19 in /home/ubuntu19/Desktop/AMOP/restaurant/restaurant)
04-08-2019 00:07:00.494 [main] DEBUG ampos.restaurant.RestaurantApplication.51 - Running with Spring Boot v1.5.9.RELEASE, Spring v4.3.13.RELEASE
04-08-2019 00:07:00.495 [main] INFO  ampos.restaurant.RestaurantApplication.593 - No active profile set, falling back to default profiles: default
04-08-2019 00:07:03.653 [main] INFO  ampos.restaurant.domain.mapper.DefaultClassMapper.24 - Registering all class mapppers ...
04-08-2019 00:07:04.647 [main] INFO  ampos.restaurant.RestaurantApplication.57 - Started RestaurantApplication in 4.4 seconds (JVM running for 4.905)
04-08-2019 00:07:46.497 [http-nio-9080-exec-1] DEBUG BillOrderMgmtController.56 - Getting bill order by Id...
04-08-2019 00:09:28.244 [main] INFO  ampos.restaurant.RestaurantApplication.48 - Starting RestaurantApplication on ubuntu19 with PID 11601 (/home/ubuntu19/Desktop/AMOP/restaurant/restaurant/target/classes started by ubuntu19 in /home/ubuntu19/Desktop/AMOP/restaurant/restaurant)
04-08-2019 00:09:28.246 [main] DEBUG ampos.restaurant.RestaurantApplication.51 - Running with Spring Boot v1.5.9.RELEASE, Spring v4.3.13.RELEASE
04-08-2019 00:09:28.246 [main] INFO  ampos.restaurant.RestaurantApplication.593 - No active profile set, falling back to default profiles: default
04-08-2019 00:09:31.162 [main] INFO  ampos.restaurant.domain.mapper.DefaultClassMapper.24 - Registering all class mapppers ...
04-08-2019 00:09:31.945 [main] INFO  ampos.restaurant.RestaurantApplication.57 - Started RestaurantApplication in 3.906 seconds (JVM running for 4.411)
04-08-2019 00:09:42.651 [http-nio-9080-exec-1] DEBUG BillOrderMgmtController.56 - Getting bill order by Id...
04-08-2019 00:14:21.840 [main] INFO  ampos.restaurant.RestaurantApplication.48 - Starting RestaurantApplication on ubuntu19 with PID 12938 (/home/ubuntu19/Desktop/AMOP/restaurant/restaurant/target/classes started by ubuntu19 in /home/ubuntu19/Desktop/AMOP/restaurant/restaurant)
04-08-2019 00:14:21.841 [main] DEBUG ampos.restaurant.RestaurantApplication.51 - Running with Spring Boot v1.5.9.RELEASE, Spring v4.3.13.RELEASE
04-08-2019 00:14:21.841 [main] INFO  ampos.restaurant.RestaurantApplication.593 - No active profile set, falling back to default profiles: default
04-08-2019 00:14:25.586 [main] INFO  ampos.restaurant.domain.mapper.DefaultClassMapper.24 - Registering all class mapppers ...
04-08-2019 00:14:27.314 [main] INFO  ampos.restaurant.RestaurantApplication.57 - Started RestaurantApplication in 5.685 seconds (JVM running for 6.216)
04-08-2019 00:15:23.729 [main] INFO  ampos.restaurant.RestaurantApplication.48 - Starting RestaurantApplication on ubuntu19 with PID 13911 (/home/ubuntu19/Desktop/AMOP/restaurant/restaurant/target/classes started by ubuntu19 in /home/ubuntu19/Desktop/AMOP/restaurant/restaurant)
04-08-2019 00:15:23.730 [main] DEBUG ampos.restaurant.RestaurantApplication.51 - Running with Spring Boot v1.5.9.RELEASE, Spring v4.3.13.RELEASE
04-08-2019 00:15:23.730 [main] INFO  ampos.restaurant.RestaurantApplication.593 - No active profile set, falling back to default profiles: default
04-08-2019 00:15:27.267 [main] INFO  ampos.restaurant.domain.mapper.DefaultClassMapper.24 - Registering all class mapppers ...
04-08-2019 00:15:27.961 [main] INFO  ampos.restaurant.RestaurantApplication.57 - Started RestaurantApplication in 4.438 seconds (JVM running for 4.924)
04-08-2019 00:15:31.426 [http-nio-9080-exec-1] DEBUG MenuMgmtController.91 - Getting list menu menuItems....
04-08-2019 00:16:58.306 [http-nio-9080-exec-8] DEBUG BillOrderMgmtController.56 - Getting bill order by Id...
04-08-2019 00:17:01.752 [http-nio-9080-exec-9] DEBUG BillOrderMgmtController.56 - Getting bill order by Id...
04-08-2019 00:17:07.858 [http-nio-9080-exec-4] DEBUG BillOrderMgmtController.56 - Getting bill order by Id...
04-08-2019 00:17:12.665 [http-nio-9080-exec-10] DEBUG BillOrderMgmtController.56 - Getting bill order by Id...
04-08-2019 00:17:15.869 [http-nio-9080-exec-1] DEBUG BillOrderMgmtController.56 - Getting bill order by Id...
04-08-2019 14:40:53.503 [main] INFO  ampos.restaurant.RestaurantApplication.48 - Starting RestaurantApplication on ubuntu19 with PID 10957 (/home/ubuntu19/Desktop/AMOP/restaurant/restaurant/target/classes started by ubuntu19 in /home/ubuntu19/Desktop/AMOP/restaurant/restaurant)
04-08-2019 14:40:53.504 [main] DEBUG ampos.restaurant.RestaurantApplication.51 - Running with Spring Boot v1.5.9.RELEASE, Spring v4.3.13.RELEASE
04-08-2019 14:40:53.505 [main] INFO  ampos.restaurant.RestaurantApplication.593 - No active profile set, falling back to default profiles: default
04-08-2019 14:41:18.260 [main] INFO  ampos.restaurant.RestaurantApplication.48 - Starting RestaurantApplication on ubuntu19 with PID 11080 (/home/ubuntu19/Desktop/AMOP/restaurant/restaurant/target/classes started by ubuntu19 in /home/ubuntu19/Desktop/AMOP/restaurant/restaurant)
04-08-2019 14:41:18.261 [main] DEBUG ampos.restaurant.RestaurantApplication.51 - Running with Spring Boot v1.5.9.RELEASE, Spring v4.3.13.RELEASE
04-08-2019 14:41:18.261 [main] INFO  ampos.restaurant.RestaurantApplication.593 - No active profile set, falling back to default profiles: default
04-08-2019 14:43:09.679 [main] INFO  ampos.restaurant.RestaurantApplication.48 - Starting RestaurantApplication on ubuntu19 with PID 11313 (/home/ubuntu19/Desktop/AMOP/restaurant/restaurant/target/classes started by ubuntu19 in /home/ubuntu19/Desktop/AMOP/restaurant/restaurant)
04-08-2019 14:43:09.680 [main] DEBUG ampos.restaurant.RestaurantApplication.51 - Running with Spring Boot v1.5.9.RELEASE, Spring v4.3.13.RELEASE
04-08-2019 14:43:09.680 [main] INFO  ampos.restaurant.RestaurantApplication.593 - No active profile set, falling back to default profiles: default
04-08-2019 14:48:09.287 [main] INFO  ampos.restaurant.RestaurantApplication.48 - Starting RestaurantApplication on ubuntu19 with PID 12471 (/home/ubuntu19/Desktop/AMOP/restaurant/restaurant/target/classes started by ubuntu19 in /home/ubuntu19/Desktop/AMOP/restaurant/restaurant)
04-08-2019 14:48:09.288 [main] DEBUG ampos.restaurant.RestaurantApplication.51 - Running with Spring Boot v1.5.9.RELEASE, Spring v4.3.13.RELEASE
04-08-2019 14:48:09.288 [main] INFO  ampos.restaurant.RestaurantApplication.593 - No active profile set, falling back to default profiles: default
04-08-2019 14:54:28.278 [main] INFO  ampos.restaurant.RestaurantApplication.48 - Starting RestaurantApplication on ubuntu19 with PID 13922 (/home/ubuntu19/Desktop/AMOP/restaurant/restaurant/target/classes started by ubuntu19 in /home/ubuntu19/Desktop/AMOP/restaurant/restaurant)
04-08-2019 14:54:28.279 [main] DEBUG ampos.restaurant.RestaurantApplication.51 - Running with Spring Boot v1.5.9.RELEASE, Spring v4.3.13.RELEASE
04-08-2019 14:54:28.279 [main] INFO  ampos.restaurant.RestaurantApplication.593 - No active profile set, falling back to default profiles: default
04-08-2019 14:57:46.166 [main] INFO  ampos.restaurant.RestaurantApplication.48 - Starting RestaurantApplication on ubuntu19 with PID 15003 (/home/ubuntu19/Desktop/AMOP/restaurant/restaurant/target/classes started by ubuntu19 in /home/ubuntu19/Desktop/AMOP/restaurant/restaurant)
04-08-2019 14:57:46.167 [main] DEBUG ampos.restaurant.RestaurantApplication.51 - Running with Spring Boot v1.5.9.RELEASE, Spring v4.3.13.RELEASE
04-08-2019 14:57:46.167 [main] INFO  ampos.restaurant.RestaurantApplication.593 - No active profile set, falling back to default profiles: default
04-08-2019 14:59:49.821 [main] INFO  ampos.restaurant.RestaurantApplication.48 - Starting RestaurantApplication on ubuntu19 with PID 15315 (/home/ubuntu19/Desktop/AMOP/restaurant/restaurant/target/classes started by ubuntu19 in /home/ubuntu19/Desktop/AMOP/restaurant/restaurant)
04-08-2019 14:59:49.822 [main] DEBUG ampos.restaurant.RestaurantApplication.51 - Running with Spring Boot v1.5.9.RELEASE, Spring v4.3.13.RELEASE
04-08-2019 14:59:49.822 [main] INFO  ampos.restaurant.RestaurantApplication.593 - No active profile set, falling back to default profiles: default
04-08-2019 14:59:52.762 [main] INFO  ampos.restaurant.domain.mapper.DefaultClassMapper.24 - Registering all class mapppers ...
04-08-2019 14:59:53.415 [main] INFO  ampos.restaurant.RestaurantApplication.57 - Started RestaurantApplication in 3.783 seconds (JVM running for 7.408)
04-08-2019 15:01:47.623 [main] INFO  ampos.restaurant.RestaurantApplication.48 - Starting RestaurantApplication on ubuntu19 with PID 16317 (/home/ubuntu19/Desktop/AMOP/restaurant/restaurant/target/classes started by ubuntu19 in /home/ubuntu19/Desktop/AMOP/restaurant/restaurant)
04-08-2019 15:01:47.624 [main] DEBUG ampos.restaurant.RestaurantApplication.51 - Running with Spring Boot v1.5.9.RELEASE, Spring v4.3.13.RELEASE
04-08-2019 15:01:47.624 [main] INFO  ampos.restaurant.RestaurantApplication.593 - No active profile set, falling back to default profiles: default
04-08-2019 15:04:25.839 [main] INFO  ampos.restaurant.RestaurantApplication.48 - Starting RestaurantApplication on ubuntu19 with PID 16718 (/home/ubuntu19/Desktop/AMOP/restaurant/restaurant/target/classes started by ubuntu19 in /home/ubuntu19/Desktop/AMOP/restaurant/restaurant)
04-08-2019 15:04:25.840 [main] DEBUG ampos.restaurant.RestaurantApplication.51 - Running with Spring Boot v1.5.9.RELEASE, Spring v4.3.13.RELEASE
04-08-2019 15:04:25.840 [main] INFO  ampos.restaurant.RestaurantApplication.593 - No active profile set, falling back to default profiles: default
04-08-2019 15:06:10.050 [main] INFO  ampos.restaurant.RestaurantApplication.48 - Starting RestaurantApplication on ubuntu19 with PID 17660 (/home/ubuntu19/Desktop/AMOP/restaurant/restaurant/target/classes started by ubuntu19 in /home/ubuntu19/Desktop/AMOP/restaurant/restaurant)
04-08-2019 15:06:10.050 [main] DEBUG ampos.restaurant.RestaurantApplication.51 - Running with Spring Boot v1.5.9.RELEASE, Spring v4.3.13.RELEASE
04-08-2019 15:06:10.050 [main] INFO  ampos.restaurant.RestaurantApplication.593 - No active profile set, falling back to default profiles: default
04-08-2019 15:07:31.010 [main] INFO  ampos.restaurant.RestaurantApplication.48 - Starting RestaurantApplication on ubuntu19 with PID 17853 (/home/ubuntu19/Desktop/AMOP/restaurant/restaurant/target/classes started by ubuntu19 in /home/ubuntu19/Desktop/AMOP/restaurant/restaurant)
04-08-2019 15:07:31.011 [main] DEBUG ampos.restaurant.RestaurantApplication.51 - Running with Spring Boot v1.5.9.RELEASE, Spring v4.3.13.RELEASE
04-08-2019 15:07:31.011 [main] INFO  ampos.restaurant.RestaurantApplication.593 - No active profile set, falling back to default profiles: default
04-08-2019 15:08:22.266 [main] INFO  ampos.restaurant.RestaurantApplication.48 - Starting RestaurantApplication on ubuntu19 with PID 17993 (/home/ubuntu19/Desktop/AMOP/restaurant/restaurant/target/classes started by ubuntu19 in /home/ubuntu19/Desktop/AMOP/restaurant/restaurant)
04-08-2019 15:08:22.267 [main] DEBUG ampos.restaurant.RestaurantApplication.51 - Running with Spring Boot v1.5.9.RELEASE, Spring v4.3.13.RELEASE
04-08-2019 15:08:22.268 [main] INFO  ampos.restaurant.RestaurantApplication.593 - No active profile set, falling back to default profiles: default
04-08-2019 15:09:10.077 [main] INFO  ampos.restaurant.RestaurantApplication.48 - Starting RestaurantApplication on ubuntu19 with PID 18248 (/home/ubuntu19/Desktop/AMOP/restaurant/restaurant/target/classes started by ubuntu19 in /home/ubuntu19/Desktop/AMOP/restaurant/restaurant)
04-08-2019 15:09:10.078 [main] DEBUG ampos.restaurant.RestaurantApplication.51 - Running with Spring Boot v1.5.9.RELEASE, Spring v4.3.13.RELEASE
04-08-2019 15:09:10.078 [main] INFO  ampos.restaurant.RestaurantApplication.593 - No active profile set, falling back to default profiles: default
04-08-2019 15:09:38.711 [main] INFO  ampos.restaurant.RestaurantApplication.48 - Starting RestaurantApplication on ubuntu19 with PID 18369 (/home/ubuntu19/Desktop/AMOP/restaurant/restaurant/target/classes started by ubuntu19 in /home/ubuntu19/Desktop/AMOP/restaurant/restaurant)
04-08-2019 15:09:38.712 [main] DEBUG ampos.restaurant.RestaurantApplication.51 - Running with Spring Boot v1.5.9.RELEASE, Spring v4.3.13.RELEASE
04-08-2019 15:09:38.713 [main] INFO  ampos.restaurant.RestaurantApplication.593 - No active profile set, falling back to default profiles: default
04-08-2019 15:11:51.093 [main] INFO  ampos.restaurant.RestaurantApplication.48 - Starting RestaurantApplication on ubuntu19 with PID 19481 (/home/ubuntu19/Desktop/AMOP/restaurant/restaurant/target/classes started by ubuntu19 in /home/ubuntu19/Desktop/AMOP/restaurant/restaurant)
04-08-2019 15:11:51.094 [main] DEBUG ampos.restaurant.RestaurantApplication.51 - Running with Spring Boot v1.5.9.RELEASE, Spring v4.3.13.RELEASE
04-08-2019 15:11:51.094 [main] INFO  ampos.restaurant.RestaurantApplication.593 - No active profile set, falling back to default profiles: default
04-08-2019 15:13:35.284 [main] INFO  ampos.restaurant.RestaurantApplication.48 - Starting RestaurantApplication on ubuntu19 with PID 19752 (/home/ubuntu19/Desktop/AMOP/restaurant/restaurant/target/classes started by ubuntu19 in /home/ubuntu19/Desktop/AMOP/restaurant/restaurant)
04-08-2019 15:13:35.285 [main] DEBUG ampos.restaurant.RestaurantApplication.51 - Running with Spring Boot v1.5.9.RELEASE, Spring v4.3.13.RELEASE
04-08-2019 15:13:35.286 [main] INFO  ampos.restaurant.RestaurantApplication.593 - No active profile set, falling back to default profiles: default
04-08-2019 15:16:23.069 [main] INFO  ampos.restaurant.RestaurantApplication.48 - Starting RestaurantApplication on ubuntu19 with PID 20931 (/home/ubuntu19/Desktop/AMOP/restaurant/restaurant/target/classes started by ubuntu19 in /home/ubuntu19/Desktop/AMOP/restaurant/restaurant)
04-08-2019 15:16:23.070 [main] DEBUG ampos.restaurant.RestaurantApplication.51 - Running with Spring Boot v1.5.9.RELEASE, Spring v4.3.13.RELEASE
04-08-2019 15:16:23.070 [main] INFO  ampos.restaurant.RestaurantApplication.593 - No active profile set, falling back to default profiles: default
04-08-2019 15:16:26.161 [main] INFO  ampos.restaurant.domain.mapper.DefaultClassMapper.24 - Registering all class mapppers ...
04-08-2019 15:16:26.833 [main] INFO  ampos.restaurant.RestaurantApplication.57 - Started RestaurantApplication in 3.939 seconds (JVM running for 7.446)
04-08-2019 15:19:29.033 [main] INFO  ampos.restaurant.RestaurantApplication.48 - Starting RestaurantApplication on ubuntu19 with PID 21489 (/home/ubuntu19/Desktop/AMOP/restaurant/restaurant/target/classes started by ubuntu19 in /home/ubuntu19/Desktop/AMOP/restaurant/restaurant)
04-08-2019 15:19:29.034 [main] DEBUG ampos.restaurant.RestaurantApplication.51 - Running with Spring Boot v1.5.9.RELEASE, Spring v4.3.13.RELEASE
04-08-2019 15:19:29.034 [main] INFO  ampos.restaurant.RestaurantApplication.593 - No active profile set, falling back to default profiles: default
04-08-2019 15:22:13.995 [main] INFO  ampos.restaurant.RestaurantApplication.48 - Starting RestaurantApplication on ubuntu19 with PID 22575 (/home/ubuntu19/Desktop/AMOP/restaurant/restaurant/target/classes started by ubuntu19 in /home/ubuntu19/Desktop/AMOP/restaurant/restaurant)
04-08-2019 15:22:13.996 [main] DEBUG ampos.restaurant.RestaurantApplication.51 - Running with Spring Boot v1.5.9.RELEASE, Spring v4.3.13.RELEASE
04-08-2019 15:22:13.996 [main] INFO  ampos.restaurant.RestaurantApplication.593 - No active profile set, falling back to default profiles: default
04-08-2019 15:22:59.457 [main] INFO  ampos.restaurant.RestaurantApplication.48 - Starting RestaurantApplication on ubuntu19 with PID 22740 (/home/ubuntu19/Desktop/AMOP/restaurant/restaurant/target/classes started by ubuntu19 in /home/ubuntu19/Desktop/AMOP/restaurant/restaurant)
04-08-2019 15:22:59.457 [main] DEBUG ampos.restaurant.RestaurantApplication.51 - Running with Spring Boot v1.5.9.RELEASE, Spring v4.3.13.RELEASE
04-08-2019 15:22:59.458 [main] INFO  ampos.restaurant.RestaurantApplication.593 - No active profile set, falling back to default profiles: default
04-08-2019 15:33:39.833 [main] INFO  ampos.restaurant.RestaurantApplication.48 - Starting RestaurantApplication on ubuntu19 with PID 25503 (/home/ubuntu19/Desktop/AMOP/restaurant/restaurant/target/classes started by ubuntu19 in /home/ubuntu19/Desktop/AMOP/restaurant/restaurant)
04-08-2019 15:33:39.834 [main] DEBUG ampos.restaurant.RestaurantApplication.51 - Running with Spring Boot v1.5.9.RELEASE, Spring v4.3.13.RELEASE
04-08-2019 15:33:39.834 [main] INFO  ampos.restaurant.RestaurantApplication.593 - No active profile set, falling back to default profiles: default
04-08-2019 15:33:43.628 [main] INFO  ampos.restaurant.domain.mapper.DefaultClassMapper.24 - Registering all class mapppers ...
04-08-2019 15:33:44.282 [main] INFO  ampos.restaurant.RestaurantApplication.57 - Started RestaurantApplication in 4.627 seconds (JVM running for 8.47)
04-08-2019 15:34:40.624 [main] INFO  ampos.restaurant.RestaurantApplication.48 - Starting RestaurantApplication on ubuntu19 with PID 25683 (/home/ubuntu19/Desktop/AMOP/restaurant/restaurant/target/classes started by ubuntu19 in /home/ubuntu19/Desktop/AMOP/restaurant/restaurant)
04-08-2019 15:34:40.624 [main] DEBUG ampos.restaurant.RestaurantApplication.51 - Running with Spring Boot v1.5.9.RELEASE, Spring v4.3.13.RELEASE
04-08-2019 15:34:40.624 [main] INFO  ampos.restaurant.RestaurantApplication.593 - No active profile set, falling back to default profiles: default
04-08-2019 15:34:44.226 [main] INFO  ampos.restaurant.domain.mapper.DefaultClassMapper.24 - Registering all class mapppers ...
04-08-2019 15:34:45.227 [main] INFO  ampos.restaurant.RestaurantApplication.57 - Started RestaurantApplication in 4.767 seconds (JVM running for 8.401)
04-08-2019 15:34:52.122 [http-nio-9080-exec-1] DEBUG BillOrderMgmtController.50 - Getting bill order by Id...
04-08-2019 15:35:21.334 [http-nio-9080-exec-2] DEBUG MenuMgmtController.54 - Creating menu menuItem....
04-08-2019 15:35:30.326 [http-nio-9080-exec-3] DEBUG MenuMgmtController.54 - Creating menu menuItem....
04-08-2019 15:35:43.947 [http-nio-9080-exec-4] DEBUG BillOrderMgmtController.42 - Create bill order by Id
04-08-2019 15:36:25.486 [http-nio-9080-exec-5] DEBUG BillOrderMgmtController.42 - Create bill order by Id
04-08-2019 15:36:41.697 [http-nio-9080-exec-6] DEBUG BillOrderMgmtController.50 - Getting bill order by Id...
04-08-2019 15:37:55.199 [main] INFO  ampos.restaurant.RestaurantApplication.48 - Starting RestaurantApplication on ubuntu19 with PID 26901 (/home/ubuntu19/Desktop/AMOP/restaurant/restaurant/target/classes started by ubuntu19 in /home/ubuntu19/Desktop/AMOP/restaurant/restaurant)
04-08-2019 15:37:55.200 [main] DEBUG ampos.restaurant.RestaurantApplication.51 - Running with Spring Boot v1.5.9.RELEASE, Spring v4.3.13.RELEASE
04-08-2019 15:37:55.200 [main] INFO  ampos.restaurant.RestaurantApplication.593 - No active profile set, falling back to default profiles: default
04-08-2019 15:37:58.800 [main] INFO  ampos.restaurant.domain.mapper.DefaultClassMapper.24 - Registering all class mapppers ...
04-08-2019 15:37:59.910 [main] INFO  ampos.restaurant.RestaurantApplication.57 - Started RestaurantApplication in 4.914 seconds (JVM running for 5.385)
04-08-2019 15:44:20.364 [main] INFO  ampos.restaurant.RestaurantApplication.48 - Starting RestaurantApplication on ubuntu19 with PID 28296 (/home/ubuntu19/Desktop/AMOP/restaurant/restaurant/target/classes started by ubuntu19 in /home/ubuntu19/Desktop/AMOP/restaurant/restaurant)
04-08-2019 15:44:20.365 [main] DEBUG ampos.restaurant.RestaurantApplication.51 - Running with Spring Boot v1.5.9.RELEASE, Spring v4.3.13.RELEASE
04-08-2019 15:44:20.365 [main] INFO  ampos.restaurant.RestaurantApplication.593 - No active profile set, falling back to default profiles: default
04-08-2019 15:44:23.481 [main] INFO  ampos.restaurant.domain.mapper.DefaultClassMapper.24 - Registering all class mapppers ...
04-08-2019 15:44:24.235 [main] INFO  ampos.restaurant.RestaurantApplication.57 - Started RestaurantApplication in 4.07 seconds (JVM running for 4.543)
04-08-2019 15:53:08.879 [main] INFO  ampos.restaurant.RestaurantApplication.48 - Starting RestaurantApplication on ubuntu19 with PID 31002 (/home/ubuntu19/Desktop/AMOP/restaurant/restaurant/target/classes started by ubuntu19 in /home/ubuntu19/Desktop/AMOP/restaurant/restaurant)
04-08-2019 15:53:08.880 [main] DEBUG ampos.restaurant.RestaurantApplication.51 - Running with Spring Boot v1.5.9.RELEASE, Spring v4.3.13.RELEASE
04-08-2019 15:53:08.880 [main] INFO  ampos.restaurant.RestaurantApplication.593 - No active profile set, falling back to default profiles: default
04-08-2019 15:53:12.037 [main] INFO  ampos.restaurant.domain.mapper.DefaultClassMapper.24 - Registering all class mapppers ...
04-08-2019 15:53:12.791 [main] INFO  ampos.restaurant.RestaurantApplication.57 - Started RestaurantApplication in 4.117 seconds (JVM running for 4.591)
04-08-2019 15:54:52.203 [main] INFO  ampos.restaurant.RestaurantApplication.48 - Starting RestaurantApplication on ubuntu19 with PID 31413 (/home/ubuntu19/Desktop/AMOP/restaurant/restaurant/target/classes started by ubuntu19 in /home/ubuntu19/Desktop/AMOP/restaurant/restaurant)
04-08-2019 15:54:52.206 [main] DEBUG ampos.restaurant.RestaurantApplication.51 - Running with Spring Boot v1.5.9.RELEASE, Spring v4.3.13.RELEASE
04-08-2019 15:54:52.206 [main] INFO  ampos.restaurant.RestaurantApplication.593 - No active profile set, falling back to default profiles: default
04-08-2019 15:54:55.583 [main] INFO  ampos.restaurant.domain.mapper.DefaultClassMapper.24 - Registering all class mapppers ...
04-08-2019 15:54:56.383 [main] INFO  ampos.restaurant.RestaurantApplication.57 - Started RestaurantApplication in 4.405 seconds (JVM running for 4.882)
04-08-2019 16:02:46.297 [main] INFO  ampos.restaurant.RestaurantApplication.48 - Starting RestaurantApplication on ubuntu19 with PID 1639 (/home/ubuntu19/Desktop/AMOP/restaurant/restaurant/target/classes started by ubuntu19 in /home/ubuntu19/Desktop/AMOP/restaurant/restaurant)
04-08-2019 16:02:46.298 [main] DEBUG ampos.restaurant.RestaurantApplication.51 - Running with Spring Boot v1.5.9.RELEASE, Spring v4.3.13.RELEASE
04-08-2019 16:02:46.299 [main] INFO  ampos.restaurant.RestaurantApplication.593 - No active profile set, falling back to default profiles: default
04-08-2019 16:02:49.436 [main] INFO  ampos.restaurant.domain.mapper.DefaultClassMapper.24 - Registering all class mapppers ...
04-08-2019 16:02:50.314 [main] INFO  ampos.restaurant.RestaurantApplication.57 - Started RestaurantApplication in 4.222 seconds (JVM running for 4.719)
04-08-2019 16:03:35.104 [main] INFO  ampos.restaurant.RestaurantApplication.48 - Starting RestaurantApplication on ubuntu19 with PID 1911 (/home/ubuntu19/Desktop/AMOP/restaurant/restaurant/target/classes started by ubuntu19 in /home/ubuntu19/Desktop/AMOP/restaurant/restaurant)
04-08-2019 16:03:35.105 [main] DEBUG ampos.restaurant.RestaurantApplication.51 - Running with Spring Boot v1.5.9.RELEASE, Spring v4.3.13.RELEASE
04-08-2019 16:03:35.106 [main] INFO  ampos.restaurant.RestaurantApplication.593 - No active profile set, falling back to default profiles: default
04-08-2019 16:04:27.744 [main] INFO  ampos.restaurant.RestaurantApplication.48 - Starting RestaurantApplication on ubuntu19 with PID 2092 (/home/ubuntu19/Desktop/AMOP/restaurant/restaurant/target/classes started by ubuntu19 in /home/ubuntu19/Desktop/AMOP/restaurant/restaurant)
04-08-2019 16:04:27.744 [main] DEBUG ampos.restaurant.RestaurantApplication.51 - Running with Spring Boot v1.5.9.RELEASE, Spring v4.3.13.RELEASE
04-08-2019 16:04:27.745 [main] INFO  ampos.restaurant.RestaurantApplication.593 - No active profile set, falling back to default profiles: default
04-08-2019 16:04:47.294 [main] INFO  ampos.restaurant.RestaurantApplication.48 - Starting RestaurantApplication on ubuntu19 with PID 2148 (/home/ubuntu19/Desktop/AMOP/restaurant/restaurant/target/classes started by ubuntu19 in /home/ubuntu19/Desktop/AMOP/restaurant/restaurant)
04-08-2019 16:04:47.295 [main] DEBUG ampos.restaurant.RestaurantApplication.51 - Running with Spring Boot v1.5.9.RELEASE, Spring v4.3.13.RELEASE
04-08-2019 16:04:47.295 [main] INFO  ampos.restaurant.RestaurantApplication.593 - No active profile set, falling back to default profiles: default
04-08-2019 16:05:35.703 [main] INFO  ampos.restaurant.RestaurantApplication.48 - Starting RestaurantApplication on ubuntu19 with PID 3058 (/home/ubuntu19/Desktop/AMOP/restaurant/restaurant/target/classes started by ubuntu19 in /home/ubuntu19/Desktop/AMOP/restaurant/restaurant)
04-08-2019 16:05:35.704 [main] DEBUG ampos.restaurant.RestaurantApplication.51 - Running with Spring Boot v1.5.9.RELEASE, Spring v4.3.13.RELEASE
04-08-2019 16:05:35.704 [main] INFO  ampos.restaurant.RestaurantApplication.593 - No active profile set, falling back to default profiles: default
04-08-2019 16:06:19.608 [main] INFO  ampos.restaurant.RestaurantApplication.48 - Starting RestaurantApplication on ubuntu19 with PID 3202 (/home/ubuntu19/Desktop/AMOP/restaurant/restaurant/target/classes started by ubuntu19 in /home/ubuntu19/Desktop/AMOP/restaurant/restaurant)
04-08-2019 16:06:19.609 [main] DEBUG ampos.restaurant.RestaurantApplication.51 - Running with Spring Boot v1.5.9.RELEASE, Spring v4.3.13.RELEASE
04-08-2019 16:06:19.609 [main] INFO  ampos.restaurant.RestaurantApplication.593 - No active profile set, falling back to default profiles: default
04-08-2019 16:07:52.010 [main] INFO  ampos.restaurant.RestaurantApplication.48 - Starting RestaurantApplication on ubuntu19 with PID 3407 (/home/ubuntu19/Desktop/AMOP/restaurant/restaurant/target/classes started by ubuntu19 in /home/ubuntu19/Desktop/AMOP/restaurant/restaurant)
04-08-2019 16:07:52.011 [main] DEBUG ampos.restaurant.RestaurantApplication.51 - Running with Spring Boot v1.5.9.RELEASE, Spring v4.3.13.RELEASE
04-08-2019 16:07:52.011 [main] INFO  ampos.restaurant.RestaurantApplication.593 - No active profile set, falling back to default profiles: default
04-08-2019 16:14:50.353 [main] INFO  ampos.restaurant.RestaurantApplication.48 - Starting RestaurantApplication on ubuntu19 with PID 5707 (/home/ubuntu19/Desktop/AMOP/restaurant/restaurant/target/classes started by ubuntu19 in /home/ubuntu19/Desktop/AMOP/restaurant/restaurant)
04-08-2019 16:14:50.354 [main] DEBUG ampos.restaurant.RestaurantApplication.51 - Running with Spring Boot v1.5.9.RELEASE, Spring v4.3.13.RELEASE
04-08-2019 16:14:50.354 [main] INFO  ampos.restaurant.RestaurantApplication.593 - No active profile set, falling back to default profiles: default
04-08-2019 16:14:53.127 [main] INFO  ampos.restaurant.domain.mapper.DefaultClassMapper.24 - Registering all class mapppers ...
04-08-2019 16:14:53.706 [main] INFO  ampos.restaurant.RestaurantApplication.57 - Started RestaurantApplication in 3.53 seconds (JVM running for 6.897)
04-08-2019 16:15:33.528 [main] INFO  ampos.restaurant.RestaurantApplication.48 - Starting RestaurantApplication on ubuntu19 with PID 6726 (/home/ubuntu19/Desktop/AMOP/restaurant/restaurant/target/classes started by ubuntu19 in /home/ubuntu19/Desktop/AMOP/restaurant/restaurant)
04-08-2019 16:15:33.529 [main] DEBUG ampos.restaurant.RestaurantApplication.51 - Running with Spring Boot v1.5.9.RELEASE, Spring v4.3.13.RELEASE
04-08-2019 16:15:33.529 [main] INFO  ampos.restaurant.RestaurantApplication.593 - No active profile set, falling back to default profiles: default
04-08-2019 16:15:36.512 [main] INFO  ampos.restaurant.domain.mapper.DefaultClassMapper.24 - Registering all class mapppers ...
04-08-2019 16:15:37.193 [main] INFO  ampos.restaurant.RestaurantApplication.57 - Started RestaurantApplication in 3.858 seconds (JVM running for 7.58)
04-08-2019 16:16:41.424 [main] INFO  ampos.restaurant.RestaurantApplication.48 - Starting RestaurantApplication on ubuntu19 with PID 6998 (/home/ubuntu19/Desktop/AMOP/restaurant/restaurant/target/classes started by ubuntu19 in /home/ubuntu19/Desktop/AMOP/restaurant/restaurant)
04-08-2019 16:16:41.425 [main] DEBUG ampos.restaurant.RestaurantApplication.51 - Running with Spring Boot v1.5.9.RELEASE, Spring v4.3.13.RELEASE
04-08-2019 16:16:41.425 [main] INFO  ampos.restaurant.RestaurantApplication.593 - No active profile set, falling back to default profiles: default
04-08-2019 16:16:44.369 [main] INFO  ampos.restaurant.domain.mapper.DefaultClassMapper.24 - Registering all class mapppers ...
04-08-2019 16:16:45.111 [main] INFO  ampos.restaurant.RestaurantApplication.57 - Started RestaurantApplication in 3.862 seconds (JVM running for 7.422)
04-08-2019 16:17:28.160 [main] INFO  ampos.restaurant.RestaurantApplication.48 - Starting RestaurantApplication on ubuntu19 with PID 7179 (/home/ubuntu19/Desktop/AMOP/restaurant/restaurant/target/classes started by ubuntu19 in /home/ubuntu19/Desktop/AMOP/restaurant/restaurant)
04-08-2019 16:17:28.161 [main] DEBUG ampos.restaurant.RestaurantApplication.51 - Running with Spring Boot v1.5.9.RELEASE, Spring v4.3.13.RELEASE
04-08-2019 16:17:28.161 [main] INFO  ampos.restaurant.RestaurantApplication.593 - No active profile set, falling back to default profiles: default
04-08-2019 16:17:31.046 [main] INFO  ampos.restaurant.domain.mapper.DefaultClassMapper.24 - Registering all class mapppers ...
04-08-2019 16:17:31.659 [main] INFO  ampos.restaurant.RestaurantApplication.57 - Started RestaurantApplication in 3.684 seconds (JVM running for 7.375)
04-08-2019 16:19:43.964 [main] INFO  ampos.restaurant.RestaurantApplication.48 - Starting RestaurantApplication on ubuntu19 with PID 7489 (/home/ubuntu19/Desktop/AMOP/restaurant/restaurant/target/classes started by ubuntu19 in /home/ubuntu19/Desktop/AMOP/restaurant/restaurant)
04-08-2019 16:19:43.964 [main] DEBUG ampos.restaurant.RestaurantApplication.51 - Running with Spring Boot v1.5.9.RELEASE, Spring v4.3.13.RELEASE
04-08-2019 16:19:43.965 [main] INFO  ampos.restaurant.RestaurantApplication.593 - No active profile set, falling back to default profiles: default
04-08-2019 16:19:46.942 [main] INFO  ampos.restaurant.domain.mapper.DefaultClassMapper.24 - Registering all class mapppers ...
04-08-2019 16:19:47.604 [main] INFO  ampos.restaurant.RestaurantApplication.57 - Started RestaurantApplication in 3.824 seconds (JVM running for 7.779)
04-08-2019 16:20:40.824 [main] INFO  ampos.restaurant.RestaurantApplication.48 - Starting RestaurantApplication on ubuntu19 with PID 8421 (/home/ubuntu19/Desktop/AMOP/restaurant/restaurant/target/classes started by ubuntu19 in /home/ubuntu19/Desktop/AMOP/restaurant/restaurant)
04-08-2019 16:20:40.825 [main] DEBUG ampos.restaurant.RestaurantApplication.51 - Running with Spring Boot v1.5.9.RELEASE, Spring v4.3.13.RELEASE
04-08-2019 16:20:40.825 [main] INFO  ampos.restaurant.RestaurantApplication.593 - No active profile set, falling back to default profiles: default
04-08-2019 16:20:44.293 [main] INFO  ampos.restaurant.domain.mapper.DefaultClassMapper.24 - Registering all class mapppers ...
04-08-2019 16:20:44.879 [main] INFO  ampos.restaurant.RestaurantApplication.57 - Started RestaurantApplication in 4.268 seconds (JVM running for 7.995)
04-08-2019 16:22:25.085 [main] INFO  ampos.restaurant.RestaurantApplication.48 - Starting RestaurantApplication on ubuntu19 with PID 8820 (/home/ubuntu19/Desktop/AMOP/restaurant/restaurant/target/classes started by ubuntu19 in /home/ubuntu19/Desktop/AMOP/restaurant/restaurant)
04-08-2019 16:22:25.085 [main] DEBUG ampos.restaurant.RestaurantApplication.51 - Running with Spring Boot v1.5.9.RELEASE, Spring v4.3.13.RELEASE
04-08-2019 16:22:25.086 [main] INFO  ampos.restaurant.RestaurantApplication.593 - No active profile set, falling back to default profiles: default
04-08-2019 16:22:28.078 [main] INFO  ampos.restaurant.domain.mapper.DefaultClassMapper.24 - Registering all class mapppers ...
04-08-2019 16:22:28.752 [main] INFO  ampos.restaurant.RestaurantApplication.57 - Started RestaurantApplication in 3.858 seconds (JVM running for 7.575)
04-08-2019 16:24:09.952 [main] INFO  ampos.restaurant.RestaurantApplication.48 - Starting RestaurantApplication on ubuntu19 with PID 9115 (/home/ubuntu19/Desktop/AMOP/restaurant/restaurant/target/classes started by ubuntu19 in /home/ubuntu19/Desktop/AMOP/restaurant/restaurant)
04-08-2019 16:24:09.953 [main] DEBUG ampos.restaurant.RestaurantApplication.51 - Running with Spring Boot v1.5.9.RELEASE, Spring v4.3.13.RELEASE
04-08-2019 16:24:09.953 [main] INFO  ampos.restaurant.RestaurantApplication.593 - No active profile set, falling back to default profiles: default
04-08-2019 16:24:13.147 [main] INFO  ampos.restaurant.domain.mapper.DefaultClassMapper.24 - Registering all class mapppers ...
04-08-2019 16:24:13.905 [main] INFO  ampos.restaurant.RestaurantApplication.57 - Started RestaurantApplication in 4.134 seconds (JVM running for 7.629)
04-08-2019 16:24:31.306 [main] INFO  ampos.restaurant.RestaurantApplication.48 - Starting RestaurantApplication on ubuntu19 with PID 9213 (/home/ubuntu19/Desktop/AMOP/restaurant/restaurant/target/classes started by ubuntu19 in /home/ubuntu19/Desktop/AMOP/restaurant/restaurant)
04-08-2019 16:24:31.307 [main] DEBUG ampos.restaurant.RestaurantApplication.51 - Running with Spring Boot v1.5.9.RELEASE, Spring v4.3.13.RELEASE
04-08-2019 16:24:31.307 [main] INFO  ampos.restaurant.RestaurantApplication.593 - No active profile set, falling back to default profiles: default
04-08-2019 16:24:34.377 [main] INFO  ampos.restaurant.domain.mapper.DefaultClassMapper.24 - Registering all class mapppers ...
04-08-2019 16:24:35.001 [main] INFO  ampos.restaurant.RestaurantApplication.57 - Started RestaurantApplication in 3.874 seconds (JVM running for 7.354)
04-08-2019 16:31:36.003 [main] INFO  ampos.restaurant.RestaurantApplication.48 - Starting RestaurantApplication on ubuntu19 with PID 11532 (/home/ubuntu19/Desktop/AMOP/restaurant/restaurant/target/classes started by ubuntu19 in /home/ubuntu19/Desktop/AMOP/restaurant/restaurant)
04-08-2019 16:31:36.003 [main] DEBUG ampos.restaurant.RestaurantApplication.51 - Running with Spring Boot v1.5.9.RELEASE, Spring v4.3.13.RELEASE
04-08-2019 16:31:36.003 [main] INFO  ampos.restaurant.RestaurantApplication.593 - No active profile set, falling back to default profiles: default
04-08-2019 16:31:39.002 [main] INFO  ampos.restaurant.domain.mapper.DefaultClassMapper.24 - Registering all class mapppers ...
04-08-2019 16:31:39.739 [main] INFO  ampos.restaurant.RestaurantApplication.57 - Started RestaurantApplication in 3.907 seconds (JVM running for 7.837)
04-08-2019 16:32:49.771 [main] INFO  ampos.restaurant.RestaurantApplication.48 - Starting RestaurantApplication on ubuntu19 with PID 11791 (/home/ubuntu19/Desktop/AMOP/restaurant/restaurant/target/classes started by ubuntu19 in /home/ubuntu19/Desktop/AMOP/restaurant/restaurant)
04-08-2019 16:32:49.771 [main] DEBUG ampos.restaurant.RestaurantApplication.51 - Running with Spring Boot v1.5.9.RELEASE, Spring v4.3.13.RELEASE
04-08-2019 16:32:49.772 [main] INFO  ampos.restaurant.RestaurantApplication.593 - No active profile set, falling back to default profiles: default
04-08-2019 16:32:52.868 [main] INFO  ampos.restaurant.domain.mapper.DefaultClassMapper.24 - Registering all class mapppers ...
04-08-2019 16:32:53.611 [main] INFO  ampos.restaurant.RestaurantApplication.57 - Started RestaurantApplication in 4.014 seconds (JVM running for 7.534)
04-08-2019 16:33:33.170 [main] INFO  ampos.restaurant.RestaurantApplication.48 - Starting RestaurantApplication on ubuntu19 with PID 11951 (/home/ubuntu19/Desktop/AMOP/restaurant/restaurant/target/classes started by ubuntu19 in /home/ubuntu19/Desktop/AMOP/restaurant/restaurant)
04-08-2019 16:33:33.171 [main] DEBUG ampos.restaurant.RestaurantApplication.51 - Running with Spring Boot v1.5.9.RELEASE, Spring v4.3.13.RELEASE
04-08-2019 16:33:33.171 [main] INFO  ampos.restaurant.RestaurantApplication.593 - No active profile set, falling back to default profiles: default
04-08-2019 16:33:37.723 [main] INFO  ampos.restaurant.domain.mapper.DefaultClassMapper.24 - Registering all class mapppers ...
04-08-2019 16:33:39.493 [main] INFO  ampos.restaurant.RestaurantApplication.57 - Started RestaurantApplication in 6.654 seconds (JVM running for 7.147)
04-08-2019 16:38:29.229 [main] INFO  ampos.restaurant.RestaurantApplication.48 - Starting RestaurantApplication on ubuntu19 with PID 13308 (/home/ubuntu19/Desktop/AMOP/restaurant/restaurant/target/classes started by ubuntu19 in /home/ubuntu19/Desktop/AMOP/restaurant/restaurant)
04-08-2019 16:38:29.230 [main] DEBUG ampos.restaurant.RestaurantApplication.51 - Running with Spring Boot v1.5.9.RELEASE, Spring v4.3.13.RELEASE
04-08-2019 16:38:29.230 [main] INFO  ampos.restaurant.RestaurantApplication.593 - No active profile set, falling back to default profiles: default
04-08-2019 16:38:32.410 [main] INFO  ampos.restaurant.domain.mapper.DefaultClassMapper.24 - Registering all class mapppers ...
04-08-2019 16:38:33.591 [main] INFO  ampos.restaurant.RestaurantApplication.57 - Started RestaurantApplication in 4.567 seconds (JVM running for 5.032)
04-08-2019 16:40:07.481 [main] INFO  ampos.restaurant.RestaurantApplication.48 - Starting RestaurantApplication on ubuntu19 with PID 14410 (/home/ubuntu19/Desktop/AMOP/restaurant/restaurant/target/classes started by ubuntu19 in /home/ubuntu19/Desktop/AMOP/restaurant/restaurant)
04-08-2019 16:40:07.482 [main] DEBUG ampos.restaurant.RestaurantApplication.51 - Running with Spring Boot v1.5.9.RELEASE, Spring v4.3.13.RELEASE
04-08-2019 16:40:07.482 [main] INFO  ampos.restaurant.RestaurantApplication.593 - No active profile set, falling back to default profiles: default
04-08-2019 16:40:12.139 [main] INFO  ampos.restaurant.domain.mapper.DefaultClassMapper.24 - Registering all class mapppers ...
04-08-2019 16:40:13.425 [main] INFO  ampos.restaurant.RestaurantApplication.57 - Started RestaurantApplication in 6.217 seconds (JVM running for 7.073)
04-08-2019 17:21:33.214 [main] INFO  ampos.restaurant.RestaurantApplication.48 - Starting RestaurantApplication on ubuntu19 with PID 22989 (/home/ubuntu19/Desktop/AMOP/restaurant/restaurant/target/classes started by ubuntu19 in /home/ubuntu19/Desktop/AMOP/restaurant/restaurant)
04-08-2019 17:21:33.215 [main] DEBUG ampos.restaurant.RestaurantApplication.51 - Running with Spring Boot v1.5.9.RELEASE, Spring v4.3.13.RELEASE
04-08-2019 17:21:33.215 [main] INFO  ampos.restaurant.RestaurantApplication.593 - No active profile set, falling back to default profiles: default
04-08-2019 17:21:36.481 [main] INFO  ampos.restaurant.domain.mapper.DefaultClassMapper.24 - Registering all class mapppers ...
04-08-2019 17:21:37.216 [main] INFO  ampos.restaurant.RestaurantApplication.57 - Started RestaurantApplication in 4.219 seconds (JVM running for 4.71)
04-08-2019 17:22:23.247 [main] INFO  ampos.restaurant.RestaurantApplication.48 - Starting RestaurantApplication on ubuntu19 with PID 23200 (/home/ubuntu19/Desktop/AMOP/restaurant/restaurant/target/classes started by ubuntu19 in /home/ubuntu19/Desktop/AMOP/restaurant/restaurant)
04-08-2019 17:22:23.248 [main] DEBUG ampos.restaurant.RestaurantApplication.51 - Running with Spring Boot v1.5.9.RELEASE, Spring v4.3.13.RELEASE
04-08-2019 17:22:23.248 [main] INFO  ampos.restaurant.RestaurantApplication.593 - No active profile set, falling back to default profiles: default
04-08-2019 17:22:26.629 [main] INFO  ampos.restaurant.domain.mapper.DefaultClassMapper.24 - Registering all class mapppers ...
04-08-2019 17:22:27.362 [main] INFO  ampos.restaurant.RestaurantApplication.57 - Started RestaurantApplication in 4.326 seconds (JVM running for 4.8)
04-08-2019 17:28:25.860 [main] INFO  ampos.restaurant.RestaurantApplication.48 - Starting RestaurantApplication on ubuntu19 with PID 24539 (/home/ubuntu19/Desktop/AMOP/restaurant/restaurant/target/classes started by ubuntu19 in /home/ubuntu19/Desktop/AMOP/restaurant/restaurant)
04-08-2019 17:28:25.861 [main] DEBUG ampos.restaurant.RestaurantApplication.51 - Running with Spring Boot v1.5.9.RELEASE, Spring v4.3.13.RELEASE
04-08-2019 17:28:25.861 [main] INFO  ampos.restaurant.RestaurantApplication.593 - No active profile set, falling back to default profiles: default
04-08-2019 17:28:28.927 [main] INFO  ampos.restaurant.domain.mapper.DefaultClassMapper.24 - Registering all class mapppers ...
04-08-2019 17:28:29.676 [main] INFO  ampos.restaurant.RestaurantApplication.57 - Started RestaurantApplication in 4.032 seconds (JVM running for 4.535)
04-08-2019 17:38:43.362 [main] INFO  ampos.restaurant.RestaurantApplication.48 - Starting RestaurantApplication on ubuntu19 with PID 26961 (/home/ubuntu19/Desktop/AMOP/restaurant/restaurant/target/classes started by ubuntu19 in /home/ubuntu19/Desktop/AMOP/restaurant/restaurant)
04-08-2019 17:38:43.363 [main] DEBUG ampos.restaurant.RestaurantApplication.51 - Running with Spring Boot v1.5.9.RELEASE, Spring v4.3.13.RELEASE
04-08-2019 17:38:43.363 [main] INFO  ampos.restaurant.RestaurantApplication.593 - No active profile set, falling back to default profiles: default
04-08-2019 17:38:46.907 [main] INFO  ampos.restaurant.domain.mapper.DefaultClassMapper.24 - Registering all class mapppers ...
04-08-2019 17:38:47.630 [main] INFO  ampos.restaurant.RestaurantApplication.57 - Started RestaurantApplication in 4.475 seconds (JVM running for 4.95)
04-08-2019 17:47:55.572 [main] INFO  ampos.restaurant.RestaurantApplication.48 - Starting RestaurantApplication on ubuntu19 with PID 29300 (/home/ubuntu19/Desktop/AMOP/restaurant/restaurant/target/classes started by ubuntu19 in /home/ubuntu19/Desktop/AMOP/restaurant/restaurant)
04-08-2019 17:47:55.573 [main] DEBUG ampos.restaurant.RestaurantApplication.51 - Running with Spring Boot v1.5.9.RELEASE, Spring v4.3.13.RELEASE
04-08-2019 17:47:55.573 [main] INFO  ampos.restaurant.RestaurantApplication.593 - No active profile set, falling back to default profiles: default
04-08-2019 17:47:58.651 [main] INFO  ampos.restaurant.domain.mapper.DefaultClassMapper.24 - Registering all class mapppers ...
04-08-2019 17:47:59.427 [main] INFO  ampos.restaurant.RestaurantApplication.57 - Started RestaurantApplication in 4.08 seconds (JVM running for 4.573)
04-08-2019 17:50:21.065 [main] INFO  ampos.restaurant.RestaurantApplication.48 - Starting RestaurantApplication on ubuntu19 with PID 30416 (/home/ubuntu19/Desktop/AMOP/restaurant/restaurant/target/classes started by ubuntu19 in /home/ubuntu19/Desktop/AMOP/restaurant/restaurant)
04-08-2019 17:50:21.066 [main] DEBUG ampos.restaurant.RestaurantApplication.51 - Running with Spring Boot v1.5.9.RELEASE, Spring v4.3.13.RELEASE
04-08-2019 17:50:21.066 [main] INFO  ampos.restaurant.RestaurantApplication.593 - No active profile set, falling back to default profiles: default
04-08-2019 17:50:24.068 [main] INFO  ampos.restaurant.domain.mapper.DefaultClassMapper.24 - Registering all class mapppers ...
04-08-2019 17:50:24.816 [main] INFO  ampos.restaurant.RestaurantApplication.57 - Started RestaurantApplication in 3.95 seconds (JVM running for 4.447)
04-08-2019 17:53:45.186 [main] INFO  ampos.restaurant.RestaurantApplication.48 - Starting RestaurantApplication on ubuntu19 with PID 30882 (/home/ubuntu19/Desktop/AMOP/restaurant/restaurant/target/classes started by ubuntu19 in /home/ubuntu19/Desktop/AMOP/restaurant/restaurant)
04-08-2019 17:53:45.187 [main] DEBUG ampos.restaurant.RestaurantApplication.51 - Running with Spring Boot v1.5.9.RELEASE, Spring v4.3.13.RELEASE
04-08-2019 17:53:45.187 [main] INFO  ampos.restaurant.RestaurantApplication.593 - No active profile set, falling back to default profiles: default
04-08-2019 17:53:48.290 [main] INFO  ampos.restaurant.domain.mapper.DefaultClassMapper.24 - Registering all class mapppers ...
04-08-2019 17:53:49.115 [main] INFO  ampos.restaurant.RestaurantApplication.57 - Started RestaurantApplication in 4.161 seconds (JVM running for 4.71)
04-08-2019 18:00:47.534 [main] INFO  ampos.restaurant.RestaurantApplication.48 - Starting RestaurantApplication on ubuntu19 with PID 522 (/home/ubuntu19/Desktop/AMOP/restaurant/restaurant/target/classes started by ubuntu19 in /home/ubuntu19/Desktop/AMOP/restaurant/restaurant)
04-08-2019 18:00:47.535 [main] DEBUG ampos.restaurant.RestaurantApplication.51 - Running with Spring Boot v1.5.9.RELEASE, Spring v4.3.13.RELEASE
04-08-2019 18:00:47.535 [main] INFO  ampos.restaurant.RestaurantApplication.593 - No active profile set, falling back to default profiles: default
04-08-2019 18:00:50.684 [main] INFO  ampos.restaurant.domain.mapper.DefaultClassMapper.24 - Registering all class mapppers ...
04-08-2019 18:00:51.444 [main] INFO  ampos.restaurant.RestaurantApplication.57 - Started RestaurantApplication in 4.162 seconds (JVM running for 4.711)
04-08-2019 18:04:09.018 [main] INFO  ampos.restaurant.RestaurantApplication.48 - Starting RestaurantApplication on ubuntu19 with PID 1105 (/home/ubuntu19/Desktop/AMOP/restaurant/restaurant/target/classes started by ubuntu19 in /home/ubuntu19/Desktop/AMOP/restaurant/restaurant)
04-08-2019 18:04:09.018 [main] DEBUG ampos.restaurant.RestaurantApplication.51 - Running with Spring Boot v1.5.9.RELEASE, Spring v4.3.13.RELEASE
04-08-2019 18:04:09.019 [main] INFO  ampos.restaurant.RestaurantApplication.593 - No active profile set, falling back to default profiles: default
04-08-2019 18:04:12.331 [main] INFO  ampos.restaurant.domain.mapper.DefaultClassMapper.24 - Registering all class mapppers ...
04-08-2019 18:04:13.151 [main] INFO  ampos.restaurant.RestaurantApplication.57 - Started RestaurantApplication in 4.335 seconds (JVM running for 4.828)
04-08-2019 18:12:23.383 [main] INFO  ampos.restaurant.RestaurantApplication.48 - Starting RestaurantApplication on ubuntu19 with PID 3416 (/home/ubuntu19/Desktop/AMOP/restaurant/restaurant/target/classes started by ubuntu19 in /home/ubuntu19/Desktop/AMOP/restaurant/restaurant)
04-08-2019 18:12:23.384 [main] DEBUG ampos.restaurant.RestaurantApplication.51 - Running with Spring Boot v1.5.9.RELEASE, Spring v4.3.13.RELEASE
04-08-2019 18:12:23.384 [main] INFO  ampos.restaurant.RestaurantApplication.593 - No active profile set, falling back to default profiles: default
04-08-2019 18:12:26.493 [main] INFO  ampos.restaurant.domain.mapper.DefaultClassMapper.24 - Registering all class mapppers ...
04-08-2019 18:12:27.333 [main] INFO  ampos.restaurant.RestaurantApplication.57 - Started RestaurantApplication in 4.167 seconds (JVM running for 4.661)
04-08-2019 18:15:36.420 [main] INFO  ampos.restaurant.RestaurantApplication.48 - Starting RestaurantApplication on ubuntu19 with PID 4797 (/home/ubuntu19/Desktop/AMOP/restaurant/restaurant/target/classes started by ubuntu19 in /home/ubuntu19/Desktop/AMOP/restaurant/restaurant)
04-08-2019 18:15:36.421 [main] DEBUG ampos.restaurant.RestaurantApplication.51 - Running with Spring Boot v1.5.9.RELEASE, Spring v4.3.13.RELEASE
04-08-2019 18:15:36.422 [main] INFO  ampos.restaurant.RestaurantApplication.593 - No active profile set, falling back to default profiles: default
04-08-2019 18:15:39.527 [main] INFO  ampos.restaurant.domain.mapper.DefaultClassMapper.24 - Registering all class mapppers ...
04-08-2019 18:15:40.272 [main] INFO  ampos.restaurant.RestaurantApplication.57 - Started RestaurantApplication in 4.065 seconds (JVM running for 4.557)
04-08-2019 18:32:28.418 [main] INFO  ampos.restaurant.RestaurantApplication.48 - Starting RestaurantApplication on ubuntu19 with PID 8830 (/home/ubuntu19/Desktop/AMOP/restaurant/restaurant/target/classes started by ubuntu19 in /home/ubuntu19/Desktop/AMOP/restaurant/restaurant)
04-08-2019 18:32:28.419 [main] DEBUG ampos.restaurant.RestaurantApplication.51 - Running with Spring Boot v1.5.9.RELEASE, Spring v4.3.13.RELEASE
04-08-2019 18:32:28.420 [main] INFO  ampos.restaurant.RestaurantApplication.593 - No active profile set, falling back to default profiles: default
04-08-2019 18:33:03.129 [main] INFO  ampos.restaurant.RestaurantApplication.48 - Starting RestaurantApplication on ubuntu19 with PID 8955 (/home/ubuntu19/Desktop/AMOP/restaurant/restaurant/target/classes started by ubuntu19 in /home/ubuntu19/Desktop/AMOP/restaurant/restaurant)
04-08-2019 18:33:03.130 [main] DEBUG ampos.restaurant.RestaurantApplication.51 - Running with Spring Boot v1.5.9.RELEASE, Spring v4.3.13.RELEASE
04-08-2019 18:33:03.130 [main] INFO  ampos.restaurant.RestaurantApplication.593 - No active profile set, falling back to default profiles: default
04-08-2019 18:35:22.722 [main] INFO  ampos.restaurant.RestaurantApplication.48 - Starting RestaurantApplication on ubuntu19 with PID 9993 (/home/ubuntu19/Desktop/AMOP/restaurant/restaurant/target/classes started by ubuntu19 in /home/ubuntu19/Desktop/AMOP/restaurant/restaurant)
04-08-2019 18:35:22.722 [main] DEBUG ampos.restaurant.RestaurantApplication.51 - Running with Spring Boot v1.5.9.RELEASE, Spring v4.3.13.RELEASE
04-08-2019 18:35:22.722 [main] INFO  ampos.restaurant.RestaurantApplication.593 - No active profile set, falling back to default profiles: default
04-08-2019 18:37:39.125 [main] INFO  ampos.restaurant.RestaurantApplication.48 - Starting RestaurantApplication on ubuntu19 with PID 10237 (/home/ubuntu19/Desktop/AMOP/restaurant/restaurant/target/classes started by ubuntu19 in /home/ubuntu19/Desktop/AMOP/restaurant/restaurant)
04-08-2019 18:37:39.126 [main] DEBUG ampos.restaurant.RestaurantApplication.51 - Running with Spring Boot v1.5.9.RELEASE, Spring v4.3.13.RELEASE
04-08-2019 18:37:39.126 [main] INFO  ampos.restaurant.RestaurantApplication.593 - No active profile set, falling back to default profiles: default
04-08-2019 18:42:46.577 [main] INFO  ampos.restaurant.RestaurantApplication.48 - Starting RestaurantApplication on ubuntu19 with PID 11466 (/home/ubuntu19/Desktop/AMOP/restaurant/restaurant/target/classes started by ubuntu19 in /home/ubuntu19/Desktop/AMOP/restaurant/restaurant)
04-08-2019 18:42:46.578 [main] DEBUG ampos.restaurant.RestaurantApplication.51 - Running with Spring Boot v1.5.9.RELEASE, Spring v4.3.13.RELEASE
04-08-2019 18:42:46.578 [main] INFO  ampos.restaurant.RestaurantApplication.593 - No active profile set, falling back to default profiles: default
04-08-2019 18:42:49.479 [main] INFO  ampos.restaurant.domain.mapper.DefaultClassMapper.24 - Registering all class mapppers ...
04-08-2019 18:42:50.082 [main] INFO  ampos.restaurant.RestaurantApplication.57 - Started RestaurantApplication in 3.681 seconds (JVM running for 7.705)
04-08-2019 18:44:04.031 [main] INFO  ampos.restaurant.RestaurantApplication.48 - Starting RestaurantApplication on ubuntu19 with PID 11722 (/home/ubuntu19/Desktop/AMOP/restaurant/restaurant/target/classes started by ubuntu19 in /home/ubuntu19/Desktop/AMOP/restaurant/restaurant)
04-08-2019 18:44:04.032 [main] DEBUG ampos.restaurant.RestaurantApplication.51 - Running with Spring Boot v1.5.9.RELEASE, Spring v4.3.13.RELEASE
04-08-2019 18:44:04.032 [main] INFO  ampos.restaurant.RestaurantApplication.593 - No active profile set, falling back to default profiles: default
04-08-2019 18:44:06.987 [main] INFO  ampos.restaurant.domain.mapper.DefaultClassMapper.24 - Registering all class mapppers ...
04-08-2019 18:44:07.763 [main] INFO  ampos.restaurant.RestaurantApplication.57 - Started RestaurantApplication in 3.914 seconds (JVM running for 7.801)
04-08-2019 18:44:31.956 [main] INFO  ampos.restaurant.RestaurantApplication.48 - Starting RestaurantApplication on ubuntu19 with PID 11873 (/home/ubuntu19/Desktop/AMOP/restaurant/restaurant/target/classes started by ubuntu19 in /home/ubuntu19/Desktop/AMOP/restaurant/restaurant)
04-08-2019 18:44:31.956 [main] DEBUG ampos.restaurant.RestaurantApplication.51 - Running with Spring Boot v1.5.9.RELEASE, Spring v4.3.13.RELEASE
04-08-2019 18:44:31.956 [main] INFO  ampos.restaurant.RestaurantApplication.593 - No active profile set, falling back to default profiles: default
04-08-2019 18:44:35.247 [main] INFO  ampos.restaurant.domain.mapper.DefaultClassMapper.24 - Registering all class mapppers ...
04-08-2019 18:44:36.001 [main] INFO  ampos.restaurant.RestaurantApplication.57 - Started RestaurantApplication in 4.232 seconds (JVM running for 8.512)
04-08-2019 18:45:14.024 [main] INFO  ampos.restaurant.RestaurantApplication.48 - Starting RestaurantApplication on ubuntu19 with PID 12769 (/home/ubuntu19/Desktop/AMOP/restaurant/restaurant/target/classes started by ubuntu19 in /home/ubuntu19/Desktop/AMOP/restaurant/restaurant)
04-08-2019 18:45:14.024 [main] DEBUG ampos.restaurant.RestaurantApplication.51 - Running with Spring Boot v1.5.9.RELEASE, Spring v4.3.13.RELEASE
04-08-2019 18:45:14.025 [main] INFO  ampos.restaurant.RestaurantApplication.593 - No active profile set, falling back to default profiles: default
04-08-2019 18:45:17.355 [main] INFO  ampos.restaurant.domain.mapper.DefaultClassMapper.24 - Registering all class mapppers ...
04-08-2019 18:45:17.985 [main] INFO  ampos.restaurant.RestaurantApplication.57 - Started RestaurantApplication in 4.178 seconds (JVM running for 8.077)
04-08-2019 18:45:21.200 [http-nio-9080-exec-1] DEBUG BillOrderMgmtController.73 - Getting bill order by Id...
04-08-2019 18:45:49.875 [http-nio-9080-exec-2] DEBUG BillOrderMgmtController.73 - Getting bill order by Id...
04-08-2019 18:46:21.600 [main] INFO  ampos.restaurant.RestaurantApplication.48 - Starting RestaurantApplication on ubuntu19 with PID 12943 (/home/ubuntu19/Desktop/AMOP/restaurant/restaurant/target/classes started by ubuntu19 in /home/ubuntu19/Desktop/AMOP/restaurant/restaurant)
04-08-2019 18:46:21.601 [main] DEBUG ampos.restaurant.RestaurantApplication.51 - Running with Spring Boot v1.5.9.RELEASE, Spring v4.3.13.RELEASE
04-08-2019 18:46:21.601 [main] INFO  ampos.restaurant.RestaurantApplication.593 - No active profile set, falling back to default profiles: default
04-08-2019 18:46:24.648 [main] INFO  ampos.restaurant.domain.mapper.DefaultClassMapper.24 - Registering all class mapppers ...
04-08-2019 18:46:25.488 [main] INFO  ampos.restaurant.RestaurantApplication.57 - Started RestaurantApplication in 4.109 seconds (JVM running for 4.575)
04-08-2019 18:47:00.800 [http-nio-9080-exec-1] DEBUG BillOrderMgmtController.73 - Getting bill order by Id...
04-08-2019 18:53:42.598 [main] INFO  ampos.restaurant.RestaurantApplication.48 - Starting RestaurantApplication on ubuntu19 with PID 14415 (/home/ubuntu19/Desktop/AMOP/restaurant/restaurant/target/classes started by ubuntu19 in /home/ubuntu19/Desktop/AMOP/restaurant/restaurant)
04-08-2019 18:53:42.599 [main] DEBUG ampos.restaurant.RestaurantApplication.51 - Running with Spring Boot v1.5.9.RELEASE, Spring v4.3.13.RELEASE
04-08-2019 18:53:42.599 [main] INFO  ampos.restaurant.RestaurantApplication.593 - No active profile set, falling back to default profiles: default
04-08-2019 18:54:30.064 [main] INFO  ampos.restaurant.RestaurantApplication.48 - Starting RestaurantApplication on ubuntu19 with PID 14566 (/home/ubuntu19/Desktop/AMOP/restaurant/restaurant/target/classes started by ubuntu19 in /home/ubuntu19/Desktop/AMOP/restaurant/restaurant)
04-08-2019 18:54:30.065 [main] DEBUG ampos.restaurant.RestaurantApplication.51 - Running with Spring Boot v1.5.9.RELEASE, Spring v4.3.13.RELEASE
04-08-2019 18:54:30.065 [main] INFO  ampos.restaurant.RestaurantApplication.593 - No active profile set, falling back to default profiles: default
04-08-2019 18:54:33.075 [main] INFO  ampos.restaurant.domain.mapper.DefaultClassMapper.24 - Registering all class mapppers ...
04-08-2019 18:54:33.814 [main] INFO  ampos.restaurant.RestaurantApplication.57 - Started RestaurantApplication in 3.953 seconds (JVM running for 4.459)
04-08-2019 18:54:40.591 [http-nio-9080-exec-1] DEBUG BillOrderMgmtController.73 - Getting bill order by Id...
04-08-2019 18:55:45.021 [main] INFO  ampos.restaurant.RestaurantApplication.48 - Starting RestaurantApplication on ubuntu19 with PID 15565 (/home/ubuntu19/Desktop/AMOP/restaurant/restaurant/target/classes started by ubuntu19 in /home/ubuntu19/Desktop/AMOP/restaurant/restaurant)
04-08-2019 18:55:45.021 [main] DEBUG ampos.restaurant.RestaurantApplication.51 - Running with Spring Boot v1.5.9.RELEASE, Spring v4.3.13.RELEASE
04-08-2019 18:55:45.022 [main] INFO  ampos.restaurant.RestaurantApplication.593 - No active profile set, falling back to default profiles: default
04-08-2019 18:55:48.574 [main] INFO  ampos.restaurant.domain.mapper.DefaultClassMapper.24 - Registering all class mapppers ...
04-08-2019 18:55:49.372 [main] INFO  ampos.restaurant.RestaurantApplication.57 - Started RestaurantApplication in 4.552 seconds (JVM running for 5.019)
04-08-2019 18:55:54.462 [http-nio-9080-exec-1] DEBUG BillOrderMgmtController.73 - Getting bill order by Id...
04-08-2019 19:00:56.381 [main] INFO  ampos.restaurant.RestaurantApplication.48 - Starting RestaurantApplication on ubuntu19 with PID 16820 (/home/ubuntu19/Desktop/AMOP/restaurant/restaurant/target/classes started by ubuntu19 in /home/ubuntu19/Desktop/AMOP/restaurant/restaurant)
04-08-2019 19:00:56.382 [main] DEBUG ampos.restaurant.RestaurantApplication.51 - Running with Spring Boot v1.5.9.RELEASE, Spring v4.3.13.RELEASE
04-08-2019 19:00:56.382 [main] INFO  ampos.restaurant.RestaurantApplication.593 - No active profile set, falling back to default profiles: default
04-08-2019 19:00:59.495 [main] INFO  ampos.restaurant.domain.mapper.DefaultClassMapper.24 - Registering all class mapppers ...
04-08-2019 19:01:00.239 [main] INFO  ampos.restaurant.RestaurantApplication.57 - Started RestaurantApplication in 4.096 seconds (JVM running for 4.593)
04-08-2019 19:01:26.210 [http-nio-9080-exec-1] DEBUG BillOrderMgmtController.73 - Getting bill order by Id...
04-08-2019 19:05:09.250 [http-nio-9080-exec-4] DEBUG BillOrderMgmtController.50 - Getting bill order by Id...
04-08-2019 20:09:47.058 [main] INFO  ampos.restaurant.RestaurantApplication.48 - Starting RestaurantApplication on ubuntu19 with PID 30707 (/home/ubuntu19/Desktop/AMOP/restaurant/restaurant/target/classes started by ubuntu19 in /home/ubuntu19/Desktop/AMOP/restaurant/restaurant)
04-08-2019 20:09:47.059 [main] DEBUG ampos.restaurant.RestaurantApplication.51 - Running with Spring Boot v1.5.9.RELEASE, Spring v4.3.13.RELEASE
04-08-2019 20:09:47.059 [main] INFO  ampos.restaurant.RestaurantApplication.593 - No active profile set, falling back to default profiles: default
04-08-2019 20:09:50.127 [main] INFO  ampos.restaurant.domain.mapper.DefaultClassMapper.24 - Registering all class mapppers ...
04-08-2019 20:09:50.975 [main] INFO  ampos.restaurant.RestaurantApplication.57 - Started RestaurantApplication in 4.145 seconds (JVM running for 4.746)
04-08-2019 20:10:23.076 [http-nio-9080-exec-1] DEBUG MenuMgmtController.54 - Creating menu menuItem....
04-08-2019 20:10:27.866 [http-nio-9080-exec-3] DEBUG MenuMgmtController.54 - Creating menu menuItem....
04-08-2019 20:11:10.236 [http-nio-9080-exec-10] DEBUG BillOrderMgmtController.42 - Create bill order by Id
04-08-2019 20:11:19.876 [http-nio-9080-exec-8] DEBUG BillOrderMgmtController.42 - Create bill order by Id
04-08-2019 20:11:32.881 [http-nio-9080-exec-7] DEBUG BillOrderMgmtController.42 - Create bill order by Id
04-08-2019 20:12:08.516 [http-nio-9080-exec-6] DEBUG BillOrderMgmtController.50 - Getting bill order by Id...
04-08-2019 20:26:34.195 [main] INFO  ampos.restaurant.RestaurantApplication.48 - Starting RestaurantApplication on ubuntu19 with PID 2938 (/home/ubuntu19/Desktop/AMOP/restaurant/restaurant/target/classes started by ubuntu19 in /home/ubuntu19/Desktop/AMOP/restaurant/restaurant)
04-08-2019 20:26:34.196 [main] DEBUG ampos.restaurant.RestaurantApplication.51 - Running with Spring Boot v1.5.9.RELEASE, Spring v4.3.13.RELEASE
04-08-2019 20:26:34.196 [main] INFO  ampos.restaurant.RestaurantApplication.593 - No active profile set, falling back to default profiles: default
04-08-2019 20:26:37.348 [main] INFO  ampos.restaurant.domain.mapper.DefaultClassMapper.24 - Registering all class mapppers ...
04-08-2019 20:26:38.152 [main] INFO  ampos.restaurant.RestaurantApplication.57 - Started RestaurantApplication in 4.166 seconds (JVM running for 4.719)
04-08-2019 20:26:46.460 [http-nio-9080-exec-3] DEBUG BillOrderMgmtController.50 - Getting bill order by Id...
04-08-2019 20:29:49.092 [http-nio-9080-exec-7] DEBUG BillOrderMgmtController.50 - Getting bill order by Id...
04-08-2019 21:01:50.006 [main] INFO  ampos.restaurant.RestaurantApplication.48 - Starting RestaurantApplication on ubuntu19 with PID 11512 (/home/ubuntu19/Desktop/AMOP/restaurant/restaurant/target/classes started by ubuntu19 in /home/ubuntu19/Desktop/AMOP/restaurant/restaurant)
04-08-2019 21:01:50.007 [main] DEBUG ampos.restaurant.RestaurantApplication.51 - Running with Spring Boot v1.5.9.RELEASE, Spring v4.3.13.RELEASE
04-08-2019 21:01:50.007 [main] INFO  ampos.restaurant.RestaurantApplication.593 - No active profile set, falling back to default profiles: default
04-08-2019 21:01:53.092 [main] INFO  ampos.restaurant.domain.mapper.DefaultClassMapper.24 - Registering all class mapppers ...
04-08-2019 21:01:53.845 [main] INFO  ampos.restaurant.RestaurantApplication.57 - Started RestaurantApplication in 4.055 seconds (JVM running for 4.535)
04-08-2019 21:02:09.861 [http-nio-9080-exec-1] DEBUG BillOrderMgmtController.50 - Getting bill order by Id...
04-08-2019 21:07:33.086 [main] INFO  ampos.restaurant.RestaurantApplication.48 - Starting RestaurantApplication on ubuntu19 with PID 12769 (/home/ubuntu19/Desktop/AMOP/restaurant/restaurant/target/classes started by ubuntu19 in /home/ubuntu19/Desktop/AMOP/restaurant/restaurant)
04-08-2019 21:07:33.087 [main] DEBUG ampos.restaurant.RestaurantApplication.51 - Running with Spring Boot v1.5.9.RELEASE, Spring v4.3.13.RELEASE
04-08-2019 21:07:33.088 [main] INFO  ampos.restaurant.RestaurantApplication.593 - No active profile set, falling back to default profiles: default
04-08-2019 21:07:36.260 [main] INFO  ampos.restaurant.domain.mapper.DefaultClassMapper.24 - Registering all class mapppers ...
04-08-2019 21:07:37.103 [main] INFO  ampos.restaurant.RestaurantApplication.57 - Started RestaurantApplication in 4.217 seconds (JVM running for 4.683)
04-08-2019 21:07:47.044 [http-nio-9080-exec-1] DEBUG BillOrderMgmtController.50 - Getting bill order by Id...
04-08-2019 21:09:53.717 [http-nio-9080-exec-3] DEBUG BillOrderMgmtController.50 - Getting bill order by Id...
04-08-2019 21:21:17.356 [main] INFO  ampos.restaurant.RestaurantApplication.48 - Starting RestaurantApplication on ubuntu19 with PID 16166 (/home/ubuntu19/Desktop/AMOP/restaurant/restaurant/target/classes started by ubuntu19 in /home/ubuntu19/Desktop/AMOP/restaurant/restaurant)
04-08-2019 21:21:17.357 [main] DEBUG ampos.restaurant.RestaurantApplication.51 - Running with Spring Boot v1.5.9.RELEASE, Spring v4.3.13.RELEASE
04-08-2019 21:21:17.357 [main] INFO  ampos.restaurant.RestaurantApplication.593 - No active profile set, falling back to default profiles: default
04-08-2019 21:21:20.791 [main] INFO  ampos.restaurant.domain.mapper.DefaultClassMapper.24 - Registering all class mapppers ...
04-08-2019 21:21:21.602 [main] INFO  ampos.restaurant.RestaurantApplication.57 - Started RestaurantApplication in 4.46 seconds (JVM running for 4.955)
04-08-2019 21:21:21.725 [http-nio-9080-exec-2] DEBUG BillOrderMgmtController.50 - Getting bill order by Id...
04-08-2019 21:23:16.187 [main] INFO  ampos.restaurant.RestaurantApplication.48 - Starting RestaurantApplication on ubuntu19 with PID 16492 (/home/ubuntu19/Desktop/AMOP/restaurant/restaurant/target/classes started by ubuntu19 in /home/ubuntu19/Desktop/AMOP/restaurant/restaurant)
04-08-2019 21:23:16.188 [main] DEBUG ampos.restaurant.RestaurantApplication.51 - Running with Spring Boot v1.5.9.RELEASE, Spring v4.3.13.RELEASE
04-08-2019 21:23:16.188 [main] INFO  ampos.restaurant.RestaurantApplication.593 - No active profile set, falling back to default profiles: default
04-08-2019 21:23:19.352 [main] INFO  ampos.restaurant.domain.mapper.DefaultClassMapper.24 - Registering all class mapppers ...
04-08-2019 21:23:20.315 [main] INFO  ampos.restaurant.RestaurantApplication.57 - Started RestaurantApplication in 4.397 seconds (JVM running for 4.927)
04-08-2019 21:23:23.426 [http-nio-9080-exec-1] DEBUG BillOrderMgmtController.50 - Getting bill order by Id...
04-08-2019 21:23:37.385 [http-nio-9080-exec-2] DEBUG BillOrderMgmtController.50 - Getting bill order by Id...
04-08-2019 21:24:55.703 [http-nio-9080-exec-5] DEBUG BillOrderMgmtController.50 - Getting bill order by Id...
04-08-2019 21:26:28.272 [main] INFO  ampos.restaurant.RestaurantApplication.48 - Starting RestaurantApplication on ubuntu19 with PID 17592 (/home/ubuntu19/Desktop/AMOP/restaurant/restaurant/target/classes started by ubuntu19 in /home/ubuntu19/Desktop/AMOP/restaurant/restaurant)
04-08-2019 21:26:28.272 [main] DEBUG ampos.restaurant.RestaurantApplication.51 - Running with Spring Boot v1.5.9.RELEASE, Spring v4.3.13.RELEASE
04-08-2019 21:26:28.273 [main] INFO  ampos.restaurant.RestaurantApplication.593 - No active profile set, falling back to default profiles: default
04-08-2019 21:26:31.633 [main] INFO  ampos.restaurant.domain.mapper.DefaultClassMapper.24 - Registering all class mapppers ...
04-08-2019 21:26:32.469 [main] INFO  ampos.restaurant.RestaurantApplication.57 - Started RestaurantApplication in 4.44 seconds (JVM running for 4.968)
04-08-2019 21:26:34.498 [http-nio-9080-exec-1] DEBUG BillOrderMgmtController.50 - Getting bill order by Id...
04-08-2019 21:37:05.437 [main] INFO  ampos.restaurant.RestaurantApplication.48 - Starting RestaurantApplication on ubuntu19 with PID 20057 (/home/ubuntu19/Desktop/AMOP/restaurant/restaurant/target/classes started by ubuntu19 in /home/ubuntu19/Desktop/AMOP/restaurant/restaurant)
04-08-2019 21:37:05.438 [main] DEBUG ampos.restaurant.RestaurantApplication.51 - Running with Spring Boot v1.5.9.RELEASE, Spring v4.3.13.RELEASE
04-08-2019 21:37:05.438 [main] INFO  ampos.restaurant.RestaurantApplication.593 - No active profile set, falling back to default profiles: default
04-08-2019 21:37:08.797 [main] INFO  ampos.restaurant.domain.mapper.DefaultClassMapper.24 - Registering all class mapppers ...
04-08-2019 21:37:09.576 [main] INFO  ampos.restaurant.RestaurantApplication.57 - Started RestaurantApplication in 4.495 seconds (JVM running for 5.305)
04-08-2019 21:39:53.945 [main] INFO  ampos.restaurant.RestaurantApplication.48 - Starting RestaurantApplication on ubuntu19 with PID 20496 (/home/ubuntu19/Desktop/AMOP/restaurant/restaurant/target/classes started by ubuntu19 in /home/ubuntu19/Desktop/AMOP/restaurant/restaurant)
04-08-2019 21:39:53.947 [main] DEBUG ampos.restaurant.RestaurantApplication.51 - Running with Spring Boot v1.5.9.RELEASE, Spring v4.3.13.RELEASE
04-08-2019 21:39:53.947 [main] INFO  ampos.restaurant.RestaurantApplication.593 - No active profile set, falling back to default profiles: default
04-08-2019 21:39:57.213 [main] INFO  ampos.restaurant.domain.mapper.DefaultClassMapper.24 - Registering all class mapppers ...
04-08-2019 21:39:57.938 [main] INFO  ampos.restaurant.RestaurantApplication.57 - Started RestaurantApplication in 4.199 seconds (JVM running for 4.753)
04-08-2019 21:41:09.693 [main] INFO  ampos.restaurant.RestaurantApplication.48 - Starting RestaurantApplication on ubuntu19 with PID 21477 (/home/ubuntu19/Desktop/AMOP/restaurant/restaurant/target/classes started by ubuntu19 in /home/ubuntu19/Desktop/AMOP/restaurant/restaurant)
04-08-2019 21:41:09.694 [main] DEBUG ampos.restaurant.RestaurantApplication.51 - Running with Spring Boot v1.5.9.RELEASE, Spring v4.3.13.RELEASE
04-08-2019 21:41:09.694 [main] INFO  ampos.restaurant.RestaurantApplication.593 - No active profile set, falling back to default profiles: default
04-08-2019 21:41:13.044 [main] INFO  ampos.restaurant.domain.mapper.DefaultClassMapper.24 - Registering all class mapppers ...
04-08-2019 21:41:13.920 [main] INFO  ampos.restaurant.RestaurantApplication.57 - Started RestaurantApplication in 4.437 seconds (JVM running for 4.914)
04-08-2019 21:42:48.299 [main] INFO  ampos.restaurant.RestaurantApplication.48 - Starting RestaurantApplication on ubuntu19 with PID 21815 (/home/ubuntu19/Desktop/AMOP/restaurant/restaurant/target/classes started by ubuntu19 in /home/ubuntu19/Desktop/AMOP/restaurant/restaurant)
04-08-2019 21:42:48.299 [main] DEBUG ampos.restaurant.RestaurantApplication.51 - Running with Spring Boot v1.5.9.RELEASE, Spring v4.3.13.RELEASE
04-08-2019 21:42:48.300 [main] INFO  ampos.restaurant.RestaurantApplication.593 - No active profile set, falling back to default profiles: default
04-08-2019 21:42:51.184 [main] INFO  ampos.restaurant.domain.mapper.DefaultClassMapper.24 - Registering all class mapppers ...
04-08-2019 21:42:51.930 [main] INFO  ampos.restaurant.RestaurantApplication.57 - Started RestaurantApplication in 3.851 seconds (JVM running for 4.437)
04-08-2019 21:43:57.428 [main] INFO  ampos.restaurant.RestaurantApplication.48 - Starting RestaurantApplication on ubuntu19 with PID 22079 (/home/ubuntu19/Desktop/AMOP/restaurant/restaurant/target/classes started by ubuntu19 in /home/ubuntu19/Desktop/AMOP/restaurant/restaurant)
04-08-2019 21:43:57.429 [main] DEBUG ampos.restaurant.RestaurantApplication.51 - Running with Spring Boot v1.5.9.RELEASE, Spring v4.3.13.RELEASE
04-08-2019 21:43:57.429 [main] INFO  ampos.restaurant.RestaurantApplication.593 - No active profile set, falling back to default profiles: default
04-08-2019 21:44:00.348 [main] INFO  ampos.restaurant.domain.mapper.DefaultClassMapper.24 - Registering all class mapppers ...
04-08-2019 21:44:01.063 [main] INFO  ampos.restaurant.RestaurantApplication.57 - Started RestaurantApplication in 3.843 seconds (JVM running for 4.355)
04-08-2019 21:46:51.580 [main] INFO  ampos.restaurant.RestaurantApplication.48 - Starting RestaurantApplication on ubuntu19 with PID 23297 (/home/ubuntu19/Desktop/AMOP/restaurant/restaurant/target/classes started by ubuntu19 in /home/ubuntu19/Desktop/AMOP/restaurant/restaurant)
04-08-2019 21:46:51.580 [main] DEBUG ampos.restaurant.RestaurantApplication.51 - Running with Spring Boot v1.5.9.RELEASE, Spring v4.3.13.RELEASE
04-08-2019 21:46:51.581 [main] INFO  ampos.restaurant.RestaurantApplication.593 - No active profile set, falling back to default profiles: default
04-08-2019 21:46:55.298 [main] INFO  ampos.restaurant.domain.mapper.DefaultClassMapper.24 - Registering all class mapppers ...
04-08-2019 21:46:56.119 [main] INFO  ampos.restaurant.RestaurantApplication.57 - Started RestaurantApplication in 4.748 seconds (JVM running for 5.209)
04-08-2019 21:48:20.577 [main] INFO  ampos.restaurant.RestaurantApplication.48 - Starting RestaurantApplication on ubuntu19 with PID 23648 (/home/ubuntu19/Desktop/AMOP/restaurant/restaurant/target/classes started by ubuntu19 in /home/ubuntu19/Desktop/AMOP/restaurant/restaurant)
04-08-2019 21:48:20.578 [main] DEBUG ampos.restaurant.RestaurantApplication.51 - Running with Spring Boot v1.5.9.RELEASE, Spring v4.3.13.RELEASE
04-08-2019 21:48:20.579 [main] INFO  ampos.restaurant.RestaurantApplication.593 - No active profile set, falling back to default profiles: default
04-08-2019 21:48:23.613 [main] INFO  ampos.restaurant.domain.mapper.DefaultClassMapper.24 - Registering all class mapppers ...
04-08-2019 21:48:24.364 [main] INFO  ampos.restaurant.RestaurantApplication.57 - Started RestaurantApplication in 3.986 seconds (JVM running for 4.481)
04-08-2019 21:53:46.935 [main] INFO  ampos.restaurant.RestaurantApplication.48 - Starting RestaurantApplication on ubuntu19 with PID 25092 (/home/ubuntu19/Desktop/AMOP/restaurant/restaurant/target/classes started by ubuntu19 in /home/ubuntu19/Desktop/AMOP/restaurant/restaurant)
04-08-2019 21:53:46.936 [main] DEBUG ampos.restaurant.RestaurantApplication.51 - Running with Spring Boot v1.5.9.RELEASE, Spring v4.3.13.RELEASE
04-08-2019 21:53:46.936 [main] INFO  ampos.restaurant.RestaurantApplication.593 - No active profile set, falling back to default profiles: default
04-08-2019 21:53:50.342 [main] INFO  ampos.restaurant.domain.mapper.DefaultClassMapper.24 - Registering all class mapppers ...
04-08-2019 21:53:51.222 [main] INFO  ampos.restaurant.RestaurantApplication.57 - Started RestaurantApplication in 4.485 seconds (JVM running for 5.031)
04-08-2019 21:54:27.941 [http-nio-9080-exec-2] DEBUG MenuMgmtController.54 - Creating menu menuItem....
04-08-2019 22:14:39.347 [http-nio-9080-exec-6] DEBUG MenuMgmtController.91 - Getting list menu menuItems....
04-08-2019 22:14:47.618 [http-nio-9080-exec-7] DEBUG MenuMgmtController.76 - Getting menu menuItem....
04-08-2019 22:14:53.705 [http-nio-9080-exec-8] DEBUG MenuMgmtController.91 - Getting list menu menuItems....
04-08-2019 22:14:59.972 [http-nio-9080-exec-9] DEBUG MenuMgmtController.76 - Getting menu menuItem....
04-08-2019 22:19:26.039 [main] INFO  ampos.restaurant.RestaurantApplication.48 - Starting RestaurantApplication on ubuntu19 with PID 31262 (/home/ubuntu19/Desktop/AMOP/restaurant/restaurant/target/classes started by ubuntu19 in /home/ubuntu19/Desktop/AMOP/restaurant/restaurant)
04-08-2019 22:19:26.040 [main] DEBUG ampos.restaurant.RestaurantApplication.51 - Running with Spring Boot v1.5.9.RELEASE, Spring v4.3.13.RELEASE
04-08-2019 22:19:26.040 [main] INFO  ampos.restaurant.RestaurantApplication.593 - No active profile set, falling back to default profiles: default
04-08-2019 22:19:29.134 [main] INFO  ampos.restaurant.domain.mapper.DefaultClassMapper.24 - Registering all class mapppers ...
04-08-2019 22:19:29.849 [main] INFO  ampos.restaurant.RestaurantApplication.57 - Started RestaurantApplication in 3.996 seconds (JVM running for 4.448)
04-08-2019 22:22:22.787 [main] INFO  ampos.restaurant.RestaurantApplication.48 - Starting RestaurantApplication on ubuntu19 with PID 32471 (/home/ubuntu19/Desktop/AMOP/restaurant/restaurant/target/classes started by ubuntu19 in /home/ubuntu19/Desktop/AMOP/restaurant/restaurant)
04-08-2019 22:22:22.788 [main] DEBUG ampos.restaurant.RestaurantApplication.51 - Running with Spring Boot v1.5.9.RELEASE, Spring v4.3.13.RELEASE
04-08-2019 22:22:22.789 [main] INFO  ampos.restaurant.RestaurantApplication.593 - No active profile set, falling back to default profiles: default
04-08-2019 22:22:26.149 [main] INFO  ampos.restaurant.domain.mapper.DefaultClassMapper.24 - Registering all class mapppers ...
04-08-2019 22:22:27.094 [main] INFO  ampos.restaurant.RestaurantApplication.57 - Started RestaurantApplication in 4.528 seconds (JVM running for 5.25)
04-08-2019 22:24:27.270 [main] INFO  ampos.restaurant.RestaurantApplication.48 - Starting RestaurantApplication on ubuntu19 with PID 445 (/home/ubuntu19/Desktop/AMOP/restaurant/restaurant/target/classes started by ubuntu19 in /home/ubuntu19/Desktop/AMOP/restaurant/restaurant)
04-08-2019 22:24:27.272 [main] DEBUG ampos.restaurant.RestaurantApplication.51 - Running with Spring Boot v1.5.9.RELEASE, Spring v4.3.13.RELEASE
04-08-2019 22:24:27.273 [main] INFO  ampos.restaurant.RestaurantApplication.593 - No active profile set, falling back to default profiles: default
04-08-2019 22:24:31.003 [main] INFO  ampos.restaurant.domain.mapper.DefaultClassMapper.24 - Registering all class mapppers ...
04-08-2019 22:24:31.960 [main] INFO  ampos.restaurant.RestaurantApplication.57 - Started RestaurantApplication in 4.902 seconds (JVM running for 5.415)
04-08-2019 23:07:27.086 [main] INFO  ampos.restaurant.RestaurantApplication.48 - Starting RestaurantApplication on ubuntu19 with PID 11542 (/home/ubuntu19/Desktop/AMOP/restaurant/restaurant/target/classes started by ubuntu19 in /home/ubuntu19/Desktop/AMOP/restaurant/restaurant)
04-08-2019 23:07:27.087 [main] DEBUG ampos.restaurant.RestaurantApplication.51 - Running with Spring Boot v1.5.9.RELEASE, Spring v4.3.13.RELEASE
04-08-2019 23:07:27.087 [main] INFO  ampos.restaurant.RestaurantApplication.593 - No active profile set, falling back to default profiles: default
04-08-2019 23:07:30.200 [main] INFO  ampos.restaurant.domain.mapper.DefaultClassMapper.24 - Registering all class mapppers ...
04-08-2019 23:07:30.950 [main] INFO  ampos.restaurant.RestaurantApplication.57 - Started RestaurantApplication in 4.071 seconds (JVM running for 4.54)
