02-08-2019 10:54:54.383 [main] INFO  ampos.restaurant.RestaurantApplication.48 - Starting RestaurantApplication on ubuntu19 with PID 27662 (/home/ubuntu19/Desktop/AMOP/restaurant/restaurant/target/classes started by ubuntu19 in /home/ubuntu19/Desktop/AMOP/restaurant/restaurant)
02-08-2019 10:54:54.384 [main] DEBUG ampos.restaurant.RestaurantApplication.51 - Running with Spring Boot v1.5.9.RELEASE, Spring v4.3.13.RELEASE
02-08-2019 10:54:54.384 [main] INFO  ampos.restaurant.RestaurantApplication.593 - No active profile set, falling back to default profiles: default
02-08-2019 10:56:16.469 [main] INFO  ampos.restaurant.RestaurantApplication.48 - Starting RestaurantApplication on ubuntu19 with PID 28606 (/home/ubuntu19/Desktop/AMOP/restaurant/restaurant/target/classes started by ubuntu19 in /home/ubuntu19/Desktop/AMOP/restaurant/restaurant)
02-08-2019 10:56:16.471 [main] DEBUG ampos.restaurant.RestaurantApplication.51 - Running with Spring Boot v1.5.9.RELEASE, Spring v4.3.13.RELEASE
02-08-2019 10:56:16.471 [main] INFO  ampos.restaurant.RestaurantApplication.593 - No active profile set, falling back to default profiles: default
02-08-2019 10:58:06.607 [main] INFO  ampos.restaurant.RestaurantApplication.48 - Starting RestaurantApplication on ubuntu19 with PID 28782 (/home/ubuntu19/Desktop/AMOP/restaurant/restaurant/target/classes started by ubuntu19 in /home/ubuntu19/Desktop/AMOP/restaurant/restaurant)
02-08-2019 10:58:06.611 [main] DEBUG ampos.restaurant.RestaurantApplication.51 - Running with Spring Boot v1.5.9.RELEASE, Spring v4.3.13.RELEASE
02-08-2019 10:58:06.612 [main] INFO  ampos.restaurant.RestaurantApplication.593 - No active profile set, falling back to default profiles: default
02-08-2019 10:59:27.940 [main] INFO  ampos.restaurant.RestaurantApplication.48 - Starting RestaurantApplication on ubuntu19 with PID 28964 (/home/ubuntu19/Desktop/AMOP/restaurant/restaurant/target/classes started by ubuntu19 in /home/ubuntu19/Desktop/AMOP/restaurant/restaurant)
02-08-2019 10:59:27.941 [main] DEBUG ampos.restaurant.RestaurantApplication.51 - Running with Spring Boot v1.5.9.RELEASE, Spring v4.3.13.RELEASE
02-08-2019 10:59:27.941 [main] INFO  ampos.restaurant.RestaurantApplication.593 - No active profile set, falling back to default profiles: default
02-08-2019 11:01:30.512 [main] INFO  ampos.restaurant.RestaurantApplication.48 - Starting RestaurantApplication on ubuntu19 with PID 29896 (/home/ubuntu19/Desktop/AMOP/restaurant/restaurant/target/classes started by ubuntu19 in /home/ubuntu19/Desktop/AMOP/restaurant/restaurant)
02-08-2019 11:01:30.513 [main] DEBUG ampos.restaurant.RestaurantApplication.51 - Running with Spring Boot v1.5.9.RELEASE, Spring v4.3.13.RELEASE
02-08-2019 11:01:30.513 [main] INFO  ampos.restaurant.RestaurantApplication.593 - No active profile set, falling back to default profiles: default
02-08-2019 11:02:33.631 [main] INFO  ampos.restaurant.RestaurantApplication.48 - Starting RestaurantApplication on ubuntu19 with PID 29999 (/home/ubuntu19/Desktop/AMOP/restaurant/restaurant/target/classes started by ubuntu19 in /home/ubuntu19/Desktop/AMOP/restaurant/restaurant)
02-08-2019 11:02:33.632 [main] DEBUG ampos.restaurant.RestaurantApplication.51 - Running with Spring Boot v1.5.9.RELEASE, Spring v4.3.13.RELEASE
02-08-2019 11:02:33.632 [main] INFO  ampos.restaurant.RestaurantApplication.593 - No active profile set, falling back to default profiles: default
02-08-2019 11:02:50.271 [main] INFO  ampos.restaurant.RestaurantApplication.48 - Starting RestaurantApplication on ubuntu19 with PID 30057 (/home/ubuntu19/Desktop/AMOP/restaurant/restaurant/target/classes started by ubuntu19 in /home/ubuntu19/Desktop/AMOP/restaurant/restaurant)
02-08-2019 11:02:50.272 [main] DEBUG ampos.restaurant.RestaurantApplication.51 - Running with Spring Boot v1.5.9.RELEASE, Spring v4.3.13.RELEASE
02-08-2019 11:02:50.272 [main] INFO  ampos.restaurant.RestaurantApplication.593 - No active profile set, falling back to default profiles: default
02-08-2019 11:06:04.215 [main] INFO  ampos.restaurant.RestaurantApplication.48 - Starting RestaurantApplication on ubuntu19 with PID 31223 (/home/ubuntu19/Desktop/AMOP/restaurant/restaurant/target/classes started by ubuntu19 in /home/ubuntu19/Desktop/AMOP/restaurant/restaurant)
02-08-2019 11:06:04.217 [main] DEBUG ampos.restaurant.RestaurantApplication.51 - Running with Spring Boot v1.5.9.RELEASE, Spring v4.3.13.RELEASE
02-08-2019 11:06:04.218 [main] INFO  ampos.restaurant.RestaurantApplication.593 - No active profile set, falling back to default profiles: default
02-08-2019 11:07:05.691 [main] INFO  ampos.restaurant.RestaurantApplication.48 - Starting RestaurantApplication on ubuntu19 with PID 31335 (/home/ubuntu19/Desktop/AMOP/restaurant/restaurant/target/classes started by ubuntu19 in /home/ubuntu19/Desktop/AMOP/restaurant/restaurant)
02-08-2019 11:07:05.693 [main] DEBUG ampos.restaurant.RestaurantApplication.51 - Running with Spring Boot v1.5.9.RELEASE, Spring v4.3.13.RELEASE
02-08-2019 11:07:05.694 [main] INFO  ampos.restaurant.RestaurantApplication.593 - No active profile set, falling back to default profiles: default
02-08-2019 11:10:20.247 [main] INFO  ampos.restaurant.RestaurantApplication.48 - Starting RestaurantApplication on ubuntu19 with PID 32362 (/home/ubuntu19/Desktop/AMOP/restaurant/restaurant/target/classes started by ubuntu19 in /home/ubuntu19/Desktop/AMOP/restaurant/restaurant)
02-08-2019 11:10:20.248 [main] DEBUG ampos.restaurant.RestaurantApplication.51 - Running with Spring Boot v1.5.9.RELEASE, Spring v4.3.13.RELEASE
02-08-2019 11:10:20.248 [main] INFO  ampos.restaurant.RestaurantApplication.593 - No active profile set, falling back to default profiles: default
02-08-2019 11:11:07.523 [main] INFO  ampos.restaurant.RestaurantApplication.48 - Starting RestaurantApplication on ubuntu19 with PID 32478 (/home/ubuntu19/Desktop/AMOP/restaurant/restaurant/target/classes started by ubuntu19 in /home/ubuntu19/Desktop/AMOP/restaurant/restaurant)
02-08-2019 11:11:07.525 [main] DEBUG ampos.restaurant.RestaurantApplication.51 - Running with Spring Boot v1.5.9.RELEASE, Spring v4.3.13.RELEASE
02-08-2019 11:11:07.525 [main] INFO  ampos.restaurant.RestaurantApplication.593 - No active profile set, falling back to default profiles: default
02-08-2019 11:11:11.015 [main] INFO  ampos.restaurant.RestaurantApplication.57 - Started RestaurantApplication in 3.662 seconds (JVM running for 6.69)
02-08-2019 11:14:55.957 [http-nio-8282-exec-10] DEBUG MenuMgmtController.74 - Getting list menu menuItems....
02-08-2019 11:41:04.516 [main] INFO  ampos.restaurant.RestaurantApplication.48 - Starting RestaurantApplication on ubuntu19 with PID 7932 (/home/ubuntu19/Desktop/AMOP/restaurant/restaurant/target/classes started by ubuntu19 in /home/ubuntu19/Desktop/AMOP/restaurant/restaurant)
02-08-2019 11:41:04.516 [main] DEBUG ampos.restaurant.RestaurantApplication.51 - Running with Spring Boot v1.5.9.RELEASE, Spring v4.3.13.RELEASE
02-08-2019 11:41:04.517 [main] INFO  ampos.restaurant.RestaurantApplication.593 - No active profile set, falling back to default profiles: default
02-08-2019 11:43:09.738 [main] INFO  ampos.restaurant.RestaurantApplication.48 - Starting RestaurantApplication on ubuntu19 with PID 8138 (/home/ubuntu19/Desktop/AMOP/restaurant/restaurant/target/classes started by ubuntu19 in /home/ubuntu19/Desktop/AMOP/restaurant/restaurant)
02-08-2019 11:43:09.739 [main] DEBUG ampos.restaurant.RestaurantApplication.51 - Running with Spring Boot v1.5.9.RELEASE, Spring v4.3.13.RELEASE
02-08-2019 11:43:09.739 [main] INFO  ampos.restaurant.RestaurantApplication.593 - No active profile set, falling back to default profiles: default
02-08-2019 11:43:39.969 [main] INFO  ampos.restaurant.RestaurantApplication.48 - Starting RestaurantApplication on ubuntu19 with PID 8235 (/home/ubuntu19/Desktop/AMOP/restaurant/restaurant/target/classes started by ubuntu19 in /home/ubuntu19/Desktop/AMOP/restaurant/restaurant)
02-08-2019 11:43:39.970 [main] DEBUG ampos.restaurant.RestaurantApplication.51 - Running with Spring Boot v1.5.9.RELEASE, Spring v4.3.13.RELEASE
02-08-2019 11:43:39.970 [main] INFO  ampos.restaurant.RestaurantApplication.593 - No active profile set, falling back to default profiles: default
02-08-2019 11:44:31.259 [main] INFO  ampos.restaurant.RestaurantApplication.48 - Starting RestaurantApplication on ubuntu19 with PID 8339 (/home/ubuntu19/Desktop/AMOP/restaurant/restaurant/target/classes started by ubuntu19 in /home/ubuntu19/Desktop/AMOP/restaurant/restaurant)
02-08-2019 11:44:31.260 [main] DEBUG ampos.restaurant.RestaurantApplication.51 - Running with Spring Boot v1.5.9.RELEASE, Spring v4.3.13.RELEASE
02-08-2019 11:44:31.260 [main] INFO  ampos.restaurant.RestaurantApplication.593 - No active profile set, falling back to default profiles: default
02-08-2019 11:50:22.079 [main] INFO  ampos.restaurant.RestaurantApplication.48 - Starting RestaurantApplication on ubuntu19 with PID 10439 (/home/ubuntu19/Desktop/AMOP/restaurant/restaurant/target/classes started by ubuntu19 in /home/ubuntu19/Desktop/AMOP/restaurant/restaurant)
02-08-2019 11:50:22.080 [main] DEBUG ampos.restaurant.RestaurantApplication.51 - Running with Spring Boot v1.5.9.RELEASE, Spring v4.3.13.RELEASE
02-08-2019 11:50:22.084 [main] INFO  ampos.restaurant.RestaurantApplication.593 - No active profile set, falling back to default profiles: default
02-08-2019 11:51:09.901 [main] INFO  ampos.restaurant.RestaurantApplication.48 - Starting RestaurantApplication on ubuntu19 with PID 10539 (/home/ubuntu19/Desktop/AMOP/restaurant/restaurant/target/classes started by ubuntu19 in /home/ubuntu19/Desktop/AMOP/restaurant/restaurant)
02-08-2019 11:51:09.902 [main] DEBUG ampos.restaurant.RestaurantApplication.51 - Running with Spring Boot v1.5.9.RELEASE, Spring v4.3.13.RELEASE
02-08-2019 11:51:09.902 [main] INFO  ampos.restaurant.RestaurantApplication.593 - No active profile set, falling back to default profiles: default
02-08-2019 11:53:26.251 [main] INFO  ampos.restaurant.RestaurantApplication.48 - Starting RestaurantApplication on ubuntu19 with PID 10886 (/home/ubuntu19/Desktop/AMOP/restaurant/restaurant/target/classes started by ubuntu19 in /home/ubuntu19/Desktop/AMOP/restaurant/restaurant)
02-08-2019 11:53:26.252 [main] DEBUG ampos.restaurant.RestaurantApplication.51 - Running with Spring Boot v1.5.9.RELEASE, Spring v4.3.13.RELEASE
02-08-2019 11:53:26.252 [main] INFO  ampos.restaurant.RestaurantApplication.593 - No active profile set, falling back to default profiles: default
02-08-2019 11:55:27.840 [main] INFO  ampos.restaurant.RestaurantApplication.48 - Starting RestaurantApplication on ubuntu19 with PID 11776 (/home/ubuntu19/Desktop/AMOP/restaurant/restaurant/target/classes started by ubuntu19 in /home/ubuntu19/Desktop/AMOP/restaurant/restaurant)
02-08-2019 11:55:27.842 [main] DEBUG ampos.restaurant.RestaurantApplication.51 - Running with Spring Boot v1.5.9.RELEASE, Spring v4.3.13.RELEASE
02-08-2019 11:55:27.842 [main] INFO  ampos.restaurant.RestaurantApplication.593 - No active profile set, falling back to default profiles: default
02-08-2019 11:56:38.088 [main] INFO  ampos.restaurant.RestaurantApplication.48 - Starting RestaurantApplication on ubuntu19 with PID 11908 (/home/ubuntu19/Desktop/AMOP/restaurant/restaurant/target/classes started by ubuntu19 in /home/ubuntu19/Desktop/AMOP/restaurant/restaurant)
02-08-2019 11:56:38.089 [main] DEBUG ampos.restaurant.RestaurantApplication.51 - Running with Spring Boot v1.5.9.RELEASE, Spring v4.3.13.RELEASE
02-08-2019 11:56:38.089 [main] INFO  ampos.restaurant.RestaurantApplication.593 - No active profile set, falling back to default profiles: default
02-08-2019 11:57:06.856 [main] INFO  ampos.restaurant.RestaurantApplication.48 - Starting RestaurantApplication on ubuntu19 with PID 11993 (/home/ubuntu19/Desktop/AMOP/restaurant/restaurant/target/classes started by ubuntu19 in /home/ubuntu19/Desktop/AMOP/restaurant/restaurant)
02-08-2019 11:57:06.857 [main] DEBUG ampos.restaurant.RestaurantApplication.51 - Running with Spring Boot v1.5.9.RELEASE, Spring v4.3.13.RELEASE
02-08-2019 11:57:06.857 [main] INFO  ampos.restaurant.RestaurantApplication.593 - No active profile set, falling back to default profiles: default
02-08-2019 11:57:10.946 [main] INFO  ampos.restaurant.RestaurantApplication.57 - Started RestaurantApplication in 4.313 seconds (JVM running for 7.951)
02-08-2019 11:57:47.871 [main] INFO  ampos.restaurant.RestaurantApplication.48 - Starting RestaurantApplication on ubuntu19 with PID 12182 (/home/ubuntu19/Desktop/AMOP/restaurant/restaurant/target/classes started by ubuntu19 in /home/ubuntu19/Desktop/AMOP/restaurant/restaurant)
02-08-2019 11:57:47.872 [main] DEBUG ampos.restaurant.RestaurantApplication.51 - Running with Spring Boot v1.5.9.RELEASE, Spring v4.3.13.RELEASE
02-08-2019 11:57:47.872 [main] INFO  ampos.restaurant.RestaurantApplication.593 - No active profile set, falling back to default profiles: default
02-08-2019 11:59:19.691 [main] INFO  ampos.restaurant.RestaurantApplication.48 - Starting RestaurantApplication on ubuntu19 with PID 12336 (/home/ubuntu19/Desktop/AMOP/restaurant/restaurant/target/classes started by ubuntu19 in /home/ubuntu19/Desktop/AMOP/restaurant/restaurant)
02-08-2019 11:59:19.693 [main] DEBUG ampos.restaurant.RestaurantApplication.51 - Running with Spring Boot v1.5.9.RELEASE, Spring v4.3.13.RELEASE
02-08-2019 11:59:19.694 [main] INFO  ampos.restaurant.RestaurantApplication.593 - No active profile set, falling back to default profiles: default
02-08-2019 11:59:24.449 [main] INFO  ampos.restaurant.RestaurantApplication.57 - Started RestaurantApplication in 5.004 seconds (JVM running for 8.906)
02-08-2019 12:34:22.019 [main] INFO  ampos.restaurant.RestaurantApplication.48 - Starting RestaurantApplication on ubuntu19 with PID 19789 (/home/ubuntu19/Desktop/AMOP/restaurant/restaurant/target/classes started by ubuntu19 in /home/ubuntu19/Desktop/AMOP/restaurant/restaurant)
02-08-2019 12:34:22.020 [main] DEBUG ampos.restaurant.RestaurantApplication.51 - Running with Spring Boot v1.5.9.RELEASE, Spring v4.3.13.RELEASE
02-08-2019 12:34:22.020 [main] INFO  ampos.restaurant.RestaurantApplication.593 - No active profile set, falling back to default profiles: default
02-08-2019 12:34:52.029 [main] INFO  ampos.restaurant.RestaurantApplication.48 - Starting RestaurantApplication on ubuntu19 with PID 19863 (/home/ubuntu19/Desktop/AMOP/restaurant/restaurant/target/classes started by ubuntu19 in /home/ubuntu19/Desktop/AMOP/restaurant/restaurant)
02-08-2019 12:34:52.029 [main] DEBUG ampos.restaurant.RestaurantApplication.51 - Running with Spring Boot v1.5.9.RELEASE, Spring v4.3.13.RELEASE
02-08-2019 12:34:52.030 [main] INFO  ampos.restaurant.RestaurantApplication.593 - No active profile set, falling back to default profiles: default
02-08-2019 12:39:31.473 [main] INFO  ampos.restaurant.RestaurantApplication.48 - Starting RestaurantApplication on ubuntu19 with PID 21111 (/home/ubuntu19/Desktop/AMOP/restaurant/restaurant/target/classes started by ubuntu19 in /home/ubuntu19/Desktop/AMOP/restaurant/restaurant)
02-08-2019 12:39:31.473 [main] DEBUG ampos.restaurant.RestaurantApplication.51 - Running with Spring Boot v1.5.9.RELEASE, Spring v4.3.13.RELEASE
02-08-2019 12:39:31.474 [main] INFO  ampos.restaurant.RestaurantApplication.593 - No active profile set, falling back to default profiles: default
02-08-2019 12:39:49.895 [main] INFO  ampos.restaurant.RestaurantApplication.48 - Starting RestaurantApplication on ubuntu19 with PID 21177 (/home/ubuntu19/Desktop/AMOP/restaurant/restaurant/target/classes started by ubuntu19 in /home/ubuntu19/Desktop/AMOP/restaurant/restaurant)
02-08-2019 12:39:49.896 [main] DEBUG ampos.restaurant.RestaurantApplication.51 - Running with Spring Boot v1.5.9.RELEASE, Spring v4.3.13.RELEASE
02-08-2019 12:39:49.896 [main] INFO  ampos.restaurant.RestaurantApplication.593 - No active profile set, falling back to default profiles: default
02-08-2019 12:39:54.450 [main] INFO  ampos.restaurant.RestaurantApplication.57 - Started RestaurantApplication in 4.752 seconds (JVM running for 8.397)
02-08-2019 12:45:54.554 [http-nio-8282-exec-2] DEBUG MenuMgmtController.74 - Getting list menu menuItems....
02-08-2019 12:45:59.382 [http-nio-8282-exec-4] DEBUG MenuMgmtController.59 - Getting menu menuItem....
02-08-2019 13:07:34.152 [main] INFO  ampos.restaurant.RestaurantApplication.48 - Starting RestaurantApplication on ubuntu19 with PID 27816 (/home/ubuntu19/Desktop/AMOP/restaurant/restaurant/target/classes started by ubuntu19 in /home/ubuntu19/Desktop/AMOP/restaurant/restaurant)
02-08-2019 13:07:34.153 [main] DEBUG ampos.restaurant.RestaurantApplication.51 - Running with Spring Boot v1.5.9.RELEASE, Spring v4.3.13.RELEASE
02-08-2019 13:07:34.154 [main] INFO  ampos.restaurant.RestaurantApplication.593 - No active profile set, falling back to default profiles: default
02-08-2019 13:07:38.895 [main] INFO  ampos.restaurant.RestaurantApplication.57 - Started RestaurantApplication in 4.999 seconds (JVM running for 9.739)
02-08-2019 13:07:41.226 [http-nio-8282-exec-2] DEBUG MenuMgmtController.59 - Getting menu menuItem....
02-08-2019 13:41:43.238 [main] INFO  ampos.restaurant.RestaurantApplication.48 - Starting RestaurantApplication on ubuntu19 with PID 9669 (/home/ubuntu19/Desktop/AMOP/restaurant/restaurant/target/classes started by ubuntu19 in /home/ubuntu19/Desktop/AMOP/restaurant/restaurant)
02-08-2019 13:41:43.347 [main] DEBUG ampos.restaurant.RestaurantApplication.51 - Running with Spring Boot v1.5.9.RELEASE, Spring v4.3.13.RELEASE
02-08-2019 13:41:43.347 [main] INFO  ampos.restaurant.RestaurantApplication.593 - No active profile set, falling back to default profiles: default
02-08-2019 13:42:19.634 [main] INFO  ampos.restaurant.RestaurantApplication.57 - Started RestaurantApplication in 45.416 seconds (JVM running for 117.228)
02-08-2019 13:42:51.069 [main] INFO  ampos.restaurant.RestaurantApplication.48 - Starting RestaurantApplication on ubuntu19 with PID 10023 (/home/ubuntu19/Desktop/AMOP/restaurant/restaurant/target/classes started by ubuntu19 in /home/ubuntu19/Desktop/AMOP/restaurant/restaurant)
02-08-2019 13:42:51.070 [main] DEBUG ampos.restaurant.RestaurantApplication.51 - Running with Spring Boot v1.5.9.RELEASE, Spring v4.3.13.RELEASE
02-08-2019 13:42:51.070 [main] INFO  ampos.restaurant.RestaurantApplication.593 - No active profile set, falling back to default profiles: default
02-08-2019 13:42:54.304 [main] INFO  ampos.restaurant.RestaurantApplication.57 - Started RestaurantApplication in 3.392 seconds (JVM running for 6.383)
02-08-2019 13:43:11.404 [http-nio-8282-exec-1] DEBUG MenuMgmtController.74 - Getting list menu menuItems....
02-08-2019 15:05:21.025 [http-nio-8282-exec-4] DEBUG MenuMgmtController.74 - Getting list menu menuItems....
02-08-2019 15:05:36.294 [http-nio-8282-exec-5] DEBUG MenuMgmtController.74 - Getting list menu menuItems....
02-08-2019 17:13:37.225 [main] INFO  ampos.restaurant.RestaurantApplication.48 - Starting RestaurantApplication on ubuntu19 with PID 28053 (/home/ubuntu19/Desktop/AMOP/restaurant/restaurant/target/classes started by ubuntu19 in /home/ubuntu19/Desktop/AMOP/restaurant/restaurant)
02-08-2019 17:13:37.226 [main] DEBUG ampos.restaurant.RestaurantApplication.51 - Running with Spring Boot v1.5.9.RELEASE, Spring v4.3.13.RELEASE
02-08-2019 17:13:37.227 [main] INFO  ampos.restaurant.RestaurantApplication.593 - No active profile set, falling back to default profiles: default
02-08-2019 17:13:40.649 [main] INFO  ampos.restaurant.RestaurantApplication.57 - Started RestaurantApplication in 3.602 seconds (JVM running for 6.424)
02-08-2019 18:07:36.878 [main] INFO  ampos.restaurant.RestaurantApplication.48 - Starting RestaurantApplication on ubuntu19 with PID 10071 (/home/ubuntu19/Desktop/AMOP/restaurant/restaurant/target/classes started by ubuntu19 in /home/ubuntu19/Desktop/AMOP/restaurant/restaurant)
02-08-2019 18:07:36.879 [main] DEBUG ampos.restaurant.RestaurantApplication.51 - Running with Spring Boot v1.5.9.RELEASE, Spring v4.3.13.RELEASE
02-08-2019 18:07:36.879 [main] INFO  ampos.restaurant.RestaurantApplication.593 - No active profile set, falling back to default profiles: default
02-08-2019 18:08:25.413 [main] INFO  ampos.restaurant.RestaurantApplication.48 - Starting RestaurantApplication on ubuntu19 with PID 10168 (/home/ubuntu19/Desktop/AMOP/restaurant/restaurant/target/classes started by ubuntu19 in /home/ubuntu19/Desktop/AMOP/restaurant/restaurant)
02-08-2019 18:08:25.414 [main] DEBUG ampos.restaurant.RestaurantApplication.51 - Running with Spring Boot v1.5.9.RELEASE, Spring v4.3.13.RELEASE
02-08-2019 18:08:25.414 [main] INFO  ampos.restaurant.RestaurantApplication.593 - No active profile set, falling back to default profiles: default
02-08-2019 18:08:28.997 [main] INFO  ampos.restaurant.RestaurantApplication.57 - Started RestaurantApplication in 3.745 seconds (JVM running for 6.733)
02-08-2019 18:08:37.198 [http-nio-9080-exec-1] DEBUG MenuMgmtController.82 - Getting list menu menuItems....
02-08-2019 18:08:52.702 [http-nio-9080-exec-3] DEBUG MenuMgmtController.82 - Getting list menu menuItems....
02-08-2019 18:17:07.957 [main] INFO  ampos.restaurant.RestaurantApplication.48 - Starting RestaurantApplication on ubuntu19 with PID 12937 (/home/ubuntu19/Desktop/AMOP/restaurant/restaurant/target/classes started by ubuntu19 in /home/ubuntu19/Desktop/AMOP/restaurant/restaurant)
02-08-2019 18:17:07.958 [main] DEBUG ampos.restaurant.RestaurantApplication.51 - Running with Spring Boot v1.5.9.RELEASE, Spring v4.3.13.RELEASE
02-08-2019 18:17:07.959 [main] INFO  ampos.restaurant.RestaurantApplication.593 - No active profile set, falling back to default profiles: default
02-08-2019 18:17:11.918 [main] INFO  ampos.restaurant.RestaurantApplication.57 - Started RestaurantApplication in 4.131 seconds (JVM running for 7.414)
02-08-2019 18:17:42.014 [http-nio-9080-exec-5] DEBUG MenuMgmtController.82 - Getting list menu menuItems....
02-08-2019 18:18:22.047 [main] INFO  ampos.restaurant.RestaurantApplication.48 - Starting RestaurantApplication on ubuntu19 with PID 13302 (/home/ubuntu19/Desktop/AMOP/restaurant/restaurant/target/classes started by ubuntu19 in /home/ubuntu19/Desktop/AMOP/restaurant/restaurant)
02-08-2019 18:18:22.051 [main] DEBUG ampos.restaurant.RestaurantApplication.51 - Running with Spring Boot v1.5.9.RELEASE, Spring v4.3.13.RELEASE
02-08-2019 18:18:22.051 [main] INFO  ampos.restaurant.RestaurantApplication.593 - No active profile set, falling back to default profiles: default
02-08-2019 18:18:26.158 [main] INFO  ampos.restaurant.RestaurantApplication.57 - Started RestaurantApplication in 4.334 seconds (JVM running for 7.605)
02-08-2019 18:30:11.609 [http-nio-9080-exec-1] DEBUG MenuMgmtController.82 - Getting list menu menuItems....
02-08-2019 18:30:17.656 [http-nio-9080-exec-2] DEBUG MenuMgmtController.82 - Getting list menu menuItems....
02-08-2019 18:30:53.199 [http-nio-9080-exec-4] DEBUG MenuMgmtController.82 - Getting list menu menuItems....
02-08-2019 18:31:01.610 [http-nio-9080-exec-3] DEBUG MenuMgmtController.82 - Getting list menu menuItems....
02-08-2019 18:32:16.946 [main] INFO  ampos.restaurant.RestaurantApplication.48 - Starting RestaurantApplication on ubuntu19 with PID 16984 (/home/ubuntu19/Desktop/AMOP/restaurant/restaurant/target/classes started by ubuntu19 in /home/ubuntu19/Desktop/AMOP/restaurant/restaurant)
02-08-2019 18:32:16.947 [main] DEBUG ampos.restaurant.RestaurantApplication.51 - Running with Spring Boot v1.5.9.RELEASE, Spring v4.3.13.RELEASE
02-08-2019 18:32:16.947 [main] INFO  ampos.restaurant.RestaurantApplication.593 - No active profile set, falling back to default profiles: default
02-08-2019 18:32:21.208 [main] INFO  ampos.restaurant.RestaurantApplication.57 - Started RestaurantApplication in 4.469 seconds (JVM running for 5.061)
02-08-2019 18:33:01.988 [http-nio-9080-exec-2] DEBUG MenuMgmtController.82 - Getting list menu menuItems....
02-08-2019 18:35:06.074 [main] INFO  ampos.restaurant.RestaurantApplication.48 - Starting RestaurantApplication on ubuntu19 with PID 17890 (/home/ubuntu19/Desktop/AMOP/restaurant/restaurant/target/classes started by ubuntu19 in /home/ubuntu19/Desktop/AMOP/restaurant/restaurant)
02-08-2019 18:35:06.076 [main] DEBUG ampos.restaurant.RestaurantApplication.51 - Running with Spring Boot v1.5.9.RELEASE, Spring v4.3.13.RELEASE
02-08-2019 18:35:06.076 [main] INFO  ampos.restaurant.RestaurantApplication.593 - No active profile set, falling back to default profiles: default
02-08-2019 18:35:11.131 [main] INFO  ampos.restaurant.RestaurantApplication.57 - Started RestaurantApplication in 5.329 seconds (JVM running for 5.831)
02-08-2019 18:35:16.238 [http-nio-9080-exec-1] DEBUG MenuMgmtController.82 - Getting list menu menuItems....
02-08-2019 18:35:20.905 [http-nio-9080-exec-2] DEBUG MenuMgmtController.82 - Getting list menu menuItems....
02-08-2019 18:37:37.114 [main] INFO  ampos.restaurant.RestaurantApplication.48 - Starting RestaurantApplication on ubuntu19 with PID 18707 (/home/ubuntu19/Desktop/AMOP/restaurant/restaurant/target/classes started by ubuntu19 in /home/ubuntu19/Desktop/AMOP/restaurant/restaurant)
02-08-2019 18:37:37.114 [main] DEBUG ampos.restaurant.RestaurantApplication.51 - Running with Spring Boot v1.5.9.RELEASE, Spring v4.3.13.RELEASE
02-08-2019 18:37:37.115 [main] INFO  ampos.restaurant.RestaurantApplication.593 - No active profile set, falling back to default profiles: default
02-08-2019 18:37:40.784 [main] INFO  ampos.restaurant.RestaurantApplication.57 - Started RestaurantApplication in 3.867 seconds (JVM running for 4.357)
02-08-2019 18:37:45.262 [http-nio-9080-exec-1] DEBUG MenuMgmtController.82 - Getting list menu menuItems....
02-08-2019 18:38:11.498 [http-nio-9080-exec-2] DEBUG MenuMgmtController.82 - Getting list menu menuItems....
02-08-2019 18:39:40.511 [main] INFO  ampos.restaurant.RestaurantApplication.48 - Starting RestaurantApplication on ubuntu19 with PID 19171 (/home/ubuntu19/Desktop/AMOP/restaurant/restaurant/target/classes started by ubuntu19 in /home/ubuntu19/Desktop/AMOP/restaurant/restaurant)
02-08-2019 18:39:40.511 [main] DEBUG ampos.restaurant.RestaurantApplication.51 - Running with Spring Boot v1.5.9.RELEASE, Spring v4.3.13.RELEASE
02-08-2019 18:39:40.512 [main] INFO  ampos.restaurant.RestaurantApplication.593 - No active profile set, falling back to default profiles: default
02-08-2019 18:39:44.357 [main] INFO  ampos.restaurant.RestaurantApplication.57 - Started RestaurantApplication in 4.041 seconds (JVM running for 4.504)
02-08-2019 18:39:46.402 [http-nio-9080-exec-1] DEBUG MenuMgmtController.82 - Getting list menu menuItems....
02-08-2019 18:40:08.733 [http-nio-9080-exec-2] DEBUG MenuMgmtController.82 - Getting list menu menuItems....
02-08-2019 18:40:21.416 [http-nio-9080-exec-3] DEBUG MenuMgmtController.82 - Getting list menu menuItems....
02-08-2019 18:41:12.431 [http-nio-9080-exec-4] DEBUG MenuMgmtController.82 - Getting list menu menuItems....
02-08-2019 18:42:32.542 [main] INFO  ampos.restaurant.RestaurantApplication.48 - Starting RestaurantApplication on ubuntu19 with PID 20473 (/home/ubuntu19/Desktop/AMOP/restaurant/restaurant/target/classes started by ubuntu19 in /home/ubuntu19/Desktop/AMOP/restaurant/restaurant)
02-08-2019 18:42:32.543 [main] DEBUG ampos.restaurant.RestaurantApplication.51 - Running with Spring Boot v1.5.9.RELEASE, Spring v4.3.13.RELEASE
02-08-2019 18:42:32.544 [main] INFO  ampos.restaurant.RestaurantApplication.593 - No active profile set, falling back to default profiles: default
02-08-2019 18:42:36.590 [main] INFO  ampos.restaurant.RestaurantApplication.57 - Started RestaurantApplication in 4.244 seconds (JVM running for 4.72)
02-08-2019 18:42:38.074 [http-nio-9080-exec-1] DEBUG MenuMgmtController.82 - Getting list menu menuItems....
02-08-2019 18:42:43.285 [http-nio-9080-exec-2] DEBUG MenuMgmtController.82 - Getting list menu menuItems....
